2024-10-09 *** 09:17:00 LogWrapper init() ./logs/AUDCAD.log
2024-10-09 *** 09:17:00 AUDCAD
2024-10-09 *** 09:19:19 Adding work : {'instrument': 'AUDCAD', 'ask': 0.92005, 'bid': 0.91986, 'time': datetime.datetime(2024, 10, 9, 11, 19, 13, 436000)}
2024-10-09 *** 09:19:21                    time     open     high      low    close  tick_volume  spread  real_volume    mid_h    mid_l    mid_c    mid_o    ask_h    ask_l    ask_c    ask_o    bid_h    bid_l    bid_c    bid_o
0   2024-10-08 16:55:00  0.91828  0.91889  0.91828  0.91885          424      14            0  0.91889  0.91828  0.91885  0.91828  0.92029  0.91968  0.92025  0.91968  0.91749  0.91688  0.91745  0.91688
1   2024-10-08 17:00:00  0.91887  0.91928  0.91887  0.91926          445      14            0  0.91928  0.91887  0.91926  0.91887  0.92068  0.92027  0.92066  0.92027  0.91788  0.91747  0.91786  0.91747
2   2024-10-08 17:05:00  0.91924  0.91961  0.91915  0.91957          406      14            0  0.91961  0.91915  0.91957  0.91924  0.92101  0.92055  0.92097  0.92064  0.91821  0.91775  0.91817  0.91784
3   2024-10-08 17:10:00  0.91956  0.91959  0.91911  0.91932          334      14            0  0.91959  0.91911  0.91932  0.91956  0.92099  0.92051  0.92072  0.92096  0.91819  0.91771  0.91792  0.91816
4   2024-10-08 17:15:00  0.91933  0.91972  0.91923  0.91972          408      14            0  0.91972  0.91923  0.91972  0.91933  0.92112  0.92063  0.92112  0.92073  0.91832  0.91783  0.91832  0.91793
..                  ...      ...      ...      ...      ...          ...     ...          ...      ...      ...      ...      ...      ...      ...      ...      ...      ...      ...      ...      ...
214 2024-10-09 10:50:00  0.91980  0.91987  0.91967  0.91981          246      16            0  0.91987  0.91967  0.91981  0.91980  0.92147  0.92127  0.92141  0.92140  0.91827  0.91807  0.91821  0.91820
215 2024-10-09 10:55:00  0.91981  0.92010  0.91977  0.91996          183      17            0  0.92010  0.91977  0.91996  0.91981  0.92180  0.92147  0.92166  0.92151  0.91840  0.91807  0.91826  0.91811
216 2024-10-09 11:00:00  0.91995  0.92004  0.91972  0.91993          271      17            0  0.92004  0.91972  0.91993  0.91995  0.92174  0.92142  0.92163  0.92165  0.91834  0.91802  0.91823  0.91825
217 2024-10-09 11:05:00  0.91991  0.92003  0.91973  0.91983          310      17            0  0.92003  0.91973  0.91983  0.91991  0.92173  0.92143  0.92153  0.92161  0.91833  0.91803  0.91813  0.91821
218 2024-10-09 11:10:00  0.91984  0.92024  0.91978  0.92008          204      16            0  0.92024  0.91978  0.92008  0.91984  0.92184  0.92138  0.92168  0.92144  0.91864  0.91818  0.91848  0.91824

[219 rows x 20 columns]
2024-10-09 *** 09:19:22 process_candles:
       PAIR                time    mid_c    mid_o     BB_UP     BB_MA     BB_LW   SL   TP  SPREAD      GAIN     LOSS  SIGNAL
214  AUDCAD 2024-10-09 10:50:00  0.91981  0.91980  0.919971  0.919513  0.919056  0.0  0.0  0.0016  0.000593  0.91981       0
215  AUDCAD 2024-10-09 10:55:00  0.91996  0.91981  0.920089  0.919568  0.919047  0.0  0.0  0.0017  0.000783  0.91996       0
216  AUDCAD 2024-10-09 11:00:00  0.91993  0.91995  0.920082  0.919649  0.919217  0.0  0.0  0.0017  0.000561  0.91993       0
217  AUDCAD 2024-10-09 11:05:00  0.91983  0.91991  0.920114  0.919693  0.919272  0.0  0.0  0.0017  0.000274  0.91983       0
218  AUDCAD 2024-10-09 11:10:00  0.92008  0.91984  0.920189  0.919749  0.919308  0.0  0.0  0.0016  0.000663  0.92008       0
