2024-10-09 *** 09:17:00 LogWrapper init() ./logs/AUDUSD.log
2024-10-09 *** 09:17:00 AUDUSD
2024-10-09 *** 09:19:10 Adding work : {'instrument': 'AUDUSD', 'ask': 0.673, 'bid': 0.67282, 'time': datetime.datetime(2024, 10, 9, 11, 19, 1, 628000)}
2024-10-09 *** 09:19:14                    time     open     high      low    close  tick_volume  spread  real_volume    mid_h    mid_l    mid_c    mid_o    ask_h    ask_l    ask_c    ask_o    bid_h    bid_l    bid_c    bid_o
0   2024-10-08 16:55:00  0.67246  0.67301  0.67241  0.67297          304      15            0  0.67301  0.67241  0.67297  0.67246  0.67451  0.67391  0.67447  0.67396  0.67151  0.67091  0.67147  0.67096
1   2024-10-08 17:00:00  0.67296  0.67350  0.67296  0.67347          282      15            0  0.67350  0.67296  0.67347  0.67296  0.67500  0.67446  0.67497  0.67446  0.67200  0.67146  0.67197  0.67146
2   2024-10-08 17:05:00  0.67348  0.67365  0.67321  0.67358          386      15            0  0.67365  0.67321  0.67358  0.67348  0.67515  0.67471  0.67508  0.67498  0.67215  0.67171  0.67208  0.67198
3   2024-10-08 17:10:00  0.67358  0.67361  0.67312  0.67323          328      14            0  0.67361  0.67312  0.67323  0.67358  0.67501  0.67452  0.67463  0.67498  0.67221  0.67172  0.67183  0.67218
4   2024-10-08 17:15:00  0.67323  0.67352  0.67308  0.67351          325      15            0  0.67352  0.67308  0.67351  0.67323  0.67502  0.67458  0.67501  0.67473  0.67202  0.67158  0.67201  0.67173
..                  ...      ...      ...      ...      ...          ...     ...          ...      ...      ...      ...      ...      ...      ...      ...      ...      ...      ...      ...      ...
214 2024-10-09 10:50:00  0.67294  0.67300  0.67279  0.67287          233      15            0  0.67300  0.67279  0.67287  0.67294  0.67450  0.67429  0.67437  0.67444  0.67150  0.67129  0.67137  0.67144
215 2024-10-09 10:55:00  0.67287  0.67312  0.67285  0.67301          215      16            0  0.67312  0.67285  0.67301  0.67287  0.67472  0.67445  0.67461  0.67447  0.67152  0.67125  0.67141  0.67127
216 2024-10-09 11:00:00  0.67302  0.67305  0.67278  0.67293          299      17            0  0.67305  0.67278  0.67293  0.67302  0.67475  0.67448  0.67463  0.67472  0.67135  0.67108  0.67123  0.67132
217 2024-10-09 11:05:00  0.67294  0.67305  0.67278  0.67285          172      16            0  0.67305  0.67278  0.67285  0.67294  0.67465  0.67438  0.67445  0.67454  0.67145  0.67118  0.67125  0.67134
218 2024-10-09 11:10:00  0.67286  0.67325  0.67283  0.67305          242      16            0  0.67325  0.67283  0.67305  0.67286  0.67485  0.67443  0.67465  0.67446  0.67165  0.67123  0.67145  0.67126

[219 rows x 20 columns]
2024-10-09 *** 09:19:14 process_candles:
       PAIR                time    mid_c    mid_o     BB_UP     BB_MA     BB_LW   SL   TP  SPREAD      GAIN     LOSS  SIGNAL
214  AUDUSD 2024-10-09 10:50:00  0.67287  0.67294  0.673168  0.672854  0.672539  0.0  0.0  0.0015  0.000033  0.67287       0
215  AUDUSD 2024-10-09 10:55:00  0.67301  0.67287  0.673196  0.672870  0.672544  0.0  0.0  0.0016  0.000280  0.67301       0
216  AUDUSD 2024-10-09 11:00:00  0.67293  0.67302  0.673103  0.672913  0.672722  0.0  0.0  0.0017  0.000035  0.67293       0
217  AUDUSD 2024-10-09 11:05:00  0.67285  0.67294  0.673102  0.672919  0.672736  0.0  0.0  0.0016  0.000137  0.67285       0
218  AUDUSD 2024-10-09 11:10:00  0.67305  0.67286  0.673131  0.672932  0.672733  0.0  0.0  0.0016  0.000237  0.67305       0
