2024-10-09 *** 09:17:00 LogWrapper init() ./logs/CADCHF.log
2024-10-09 *** 09:17:00 CADCHF
2024-10-09 *** 09:17:35 CADCHF ticket id:690186243 is now being monitored
2024-10-09 *** 09:17:50 CADCHF ticket id:690186298 is now being monitored
2024-10-09 *** 09:18:03 CADCHF ticket id:690186403 is now being monitored
2024-10-09 *** 09:19:27 Adding work : {'instrument': 'CADCHF', 'ask': 0.62685, 'bid': 0.62671, 'time': datetime.datetime(2024, 10, 9, 11, 19, 20, 987000)}
2024-10-09 *** 09:19:31                    time     open     high      low    close  tick_volume  spread  real_volume    mid_h    mid_l    mid_c    mid_o    ask_h    ask_l    ask_c    ask_o    bid_h    bid_l    bid_c    bid_o
0   2024-10-08 16:50:00  0.62716  0.62751  0.62703  0.62745          371      12            0  0.62751  0.62703  0.62745  0.62716  0.62871  0.62823  0.62865  0.62836  0.62631  0.62583  0.62625  0.62596
1   2024-10-08 16:55:00  0.62745  0.62754  0.62736  0.62753          457      12            0  0.62754  0.62736  0.62753  0.62745  0.62874  0.62856  0.62873  0.62865  0.62634  0.62616  0.62633  0.62625
2   2024-10-08 17:00:00  0.62754  0.62788  0.62748  0.62766          415      12            0  0.62788  0.62748  0.62766  0.62754  0.62908  0.62868  0.62886  0.62874  0.62668  0.62628  0.62646  0.62634
3   2024-10-08 17:05:00  0.62766  0.62767  0.62730  0.62744          389      12            0  0.62767  0.62730  0.62744  0.62766  0.62887  0.62850  0.62864  0.62886  0.62647  0.62610  0.62624  0.62646
4   2024-10-08 17:10:00  0.62744  0.62744  0.62710  0.62723          328      12            0  0.62744  0.62710  0.62723  0.62744  0.62864  0.62830  0.62843  0.62864  0.62624  0.62590  0.62603  0.62624
..                  ...      ...      ...      ...      ...          ...     ...          ...      ...      ...      ...      ...      ...      ...      ...      ...      ...      ...      ...      ...
214 2024-10-09 10:50:00  0.62694  0.62705  0.62688  0.62699          264      12            0  0.62705  0.62688  0.62699  0.62694  0.62825  0.62808  0.62819  0.62814  0.62585  0.62568  0.62579  0.62574
215 2024-10-09 10:55:00  0.62699  0.62708  0.62689  0.62704          106      15            0  0.62708  0.62689  0.62704  0.62699  0.62858  0.62839  0.62854  0.62849  0.62558  0.62539  0.62554  0.62549
216 2024-10-09 11:00:00  0.62705  0.62714  0.62695  0.62698          178      12            0  0.62714  0.62695  0.62698  0.62705  0.62834  0.62815  0.62818  0.62825  0.62594  0.62575  0.62578  0.62585
217 2024-10-09 11:05:00  0.62697  0.62697  0.62661  0.62662          204      12            0  0.62697  0.62661  0.62662  0.62697  0.62817  0.62781  0.62782  0.62817  0.62577  0.62541  0.62542  0.62577
218 2024-10-09 11:10:00  0.62662  0.62676  0.62661  0.62669          185      12            0  0.62676  0.62661  0.62669  0.62662  0.62796  0.62781  0.62789  0.62782  0.62556  0.62541  0.62549  0.62542

[219 rows x 20 columns]
2024-10-09 *** 09:19:31 process_candles:
       PAIR                time    mid_c    mid_o     BB_UP     BB_MA     BB_LW        SL        TP  SPREAD      GAIN      LOSS  SIGNAL
214  CADCHF 2024-10-09 10:50:00  0.62699  0.62694  0.627822  0.627293  0.626764  0.626929  0.627595  0.0012  0.000605  0.000061       1
215  CADCHF 2024-10-09 10:55:00  0.62704  0.62699  0.627735  0.627231  0.626728  0.000000  0.000000  0.0015  0.000383  0.627040       0
216  CADCHF 2024-10-09 11:00:00  0.62698  0.62705  0.627698  0.627194  0.626690  0.000000  0.000000  0.0012  0.000427  0.626980       0
217  CADCHF 2024-10-09 11:05:00  0.62662  0.62697  0.627616  0.627110  0.626605  0.626718  0.625639  0.0012  0.000981  0.000098      -1
218  CADCHF 2024-10-09 11:10:00  0.62669  0.62662  0.627459  0.627019  0.626580  0.626756  0.626031  0.0012  0.000659  0.000066      -1
2024-10-09 *** 09:19:31 CandleWorker CADCHF TradeDecision TradeDecision():0 CADCHF dir:-1 gain:0.0007 loss:0.0001 sl:0.6268  tp:0.6260
2024-10-09 *** 09:19:31 TradeWorker : TradeDecision():0 CADCHF dir:-1 gain:0.0007 loss:0.0001 sl:0.6268  tp:0.6260
2024-10-09 *** 09:19:53 Failed to place trade TradeDecision():0 CADCHF dir:-1 gain:0.0007 loss:0.0001 sl:0.6268  tp:0.6260, already open: (TradePosition(ticket=690186243, time=1728472221, time_msc=1728472221994, time_update=1728472221, time_update_msc=1728472221994, type=1, magic=12345, identifier=690186243, reason=3, volume=0.01, price_open=0.62664, sl=0.0, tp=0.0, price_current=0.62688, swap=0.0, profit=-0.28, symbol='CADCHF', comment='python script co', external_id=''), TradePosition(ticket=690186298, time=1728472231, time_msc=1728472231235, time_update=1728472231, time_update_msc=1728472231235, type=1, magic=1234, identifier=690186298, reason=3, volume=0.01, price_open=0.62668, sl=0.0, tp=0.0, price_current=0.62688, swap=0.0, profit=-0.23, symbol='CADCHF', comment='python script co', external_id=''), TradePosition(ticket=690186403, time=1728472252, time_msc=1728472252006, time_update=1728472252, time_update_msc=1728472252006, type=1, magic=123, identifier=690186403, reason=3, volume=0.01, price_open=0.6267, sl=0.0, tp=0.0, price_current=0.62688, swap=0.0, profit=-0.21, symbol='CADCHF', comment='python script co', external_id=''))
