2024-10-09 *** 09:17:00 LogWrapper init() ./logs/error.log
2024-10-09 *** 09:18:22 Exception in monitor profit: tuple index out of range
2024-10-09 *** 09:18:23 Exception in monitor profit: tuple index out of range
2024-10-09 *** 09:18:24 Exception in monitor profit: tuple index out of range
2024-10-09 *** 09:18:25 Exception in monitor profit: tuple index out of range
2024-10-09 *** 09:18:26 Exception in monitor profit: tuple index out of range
2024-10-09 *** 09:18:29 Exception in monitor profit: tuple index out of range
2024-10-09 *** 09:18:29 Exception in monitor profit: tuple index out of range
2024-10-09 *** 09:18:29 Exception in monitor profit: tuple index out of range
2024-10-09 *** 09:18:30 Exception in monitor profit: tuple index out of range
2024-10-09 *** 09:18:30 Exception in monitor profit: tuple index out of range
2024-10-09 *** 09:18:30 Exception in monitor profit: tuple index out of range
2024-10-09 *** 09:18:32 Exception in monitor profit: tuple index out of range
2024-10-09 *** 09:18:34 Exception in monitor profit: tuple index out of range
2024-10-09 *** 09:18:34 Exception in monitor profit: tuple index out of range
2024-10-09 *** 09:18:34 Exception in monitor profit: tuple index out of range
2024-10-09 *** 09:18:35 Exception in monitor profit: tuple index out of range
2024-10-09 *** 09:18:35 Exception in monitor profit: tuple index out of range
2024-10-09 *** 09:18:38 Exception in monitor profit: tuple index out of range
2024-10-09 *** 09:18:38 Exception in monitor profit: tuple index out of range
2024-10-09 *** 09:18:38 Exception in monitor profit: tuple index out of range
2024-10-09 *** 09:18:38 Exception in monitor profit: tuple index out of range
2024-10-09 *** 09:18:39 Exception in monitor profit: tuple index out of range
2024-10-09 *** 09:18:39 Exception in monitor profit: tuple index out of range
2024-10-09 *** 09:18:39 Exception in monitor profit: tuple index out of range
2024-10-09 *** 09:18:40 Exception in monitor profit: tuple index out of range
2024-10-09 *** 09:18:40 Exception in monitor profit: tuple index out of range
2024-10-09 *** 09:18:40 Exception in monitor profit: tuple index out of range
2024-10-09 *** 09:18:40 Exception in monitor profit: tuple index out of range
2024-10-09 *** 09:18:40 Exception in monitor profit: tuple index out of range
2024-10-09 *** 09:18:41 Exception in monitor profit: tuple index out of range
2024-10-09 *** 09:18:41 Exception in monitor profit: tuple index out of range
2024-10-09 *** 09:18:41 Exception in monitor profit: tuple index out of range
2024-10-09 *** 09:18:41 Exception in monitor profit: tuple index out of range
2024-10-09 *** 09:18:42 Exception in monitor profit: tuple index out of range
2024-10-09 *** 09:18:42 Exception in monitor profit: tuple index out of range
2024-10-09 *** 09:18:42 Exception in monitor profit: tuple index out of range
2024-10-09 *** 09:18:43 Exception in monitor profit: tuple index out of range
2024-10-09 *** 09:18:43 Exception in monitor profit: tuple index out of range
2024-10-09 *** 09:18:43 Exception in monitor profit: tuple index out of range
2024-10-09 *** 09:18:43 Exception in monitor profit: tuple index out of range
2024-10-09 *** 09:18:43 Exception in monitor profit: tuple index out of range
2024-10-09 *** 09:18:43 Exception in monitor profit: tuple index out of range
2024-10-09 *** 09:18:44 Exception in monitor profit: tuple index out of range
2024-10-09 *** 09:18:44 Exception in monitor profit: tuple index out of range
2024-10-09 *** 09:18:44 Exception in monitor profit: tuple index out of range
2024-10-09 *** 09:18:44 Exception in monitor profit: tuple index out of range
2024-10-09 *** 09:18:44 Exception in monitor profit: tuple index out of range
2024-10-09 *** 09:18:44 Exception in monitor profit: tuple index out of range
2024-10-09 *** 09:18:45 Exception in monitor profit: tuple index out of range
2024-10-09 *** 09:18:45 Exception in monitor profit: tuple index out of range
2024-10-09 *** 09:18:45 Exception in monitor profit: tuple index out of range
2024-10-09 *** 09:18:45 Exception in monitor profit: tuple index out of range
2024-10-09 *** 09:18:45 Exception in monitor profit: tuple index out of range
2024-10-09 *** 09:18:46 Exception in monitor profit: tuple index out of range
2024-10-09 *** 09:18:46 Exception in monitor profit: tuple index out of range
2024-10-09 *** 09:18:46 Exception in monitor profit: tuple index out of range
2024-10-09 *** 09:18:47 Exception in monitor profit: tuple index out of range
2024-10-09 *** 09:18:47 Exception in monitor profit: tuple index out of range
2024-10-09 *** 09:18:47 Exception in monitor profit: tuple index out of range
2024-10-09 *** 09:18:47 Exception in monitor profit: tuple index out of range
2024-10-09 *** 09:18:47 Exception in monitor profit: tuple index out of range
2024-10-09 *** 09:18:47 Exception in monitor profit: tuple index out of range
2024-10-09 *** 09:18:48 Exception in monitor profit: tuple index out of range
2024-10-09 *** 09:18:48 Exception in monitor profit: tuple index out of range
2024-10-09 *** 09:18:48 Exception in monitor profit: tuple index out of range
2024-10-09 *** 09:18:48 Exception in monitor profit: tuple index out of range
2024-10-09 *** 09:18:48 Exception in monitor profit: tuple index out of range
2024-10-09 *** 09:18:48 Exception in monitor profit: tuple index out of range
2024-10-09 *** 09:18:49 Exception in monitor profit: tuple index out of range
2024-10-09 *** 09:18:49 Exception in monitor profit: tuple index out of range
2024-10-09 *** 09:18:49 Exception in monitor profit: tuple index out of range
2024-10-09 *** 09:18:49 Exception in monitor profit: tuple index out of range
2024-10-09 *** 09:18:50 Exception in monitor profit: tuple index out of range
2024-10-09 *** 09:18:50 Exception in monitor profit: tuple index out of range
2024-10-09 *** 09:18:50 Exception in monitor profit: tuple index out of range
2024-10-09 *** 09:18:50 Exception in monitor profit: tuple index out of range
2024-10-09 *** 09:18:52 Exception in monitor profit: tuple index out of range
2024-10-09 *** 09:18:52 Exception in monitor profit: tuple index out of range
2024-10-09 *** 09:18:52 Exception in monitor profit: tuple index out of range
2024-10-09 *** 09:18:55 Exception in monitor profit: tuple index out of range
2024-10-09 *** 09:18:55 Exception in monitor profit: tuple index out of range
2024-10-09 *** 09:18:55 Exception in monitor profit: tuple index out of range
2024-10-09 *** 09:18:55 Exception in monitor profit: tuple index out of range
2024-10-09 *** 09:18:55 Exception in monitor profit: tuple index out of range
2024-10-09 *** 09:18:58 Exception in monitor profit: tuple index out of range
2024-10-09 *** 09:18:58 Exception in monitor profit: tuple index out of range
2024-10-09 *** 09:18:58 Exception in monitor profit: tuple index out of range
2024-10-09 *** 09:19:00 Exception in monitor profit: tuple index out of range
2024-10-09 *** 09:19:00 Exception in monitor profit: tuple index out of range
2024-10-09 *** 09:19:00 Exception in monitor profit: tuple index out of range
2024-10-09 *** 09:19:00 Exception in monitor profit: tuple index out of range
2024-10-09 *** 09:19:01 Exception in avenger: 'TradePosition' object has no attribute 'pair'

========= Remote Traceback (1) =========
Traceback (most recent call last):
  File "C:\Program Files (x86)\Python39-32\lib\site-packages\rpyc\core\protocol.py", line 324, in _dispatch_request
    res = self._HANDLERS[handler](self, *args)
  File "C:\Program Files (x86)\Python39-32\lib\site-packages\rpyc\core\protocol.py", line 608, in _handle_getattr
    return self._access_attr(obj, name, (), "_rpyc_getattr", "allow_getattr", getattr)
  File "C:\Program Files (x86)\Python39-32\lib\site-packages\rpyc\core\protocol.py", line 536, in _access_attr
    return accessor(obj, name, *args)
AttributeError: 'TradePosition' object has no attribute 'pair'

2024-10-09 *** 09:19:01 Exception in monitor profit: tuple index out of range
2024-10-09 *** 09:19:01 Exception in monitor profit: tuple index out of range
2024-10-09 *** 09:19:01 Exception in monitor profit: tuple index out of range
2024-10-09 *** 09:19:01 Exception in monitor profit: tuple index out of range
2024-10-09 *** 09:19:01 Exception in monitor profit: tuple index out of range
2024-10-09 *** 09:19:02 Exception in monitor profit: tuple index out of range
2024-10-09 *** 09:19:02 Exception in monitor profit: tuple index out of range
2024-10-09 *** 09:19:02 Exception in monitor profit: tuple index out of range
2024-10-09 *** 09:19:02 Exception in monitor profit: tuple index out of range
2024-10-09 *** 09:19:02 Exception in monitor profit: tuple index out of range
2024-10-09 *** 09:19:02 Exception in monitor profit: tuple index out of range
2024-10-09 *** 09:19:02 Exception in monitor profit: tuple index out of range
2024-10-09 *** 09:19:02 Exception in monitor profit: tuple index out of range
2024-10-09 *** 09:19:03 Exception in monitor profit: tuple index out of range
2024-10-09 *** 09:19:03 Exception in monitor profit: tuple index out of range
2024-10-09 *** 09:19:03 Exception in monitor profit: tuple index out of range
2024-10-09 *** 09:19:03 Exception in monitor profit: tuple index out of range
2024-10-09 *** 09:19:03 Exception in monitor profit: tuple index out of range
2024-10-09 *** 09:19:03 Exception in monitor profit: tuple index out of range
2024-10-09 *** 09:19:04 Exception in monitor profit: tuple index out of range
2024-10-09 *** 09:19:04 Exception in monitor profit: tuple index out of range
2024-10-09 *** 09:19:06 Exception in monitor profit: tuple index out of range
2024-10-09 *** 09:19:06 Exception in monitor profit: tuple index out of range
2024-10-09 *** 09:19:06 Exception in monitor profit: tuple index out of range
2024-10-09 *** 09:19:06 Exception in monitor profit: tuple index out of range
2024-10-09 *** 09:19:06 Exception in monitor profit: tuple index out of range
2024-10-09 *** 09:19:06 Exception in monitor profit: tuple index out of range
2024-10-09 *** 09:19:06 Exception in monitor profit: tuple index out of range
2024-10-09 *** 09:19:06 Exception in monitor profit: tuple index out of range
2024-10-09 *** 09:19:06 Exception in monitor profit: tuple index out of range
2024-10-09 *** 09:19:07 Exception in monitor profit: tuple index out of range
2024-10-09 *** 09:19:07 Exception in monitor profit: tuple index out of range
2024-10-09 *** 09:19:07 Exception in monitor profit: tuple index out of range
2024-10-09 *** 09:19:07 Exception in monitor profit: tuple index out of range
2024-10-09 *** 09:19:07 Exception in monitor profit: tuple index out of range
2024-10-09 *** 09:19:07 Exception in monitor profit: tuple index out of range
2024-10-09 *** 09:19:08 Exception in monitor profit: tuple index out of range
2024-10-09 *** 09:19:08 Exception in monitor profit: tuple index out of range
2024-10-09 *** 09:19:08 Exception in monitor profit: tuple index out of range
2024-10-09 *** 09:19:08 Exception in monitor profit: tuple index out of range
2024-10-09 *** 09:19:09 Exception in monitor profit: tuple index out of range
2024-10-09 *** 09:19:10 Exception in monitor profit: tuple index out of range
2024-10-09 *** 09:19:10 Exception in monitor profit: tuple index out of range
2024-10-09 *** 09:19:10 Exception in monitor profit: tuple index out of range
2024-10-09 *** 09:19:10 Exception in monitor profit: tuple index out of range
2024-10-09 *** 09:19:10 Exception in monitor profit: tuple index out of range
2024-10-09 *** 09:19:11 Exception in monitor profit: tuple index out of range
2024-10-09 *** 09:19:11 Exception in monitor profit: tuple index out of range
2024-10-09 *** 09:19:11 Exception in monitor profit: tuple index out of range
2024-10-09 *** 09:19:11 Exception in monitor profit: tuple index out of range
2024-10-09 *** 09:19:11 Exception in monitor profit: tuple index out of range
2024-10-09 *** 09:19:12 Exception in monitor profit: tuple index out of range
2024-10-09 *** 09:19:13 Exception in monitor profit: tuple index out of range
2024-10-09 *** 09:19:13 Exception in monitor profit: tuple index out of range
2024-10-09 *** 09:19:13 Exception in monitor profit: tuple index out of range
2024-10-09 *** 09:19:13 Exception in monitor profit: tuple index out of range
2024-10-09 *** 09:19:13 Exception in monitor profit: tuple index out of range
2024-10-09 *** 09:19:13 Exception in monitor profit: tuple index out of range
2024-10-09 *** 09:19:13 Exception in monitor profit: tuple index out of range
2024-10-09 *** 09:19:13 Exception in monitor profit: tuple index out of range
2024-10-09 *** 09:19:13 Exception in monitor profit: tuple index out of range
2024-10-09 *** 09:19:14 Exception in monitor profit: tuple index out of range
2024-10-09 *** 09:19:14 Exception in monitor profit: tuple index out of range
2024-10-09 *** 09:19:14 Exception in monitor profit: tuple index out of range
2024-10-09 *** 09:19:14 Exception in monitor profit: tuple index out of range
2024-10-09 *** 09:19:14 Exception in monitor profit: tuple index out of range
2024-10-09 *** 09:19:15 Exception in monitor profit: tuple index out of range
2024-10-09 *** 09:19:15 Exception in monitor profit: tuple index out of range
2024-10-09 *** 09:19:15 Exception in monitor profit: tuple index out of range
2024-10-09 *** 09:19:15 Exception in monitor profit: tuple index out of range
2024-10-09 *** 09:19:15 Exception in monitor profit: tuple index out of range
2024-10-09 *** 09:19:15 Exception in monitor profit: tuple index out of range
2024-10-09 *** 09:19:15 Exception in monitor profit: tuple index out of range
2024-10-09 *** 09:19:16 Exception in monitor profit: tuple index out of range
2024-10-09 *** 09:19:16 Exception in monitor profit: tuple index out of range
2024-10-09 *** 09:19:17 Exception in monitor profit: tuple index out of range
2024-10-09 *** 09:19:17 Exception in monitor profit: tuple index out of range
2024-10-09 *** 09:19:17 Exception in monitor profit: tuple index out of range
2024-10-09 *** 09:19:17 Exception in monitor profit: tuple index out of range
2024-10-09 *** 09:19:17 Exception in monitor profit: tuple index out of range
2024-10-09 *** 09:19:17 Exception in monitor profit: tuple index out of range
2024-10-09 *** 09:19:17 Exception in monitor profit: tuple index out of range
2024-10-09 *** 09:19:17 Exception in monitor profit: tuple index out of range
2024-10-09 *** 09:19:19 Exception in monitor profit: tuple index out of range
2024-10-09 *** 09:19:19 Exception in monitor profit: tuple index out of range
2024-10-09 *** 09:19:19 Exception in monitor profit: tuple index out of range
2024-10-09 *** 09:19:19 Exception in monitor profit: tuple index out of range
2024-10-09 *** 09:19:20 Exception in monitor profit: tuple index out of range
2024-10-09 *** 09:19:20 Exception in monitor profit: tuple index out of range
2024-10-09 *** 09:19:20 Exception in monitor profit: tuple index out of range
2024-10-09 *** 09:19:20 Exception in monitor profit: tuple index out of range
2024-10-09 *** 09:19:20 Exception in monitor profit: tuple index out of range
2024-10-09 *** 09:19:21 Exception in monitor profit: tuple index out of range
2024-10-09 *** 09:19:21 Exception in monitor profit: tuple index out of range
2024-10-09 *** 09:19:21 Exception in monitor profit: tuple index out of range
2024-10-09 *** 09:19:21 Exception in monitor profit: tuple index out of range
2024-10-09 *** 09:19:21 Exception in monitor profit: tuple index out of range
2024-10-09 *** 09:19:21 Exception in monitor profit: tuple index out of range
2024-10-09 *** 09:19:21 Exception in monitor profit: tuple index out of range
2024-10-09 *** 09:19:21 Exception in monitor profit: tuple index out of range
2024-10-09 *** 09:19:22 Exception in monitor profit: tuple index out of range
2024-10-09 *** 09:19:22 Exception in monitor profit: tuple index out of range
2024-10-09 *** 09:19:22 Exception in monitor profit: tuple index out of range
2024-10-09 *** 09:19:22 Exception in monitor profit: tuple index out of range
2024-10-09 *** 09:19:22 Exception in monitor profit: tuple index out of range
2024-10-09 *** 09:19:22 Exception in monitor profit: tuple index out of range
2024-10-09 *** 09:19:23 Exception in monitor profit: tuple index out of range
2024-10-09 *** 09:19:23 Exception in monitor profit: tuple index out of range
2024-10-09 *** 09:19:23 Exception in monitor profit: tuple index out of range
2024-10-09 *** 09:19:23 Exception in monitor profit: tuple index out of range
2024-10-09 *** 09:19:23 Exception in monitor profit: tuple index out of range
2024-10-09 *** 09:19:23 Exception in monitor profit: tuple index out of range
2024-10-09 *** 09:19:23 Exception in monitor profit: tuple index out of range
2024-10-09 *** 09:19:23 Exception in monitor profit: tuple index out of range
2024-10-09 *** 09:19:23 Exception in monitor profit: tuple index out of range
2024-10-09 *** 09:19:23 Exception in monitor profit: tuple index out of range
2024-10-09 *** 09:19:23 Exception in monitor profit: tuple index out of range
2024-10-09 *** 09:19:23 Exception in monitor profit: tuple index out of range
2024-10-09 *** 09:19:23 Exception in monitor profit: tuple index out of range
2024-10-09 *** 09:19:23 Exception in monitor profit: tuple index out of range
2024-10-09 *** 09:19:23 Exception in monitor profit: tuple index out of range
2024-10-09 *** 09:19:24 Exception in monitor profit: tuple index out of range
2024-10-09 *** 09:19:24 Exception in monitor profit: tuple index out of range
2024-10-09 *** 09:19:24 Exception in monitor profit: tuple index out of range
2024-10-09 *** 09:19:24 Exception in monitor profit: tuple index out of range
2024-10-09 *** 09:19:24 Exception in monitor profit: tuple index out of range
2024-10-09 *** 09:19:24 Exception in monitor profit: tuple index out of range
2024-10-09 *** 09:19:24 Exception in monitor profit: tuple index out of range
2024-10-09 *** 09:19:24 Exception in monitor profit: tuple index out of range
2024-10-09 *** 09:19:24 Exception in monitor profit: tuple index out of range
2024-10-09 *** 09:19:25 Exception in monitor profit: tuple index out of range
2024-10-09 *** 09:19:25 Exception in monitor profit: tuple index out of range
2024-10-09 *** 09:19:25 Exception in monitor profit: tuple index out of range
2024-10-09 *** 09:19:25 Exception in monitor profit: tuple index out of range
2024-10-09 *** 09:19:26 Exception in monitor profit: tuple index out of range
2024-10-09 *** 09:19:26 Exception in monitor profit: tuple index out of range
2024-10-09 *** 09:19:26 Exception in monitor profit: tuple index out of range
2024-10-09 *** 09:19:26 Exception in monitor profit: tuple index out of range
2024-10-09 *** 09:19:26 Exception in monitor profit: tuple index out of range
2024-10-09 *** 09:19:26 Exception in monitor profit: tuple index out of range
2024-10-09 *** 09:19:26 Exception in monitor profit: tuple index out of range
2024-10-09 *** 09:19:26 Exception in monitor profit: tuple index out of range
2024-10-09 *** 09:19:26 Exception in monitor profit: tuple index out of range
2024-10-09 *** 09:19:27 Exception in monitor profit: tuple index out of range
2024-10-09 *** 09:19:27 Exception in monitor profit: tuple index out of range
2024-10-09 *** 09:19:27 Exception in monitor profit: tuple index out of range
2024-10-09 *** 09:19:27 Exception in monitor profit: tuple index out of range
2024-10-09 *** 09:19:27 Exception in monitor profit: tuple index out of range
2024-10-09 *** 09:19:27 Exception in monitor profit: tuple index out of range
2024-10-09 *** 09:19:27 Exception in monitor profit: tuple index out of range
2024-10-09 *** 09:19:27 Exception in monitor profit: tuple index out of range
2024-10-09 *** 09:19:27 Exception in monitor profit: tuple index out of range
2024-10-09 *** 09:19:27 Exception in monitor profit: tuple index out of range
2024-10-09 *** 09:19:28 Exception in monitor profit: tuple index out of range
2024-10-09 *** 09:19:28 Exception in monitor profit: tuple index out of range
2024-10-09 *** 09:19:28 Exception in monitor profit: tuple index out of range
2024-10-09 *** 09:19:28 Exception in monitor profit: tuple index out of range
2024-10-09 *** 09:19:28 Exception in monitor profit: tuple index out of range
2024-10-09 *** 09:19:28 Exception in monitor profit: tuple index out of range
2024-10-09 *** 09:19:28 Exception in monitor profit: tuple index out of range
2024-10-09 *** 09:19:28 Exception in monitor profit: tuple index out of range
2024-10-09 *** 09:19:29 Exception in monitor profit: tuple index out of range
2024-10-09 *** 09:19:29 Exception in monitor profit: tuple index out of range
2024-10-09 *** 09:19:29 Exception in monitor profit: tuple index out of range
2024-10-09 *** 09:19:29 Exception in monitor profit: tuple index out of range
2024-10-09 *** 09:19:29 Exception in monitor profit: tuple index out of range
2024-10-09 *** 09:19:29 Exception in monitor profit: tuple index out of range
2024-10-09 *** 09:19:29 Exception in monitor profit: tuple index out of range
2024-10-09 *** 09:19:29 Exception in monitor profit: tuple index out of range
2024-10-09 *** 09:19:31 Exception in monitor profit: tuple index out of range
2024-10-09 *** 09:19:31 Exception in monitor profit: tuple index out of range
2024-10-09 *** 09:19:31 Exception in monitor profit: tuple index out of range
2024-10-09 *** 09:19:31 Exception in monitor profit: tuple index out of range
2024-10-09 *** 09:19:31 Exception in monitor profit: tuple index out of range
2024-10-09 *** 09:19:32 Exception in monitor profit: tuple index out of range
2024-10-09 *** 09:19:32 Exception in monitor profit: tuple index out of range
2024-10-09 *** 09:19:32 Exception in monitor profit: tuple index out of range
2024-10-09 *** 09:19:32 Exception in monitor profit: tuple index out of range
2024-10-09 *** 09:19:32 Exception in monitor profit: tuple index out of range
2024-10-09 *** 09:19:34 Exception in monitor profit: tuple index out of range
2024-10-09 *** 09:19:34 Exception in monitor profit: tuple index out of range
2024-10-09 *** 09:19:34 Exception in monitor profit: tuple index out of range
2024-10-09 *** 09:19:34 Exception in monitor profit: tuple index out of range
2024-10-09 *** 09:19:34 Exception in monitor profit: tuple index out of range
2024-10-09 *** 09:19:35 Exception in monitor profit: tuple index out of range
2024-10-09 *** 09:19:36 Exception in monitor profit: tuple index out of range
2024-10-09 *** 09:19:36 Exception in monitor profit: tuple index out of range
2024-10-09 *** 09:19:36 Exception in monitor profit: tuple index out of range
2024-10-09 *** 09:19:38 Exception in monitor profit: tuple index out of range
2024-10-09 *** 09:19:38 Exception in monitor profit: tuple index out of range
2024-10-09 *** 09:19:38 Exception in monitor profit: tuple index out of range
2024-10-09 *** 09:19:38 Exception in monitor profit: tuple index out of range
2024-10-09 *** 09:19:38 Exception in monitor profit: tuple index out of range
2024-10-09 *** 09:19:38 Exception in monitor profit: tuple index out of range
2024-10-09 *** 09:19:38 Exception in monitor profit: tuple index out of range
2024-10-09 *** 09:19:47 Exception in monitor profit: tuple index out of range
2024-10-09 *** 09:19:47 Exception in monitor profit: tuple index out of range
2024-10-09 *** 09:19:47 Exception in monitor profit: tuple index out of range
2024-10-09 *** 09:19:48 Exception in monitor profit: tuple index out of range
2024-10-09 *** 09:19:48 Exception in monitor profit: tuple index out of range
2024-10-09 *** 09:19:48 Exception in monitor profit: tuple index out of range
2024-10-09 *** 09:19:48 Exception in monitor profit: tuple index out of range
2024-10-09 *** 09:19:49 Exception in monitor profit: tuple index out of range
2024-10-09 *** 09:19:49 Exception in monitor profit: tuple index out of range
2024-10-09 *** 09:19:49 Exception in monitor profit: tuple index out of range
2024-10-09 *** 09:19:49 Exception in monitor profit: tuple index out of range
2024-10-09 *** 09:19:49 Exception in monitor profit: tuple index out of range
2024-10-09 *** 09:19:50 Exception in monitor profit: tuple index out of range
2024-10-09 *** 09:19:50 Exception in monitor profit: tuple index out of range
2024-10-09 *** 09:19:50 Exception in monitor profit: tuple index out of range
2024-10-09 *** 09:19:50 Exception in monitor profit: tuple index out of range
2024-10-09 *** 09:19:50 Exception in monitor profit: tuple index out of range
2024-10-09 *** 09:19:50 Exception in monitor profit: tuple index out of range
2024-10-09 *** 09:19:50 Exception in monitor profit: tuple index out of range
2024-10-09 *** 09:19:50 Exception in monitor profit: tuple index out of range
2024-10-09 *** 09:19:51 Exception in monitor profit: tuple index out of range
2024-10-09 *** 09:19:51 Exception in monitor profit: tuple index out of range
2024-10-09 *** 09:19:51 Exception in monitor profit: tuple index out of range
2024-10-09 *** 09:19:51 Exception in monitor profit: tuple index out of range
2024-10-09 *** 09:19:51 Exception in monitor profit: tuple index out of range
2024-10-09 *** 09:19:51 Exception in monitor profit: tuple index out of range
2024-10-09 *** 09:19:52 Exception in monitor profit: tuple index out of range
2024-10-09 *** 09:19:52 Exception in monitor profit: tuple index out of range
2024-10-09 *** 09:19:52 Exception in monitor profit: tuple index out of range
2024-10-09 *** 09:19:52 Exception in monitor profit: tuple index out of range
2024-10-09 *** 09:19:52 Exception in monitor profit: tuple index out of range
2024-10-09 *** 09:19:54 Exception in monitor profit: tuple index out of range
2024-10-09 *** 09:19:54 Exception in monitor profit: tuple index out of range
2024-10-09 *** 09:19:54 Exception in monitor profit: tuple index out of range
2024-10-09 *** 09:19:55 Exception in monitor profit: tuple index out of range
2024-10-09 *** 09:19:55 Exception in monitor profit: tuple index out of range
2024-10-09 *** 09:19:55 Exception in monitor profit: tuple index out of range
2024-10-09 *** 09:19:55 Exception in monitor profit: tuple index out of range
2024-10-09 *** 09:19:55 Exception in monitor profit: tuple index out of range
2024-10-09 *** 09:19:55 Exception in monitor profit: tuple index out of range
2024-10-09 *** 09:19:55 Exception in monitor profit: tuple index out of range
2024-10-09 *** 09:19:56 Exception in monitor profit: tuple index out of range
2024-10-09 *** 09:19:56 Exception in monitor profit: tuple index out of range
2024-10-09 *** 09:19:56 Exception in monitor profit: tuple index out of range
2024-10-09 *** 09:19:56 Exception in monitor profit: tuple index out of range
2024-10-09 *** 09:19:56 Exception in monitor profit: tuple index out of range
2024-10-09 *** 09:19:56 Exception in monitor profit: tuple index out of range
2024-10-09 *** 09:19:56 Exception in monitor profit: tuple index out of range
2024-10-09 *** 09:19:56 Exception in monitor profit: tuple index out of range
2024-10-09 *** 09:19:56 Exception in monitor profit: tuple index out of range
2024-10-09 *** 09:19:57 Exception in monitor profit: tuple index out of range
2024-10-09 *** 09:19:57 Exception in monitor profit: tuple index out of range
2024-10-09 *** 09:19:57 Exception in monitor profit: tuple index out of range
2024-10-09 *** 09:19:57 Exception in monitor profit: tuple index out of range
2024-10-09 *** 09:19:57 Exception in monitor profit: tuple index out of range
2024-10-09 *** 09:19:57 Exception in monitor profit: tuple index out of range
2024-10-09 *** 09:19:57 Exception in monitor profit: tuple index out of range
2024-10-09 *** 09:19:57 Exception in monitor profit: tuple index out of range
2024-10-09 *** 09:19:57 Exception in monitor profit: tuple index out of range
2024-10-09 *** 09:19:57 Exception in monitor profit: tuple index out of range
2024-10-09 *** 09:19:58 Exception in monitor profit: tuple index out of range
2024-10-09 *** 09:19:58 Exception in monitor profit: tuple index out of range
2024-10-09 *** 09:19:58 Exception in monitor profit: tuple index out of range
2024-10-09 *** 09:19:58 Exception in monitor profit: tuple index out of range
2024-10-09 *** 09:19:58 Exception in monitor profit: tuple index out of range
2024-10-09 *** 09:19:58 Exception in monitor profit: tuple index out of range
2024-10-09 *** 09:19:58 Exception in monitor profit: tuple index out of range
2024-10-09 *** 09:19:58 Exception in monitor profit: tuple index out of range
2024-10-09 *** 09:19:59 Exception in monitor profit: tuple index out of range
2024-10-09 *** 09:19:59 Exception in monitor profit: tuple index out of range
2024-10-09 *** 09:20:00 Exception in monitor profit: tuple index out of range
2024-10-09 *** 09:20:00 Exception in monitor profit: tuple index out of range
2024-10-09 *** 09:20:00 Exception in monitor profit: tuple index out of range
2024-10-09 *** 09:20:00 Exception in monitor profit: tuple index out of range
2024-10-09 *** 09:20:02 Exception in monitor profit: tuple index out of range
2024-10-09 *** 09:20:02 Exception in monitor profit: tuple index out of range
2024-10-09 *** 09:20:02 Exception in monitor profit: tuple index out of range
2024-10-09 *** 09:20:02 Exception in monitor profit: tuple index out of range
2024-10-09 *** 09:20:02 Exception in monitor profit: tuple index out of range
2024-10-09 *** 09:20:02 Exception in monitor profit: tuple index out of range
2024-10-09 *** 09:20:02 Exception in monitor profit: tuple index out of range
2024-10-09 *** 09:20:03 Exception in monitor profit: tuple index out of range
2024-10-09 *** 09:20:03 Exception in monitor profit: tuple index out of range
2024-10-09 *** 09:20:03 Exception in monitor profit: tuple index out of range
2024-10-09 *** 09:20:03 Exception in monitor profit: tuple index out of range
2024-10-09 *** 09:20:03 Exception in monitor profit: tuple index out of range
2024-10-09 *** 09:20:03 Exception in monitor profit: tuple index out of range
2024-10-09 *** 09:20:03 Exception in monitor profit: tuple index out of range
2024-10-09 *** 09:20:03 Exception in monitor profit: tuple index out of range
2024-10-09 *** 09:20:03 Exception in monitor profit: tuple index out of range
2024-10-09 *** 09:20:03 Exception in monitor profit: tuple index out of range
2024-10-09 *** 09:20:03 Exception in monitor profit: tuple index out of range
2024-10-09 *** 09:20:04 Exception in avenger: 'TradePosition' object has no attribute 'pair'

========= Remote Traceback (1) =========
Traceback (most recent call last):
  File "C:\Program Files (x86)\Python39-32\lib\site-packages\rpyc\core\protocol.py", line 324, in _dispatch_request
    res = self._HANDLERS[handler](self, *args)
  File "C:\Program Files (x86)\Python39-32\lib\site-packages\rpyc\core\protocol.py", line 608, in _handle_getattr
    return self._access_attr(obj, name, (), "_rpyc_getattr", "allow_getattr", getattr)
  File "C:\Program Files (x86)\Python39-32\lib\site-packages\rpyc\core\protocol.py", line 536, in _access_attr
    return accessor(obj, name, *args)
AttributeError: 'TradePosition' object has no attribute 'pair'

2024-10-09 *** 09:20:04 Exception in monitor profit: tuple index out of range
2024-10-09 *** 09:20:04 Exception in monitor profit: tuple index out of range
2024-10-09 *** 09:20:04 Exception in monitor profit: tuple index out of range
2024-10-09 *** 09:20:04 Exception in monitor profit: tuple index out of range
2024-10-09 *** 09:20:04 Exception in monitor profit: tuple index out of range
2024-10-09 *** 09:20:04 Exception in monitor profit: tuple index out of range
2024-10-09 *** 09:20:04 Exception in monitor profit: tuple index out of range
2024-10-09 *** 09:20:04 Exception in monitor profit: tuple index out of range
2024-10-09 *** 09:20:05 Exception in monitor profit: tuple index out of range
2024-10-09 *** 09:20:05 Exception in monitor profit: tuple index out of range
2024-10-09 *** 09:20:05 Exception in monitor profit: tuple index out of range
2024-10-09 *** 09:20:06 Exception in monitor profit: tuple index out of range
2024-10-09 *** 09:20:06 Exception in monitor profit: tuple index out of range
2024-10-09 *** 09:20:09 Exception in monitor profit: tuple index out of range
2024-10-09 *** 09:20:09 Exception in monitor profit: tuple index out of range
2024-10-09 *** 09:20:09 Exception in monitor profit: tuple index out of range
2024-10-09 *** 09:20:09 Exception in monitor profit: tuple index out of range
2024-10-09 *** 09:20:09 Exception in monitor profit: tuple index out of range
2024-10-09 *** 09:20:09 Exception in monitor profit: tuple index out of range
2024-10-09 *** 09:20:09 Exception in monitor profit: tuple index out of range
2024-10-09 *** 09:20:15 Exception in monitor profit: tuple index out of range
2024-10-09 *** 09:20:15 Exception in monitor profit: tuple index out of range
2024-10-09 *** 09:20:15 Exception in monitor profit: tuple index out of range
2024-10-09 *** 09:20:15 Exception in monitor profit: tuple index out of range
2024-10-09 *** 09:20:15 Exception in monitor profit: tuple index out of range
2024-10-09 *** 09:20:16 Exception in monitor profit: tuple index out of range
2024-10-09 *** 09:20:16 Exception in monitor profit: tuple index out of range
2024-10-09 *** 09:20:16 Exception in monitor profit: tuple index out of range
2024-10-09 *** 09:20:16 Exception in monitor profit: tuple index out of range
2024-10-09 *** 09:20:16 Exception in monitor profit: tuple index out of range
2024-10-09 *** 09:20:16 Exception in monitor profit: tuple index out of range
2024-10-09 *** 09:20:16 Exception in monitor profit: tuple index out of range
2024-10-09 *** 09:20:16 Exception in monitor profit: tuple index out of range
2024-10-09 *** 09:20:16 Exception in monitor profit: tuple index out of range
2024-10-09 *** 09:20:17 Exception in monitor profit: tuple index out of range
2024-10-09 *** 09:20:17 Exception in monitor profit: tuple index out of range
2024-10-09 *** 09:20:17 Exception in monitor profit: tuple index out of range
2024-10-09 *** 09:20:17 Exception in monitor profit: tuple index out of range
2024-10-09 *** 09:20:17 Exception in monitor profit: tuple index out of range
2024-10-09 *** 09:20:17 Exception in monitor profit: tuple index out of range
2024-10-09 *** 09:20:17 Exception in monitor profit: tuple index out of range
2024-10-09 *** 09:20:17 Exception in monitor profit: tuple index out of range
2024-10-09 *** 09:20:17 Exception in monitor profit: tuple index out of range
2024-10-09 *** 09:20:18 Exception in monitor profit: tuple index out of range
2024-10-09 *** 09:20:18 Exception in monitor profit: tuple index out of range
2024-10-09 *** 09:20:18 Exception in monitor profit: tuple index out of range
2024-10-09 *** 09:20:19 Exception in monitor profit: tuple index out of range
2024-10-09 *** 09:20:19 Exception in monitor profit: tuple index out of range
2024-10-09 *** 09:20:19 Exception in monitor profit: tuple index out of range
2024-10-09 *** 09:20:19 Exception in monitor profit: tuple index out of range
2024-10-09 *** 09:20:19 Exception in monitor profit: tuple index out of range
2024-10-09 *** 09:20:20 Exception in monitor profit: tuple index out of range
2024-10-09 *** 09:20:20 Exception in monitor profit: tuple index out of range
2024-10-09 *** 09:20:20 Exception in monitor profit: tuple index out of range
2024-10-09 *** 09:20:20 Exception in monitor profit: tuple index out of range
2024-10-09 *** 09:20:21 Exception in monitor profit: tuple index out of range
2024-10-09 *** 09:20:21 Exception in monitor profit: tuple index out of range
2024-10-09 *** 09:20:21 Exception in monitor profit: tuple index out of range
2024-10-09 *** 09:20:21 Exception in monitor profit: tuple index out of range
2024-10-09 *** 09:20:21 Exception in monitor profit: tuple index out of range
2024-10-09 *** 09:20:21 Exception in monitor profit: tuple index out of range
2024-10-09 *** 09:20:21 Exception in monitor profit: tuple index out of range
2024-10-09 *** 09:20:21 Exception in monitor profit: tuple index out of range
2024-10-09 *** 09:20:21 Exception in monitor profit: tuple index out of range
2024-10-09 *** 09:20:22 Exception in monitor profit: tuple index out of range
2024-10-09 *** 09:20:22 Exception in monitor profit: tuple index out of range
2024-10-09 *** 09:20:22 Exception in monitor profit: tuple index out of range
2024-10-09 *** 09:20:22 Exception in monitor profit: tuple index out of range
2024-10-09 *** 09:20:22 Exception in monitor profit: tuple index out of range
2024-10-09 *** 09:20:23 Exception in monitor profit: tuple index out of range
2024-10-09 *** 09:20:23 Exception in monitor profit: tuple index out of range
2024-10-09 *** 09:20:23 Exception in monitor profit: tuple index out of range
2024-10-09 *** 09:20:23 Exception in monitor profit: tuple index out of range
2024-10-09 *** 09:20:24 Exception in monitor profit: tuple index out of range
2024-10-09 *** 09:20:24 Exception in monitor profit: tuple index out of range
2024-10-09 *** 09:20:24 Exception in monitor profit: tuple index out of range
2024-10-09 *** 09:20:24 Exception in monitor profit: tuple index out of range
2024-10-09 *** 09:20:24 Exception in monitor profit: tuple index out of range
2024-10-09 *** 09:20:24 Exception in monitor profit: tuple index out of range
2024-10-09 *** 09:20:24 Exception in monitor profit: tuple index out of range
2024-10-09 *** 09:20:24 Exception in monitor profit: tuple index out of range
2024-10-09 *** 09:20:24 Exception in monitor profit: tuple index out of range
2024-10-09 *** 09:20:24 Exception in monitor profit: tuple index out of range
2024-10-09 *** 09:20:25 Exception in monitor profit: tuple index out of range
2024-10-09 *** 09:20:26 Exception in monitor profit: tuple index out of range
2024-10-09 *** 09:20:26 Exception in monitor profit: tuple index out of range
2024-10-09 *** 09:20:26 Exception in monitor profit: tuple index out of range
2024-10-09 *** 09:20:26 Exception in monitor profit: tuple index out of range
2024-10-09 *** 09:20:26 Exception in monitor profit: tuple index out of range
2024-10-09 *** 09:20:26 Exception in monitor profit: tuple index out of range
2024-10-09 *** 09:20:26 Exception in monitor profit: tuple index out of range
2024-10-09 *** 09:20:27 Exception in monitor profit: tuple index out of range
2024-10-09 *** 09:20:27 Exception in monitor profit: tuple index out of range
2024-10-09 *** 09:20:28 Exception in monitor profit: tuple index out of range
2024-10-09 *** 09:20:28 Exception in monitor profit: tuple index out of range
2024-10-09 *** 09:20:28 Exception in monitor profit: tuple index out of range
2024-10-09 *** 09:20:28 Exception in monitor profit: tuple index out of range
2024-10-09 *** 09:20:28 Exception in monitor profit: tuple index out of range
2024-10-09 *** 09:20:28 Exception in monitor profit: tuple index out of range
2024-10-09 *** 09:20:28 Exception in monitor profit: tuple index out of range
2024-10-09 *** 09:20:28 Exception in monitor profit: tuple index out of range
2024-10-09 *** 09:20:28 Exception in monitor profit: tuple index out of range
2024-10-09 *** 09:20:28 Exception in monitor profit: tuple index out of range
2024-10-09 *** 09:20:28 Exception in monitor profit: tuple index out of range
2024-10-09 *** 09:20:29 Exception in monitor profit: tuple index out of range
2024-10-09 *** 09:20:29 Exception in monitor profit: tuple index out of range
2024-10-09 *** 09:20:29 Exception in monitor profit: tuple index out of range
2024-10-09 *** 09:20:29 Exception in monitor profit: tuple index out of range
2024-10-09 *** 09:20:29 Exception in monitor profit: tuple index out of range
2024-10-09 *** 09:20:29 Exception in monitor profit: tuple index out of range
2024-10-09 *** 09:20:29 Exception in monitor profit: tuple index out of range
2024-10-09 *** 09:20:29 Exception in monitor profit: tuple index out of range
2024-10-09 *** 09:20:29 Exception in monitor profit: tuple index out of range
2024-10-09 *** 09:20:30 Exception in monitor profit: tuple index out of range
2024-10-09 *** 09:20:30 Exception in monitor profit: tuple index out of range
2024-10-09 *** 09:20:30 Exception in monitor profit: tuple index out of range
2024-10-09 *** 09:20:31 Exception in monitor profit: tuple index out of range
2024-10-09 *** 09:20:31 Exception in monitor profit: tuple index out of range
2024-10-09 *** 09:20:31 Exception in monitor profit: tuple index out of range
2024-10-09 *** 09:20:31 Exception in monitor profit: tuple index out of range
2024-10-09 *** 09:20:31 Exception in monitor profit: tuple index out of range
2024-10-09 *** 09:20:31 Exception in monitor profit: tuple index out of range
2024-10-09 *** 09:20:31 Exception in monitor profit: tuple index out of range
2024-10-09 *** 09:20:31 Exception in monitor profit: tuple index out of range
2024-10-09 *** 09:20:31 Exception in monitor profit: tuple index out of range
2024-10-09 *** 09:20:31 Exception in monitor profit: tuple index out of range
2024-10-09 *** 09:20:32 Exception in monitor profit: tuple index out of range
2024-10-09 *** 09:20:32 Exception in monitor profit: tuple index out of range
2024-10-09 *** 09:20:32 Exception in monitor profit: tuple index out of range
2024-10-09 *** 09:20:32 Exception in monitor profit: tuple index out of range
2024-10-09 *** 09:20:32 Exception in monitor profit: tuple index out of range
2024-10-09 *** 09:20:32 Exception in monitor profit: tuple index out of range
2024-10-09 *** 09:20:32 Exception in monitor profit: tuple index out of range
2024-10-09 *** 09:20:33 Exception in monitor profit: tuple index out of range
2024-10-09 *** 09:20:33 Exception in monitor profit: tuple index out of range
2024-10-09 *** 09:20:33 Exception in monitor profit: tuple index out of range
2024-10-09 *** 09:20:33 Exception in monitor profit: tuple index out of range
2024-10-09 *** 09:20:33 Exception in monitor profit: tuple index out of range
2024-10-09 *** 09:20:34 Exception in monitor profit: tuple index out of range
2024-10-09 *** 09:20:34 Exception in monitor profit: tuple index out of range
2024-10-09 *** 09:20:34 Exception in monitor profit: tuple index out of range
2024-10-09 *** 09:20:34 Exception in monitor profit: tuple index out of range
2024-10-09 *** 09:20:34 Exception in monitor profit: tuple index out of range
2024-10-09 *** 09:20:34 Exception in monitor profit: tuple index out of range
2024-10-09 *** 09:20:34 Exception in monitor profit: tuple index out of range
2024-10-09 *** 09:20:34 Exception in monitor profit: tuple index out of range
2024-10-09 *** 09:20:34 Exception in monitor profit: tuple index out of range
2024-10-09 *** 09:20:34 Exception in monitor profit: tuple index out of range
2024-10-09 *** 09:20:35 Exception in monitor profit: tuple index out of range
2024-10-09 *** 09:20:35 Exception in monitor profit: tuple index out of range
2024-10-09 *** 09:20:35 Exception in monitor profit: tuple index out of range
2024-10-09 *** 09:20:35 Exception in monitor profit: tuple index out of range
2024-10-09 *** 09:20:35 Exception in monitor profit: tuple index out of range
2024-10-09 *** 09:20:35 Exception in monitor profit: tuple index out of range
2024-10-09 *** 09:20:35 Exception in monitor profit: tuple index out of range
2024-10-09 *** 09:20:35 Exception in monitor profit: tuple index out of range
2024-10-09 *** 09:20:35 Exception in monitor profit: tuple index out of range
2024-10-09 *** 09:20:35 Exception in monitor profit: tuple index out of range
2024-10-09 *** 09:20:36 Exception in monitor profit: tuple index out of range
2024-10-09 *** 09:20:36 Exception in monitor profit: tuple index out of range
2024-10-09 *** 09:20:36 Exception in monitor profit: tuple index out of range
2024-10-09 *** 09:20:36 Exception in monitor profit: tuple index out of range
2024-10-09 *** 09:20:36 Exception in monitor profit: tuple index out of range
2024-10-09 *** 09:20:37 Exception in monitor profit: tuple index out of range
2024-10-09 *** 09:20:37 Exception in monitor profit: tuple index out of range
2024-10-09 *** 09:20:37 Exception in monitor profit: tuple index out of range
2024-10-09 *** 09:20:37 Exception in monitor profit: tuple index out of range
2024-10-09 *** 09:20:37 Exception in monitor profit: tuple index out of range
2024-10-09 *** 09:20:38 Exception in monitor profit: tuple index out of range
2024-10-09 *** 09:20:38 Exception in monitor profit: tuple index out of range
2024-10-09 *** 09:20:38 Exception in monitor profit: tuple index out of range
2024-10-09 *** 09:20:38 Exception in monitor profit: tuple index out of range
2024-10-09 *** 09:20:38 Exception in monitor profit: tuple index out of range
2024-10-09 *** 09:20:38 Exception in monitor profit: tuple index out of range
2024-10-09 *** 09:20:38 Exception in monitor profit: tuple index out of range
2024-10-09 *** 09:20:40 Exception in monitor profit: tuple index out of range
2024-10-09 *** 09:20:40 Exception in monitor profit: tuple index out of range
2024-10-09 *** 09:20:40 Exception in monitor profit: tuple index out of range
2024-10-09 *** 09:20:41 Exception in monitor profit: tuple index out of range
2024-10-09 *** 09:20:41 Exception in monitor profit: tuple index out of range
2024-10-09 *** 09:20:41 Exception in monitor profit: tuple index out of range
2024-10-09 *** 09:20:41 Exception in monitor profit: tuple index out of range
2024-10-09 *** 09:20:41 Exception in monitor profit: tuple index out of range
2024-10-09 *** 09:20:41 Exception in monitor profit: tuple index out of range
2024-10-09 *** 09:20:41 Exception in monitor profit: tuple index out of range
2024-10-09 *** 09:20:41 Exception in monitor profit: tuple index out of range
2024-10-09 *** 09:20:41 Exception in monitor profit: tuple index out of range
2024-10-09 *** 09:20:42 Exception in monitor profit: tuple index out of range
2024-10-09 *** 09:20:42 Exception in monitor profit: tuple index out of range
2024-10-09 *** 09:20:42 Exception in monitor profit: tuple index out of range
2024-10-09 *** 09:20:42 Exception in monitor profit: tuple index out of range
2024-10-09 *** 09:20:42 Exception in monitor profit: tuple index out of range
2024-10-09 *** 09:20:42 Exception in monitor profit: tuple index out of range
2024-10-09 *** 09:20:42 Exception in monitor profit: tuple index out of range
2024-10-09 *** 09:20:43 Exception in monitor profit: tuple index out of range
2024-10-09 *** 09:20:43 Exception in monitor profit: tuple index out of range
2024-10-09 *** 09:20:43 Exception in monitor profit: tuple index out of range
2024-10-09 *** 09:20:43 Exception in monitor profit: tuple index out of range
2024-10-09 *** 09:20:43 Exception in monitor profit: tuple index out of range
2024-10-09 *** 09:20:43 Exception in monitor profit: tuple index out of range
2024-10-09 *** 09:20:43 Exception in monitor profit: tuple index out of range
2024-10-09 *** 09:20:43 Exception in monitor profit: tuple index out of range
2024-10-09 *** 09:20:44 Exception in monitor profit: tuple index out of range
2024-10-09 *** 09:20:44 Exception in monitor profit: tuple index out of range
2024-10-09 *** 09:20:44 Exception in monitor profit: tuple index out of range
2024-10-09 *** 09:20:44 Exception in monitor profit: tuple index out of range
2024-10-09 *** 09:20:44 Exception in monitor profit: tuple index out of range
2024-10-09 *** 09:20:44 Exception in monitor profit: tuple index out of range
2024-10-09 *** 09:20:44 Exception in monitor profit: tuple index out of range
2024-10-09 *** 09:20:44 Exception in monitor profit: tuple index out of range
2024-10-09 *** 09:20:45 Exception in monitor profit: tuple index out of range
2024-10-09 *** 09:20:45 Exception in monitor profit: tuple index out of range
2024-10-09 *** 09:20:45 Exception in monitor profit: tuple index out of range
2024-10-09 *** 09:20:45 Exception in monitor profit: tuple index out of range
2024-10-09 *** 09:20:45 Exception in monitor profit: tuple index out of range
2024-10-09 *** 09:20:45 Exception in monitor profit: tuple index out of range
2024-10-09 *** 09:20:45 Exception in monitor profit: tuple index out of range
2024-10-09 *** 09:20:45 Exception in monitor profit: tuple index out of range
2024-10-09 *** 09:20:46 Exception in monitor profit: tuple index out of range
2024-10-09 *** 09:20:46 Exception in monitor profit: tuple index out of range
2024-10-09 *** 09:20:46 Exception in monitor profit: tuple index out of range
2024-10-09 *** 09:20:46 Exception in monitor profit: tuple index out of range
2024-10-09 *** 09:20:46 Exception in monitor profit: tuple index out of range
2024-10-09 *** 09:20:49 Exception in monitor profit: tuple index out of range
2024-10-09 *** 09:20:49 Exception in monitor profit: tuple index out of range
2024-10-09 *** 09:20:49 Exception in monitor profit: tuple index out of range
2024-10-09 *** 09:20:49 Exception in monitor profit: tuple index out of range
2024-10-09 *** 09:20:49 Exception in monitor profit: tuple index out of range
2024-10-09 *** 09:20:50 Exception in monitor profit: tuple index out of range
2024-10-09 *** 09:20:50 Exception in monitor profit: tuple index out of range
2024-10-09 *** 09:20:50 Exception in monitor profit: tuple index out of range
2024-10-09 *** 09:20:50 Exception in monitor profit: tuple index out of range
2024-10-09 *** 09:20:51 Exception in monitor profit: tuple index out of range
2024-10-09 *** 09:20:51 Exception in monitor profit: tuple index out of range
2024-10-09 *** 09:20:51 Exception in monitor profit: tuple index out of range
2024-10-09 *** 09:20:51 Exception in monitor profit: tuple index out of range
2024-10-09 *** 09:20:51 Exception in monitor profit: tuple index out of range
2024-10-09 *** 09:20:51 Exception in monitor profit: tuple index out of range
2024-10-09 *** 09:20:51 Exception in monitor profit: tuple index out of range
2024-10-09 *** 09:20:51 Exception in monitor profit: tuple index out of range
2024-10-09 *** 09:20:52 Exception in monitor profit: tuple index out of range
