2024-10-04 *** 16:00:06 LogWrapper init() ./logs/EURCHF.log
2024-10-04 *** 16:00:06 EURCHF
2024-10-04 *** 16:01:08 Adding work : {'instrument': 'EURCHF', 'ask': 0.94195, 'bid': 0.94181, 'time': datetime.datetime(2024, 10, 4, 18, 1, 1, 163000)}
2024-10-04 *** 16:01:10                    time     open     high      low    close  tick_volume  spread  real_volume    mid_h    mid_l    mid_c    mid_o    ask_h    ask_l    ask_c    ask_o    bid_h    bid_l    bid_c    bid_o
0   2024-10-04 14:22:00  0.93941  0.93949  0.93940  0.93949           27      12            0  0.93949  0.93940  0.93949  0.93941  0.94069  0.94060  0.94069  0.94061  0.93829  0.93820  0.93829  0.93821
1   2024-10-04 14:23:00  0.93950  0.93950  0.93923  0.93923           28      12            0  0.93950  0.93923  0.93923  0.93950  0.94070  0.94043  0.94043  0.94070  0.93830  0.93803  0.93803  0.93830
2   2024-10-04 14:24:00  0.93923  0.93927  0.93922  0.93924           28      12            0  0.93927  0.93922  0.93924  0.93923  0.94047  0.94042  0.94044  0.94043  0.93807  0.93802  0.93804  0.93803
3   2024-10-04 14:25:00  0.93923  0.93927  0.93913  0.93917           67      14            0  0.93927  0.93913  0.93917  0.93923  0.94067  0.94053  0.94057  0.94063  0.93787  0.93773  0.93777  0.93783
4   2024-10-04 14:26:00  0.93916  0.93917  0.93909  0.93910           67      12            0  0.93917  0.93909  0.93910  0.93916  0.94037  0.94029  0.94030  0.94036  0.93797  0.93789  0.93790  0.93796
..                  ...      ...      ...      ...      ...          ...     ...          ...      ...      ...      ...      ...      ...      ...      ...      ...      ...      ...      ...      ...
214 2024-10-04 17:56:00  0.94246  0.94251  0.94237  0.94243           91      12            0  0.94251  0.94237  0.94243  0.94246  0.94371  0.94357  0.94363  0.94366  0.94131  0.94117  0.94123  0.94126
215 2024-10-04 17:57:00  0.94243  0.94251  0.94220  0.94223           99      12            0  0.94251  0.94220  0.94223  0.94243  0.94371  0.94340  0.94343  0.94363  0.94131  0.94100  0.94103  0.94123
216 2024-10-04 17:58:00  0.94223  0.94225  0.94207  0.94214          132      12            0  0.94225  0.94207  0.94214  0.94223  0.94345  0.94327  0.94334  0.94343  0.94105  0.94087  0.94094  0.94103
217 2024-10-04 17:59:00  0.94214  0.94216  0.94201  0.94204          124      12            0  0.94216  0.94201  0.94204  0.94214  0.94336  0.94321  0.94324  0.94334  0.94096  0.94081  0.94084  0.94094
218 2024-10-04 18:00:00  0.94205  0.94205  0.94178  0.94182          126      13            0  0.94205  0.94178  0.94182  0.94205  0.94335  0.94308  0.94312  0.94335  0.94075  0.94048  0.94052  0.94075

[219 rows x 20 columns]
2024-10-04 *** 16:01:11 process_candles:
       PAIR                time    mid_c    mid_o     BB_UP     BB_MA     BB_LW   SL   TP  SPREAD      GAIN     LOSS  SIGNAL
214  EURCHF 2024-10-04 17:56:00  0.94243  0.94246  0.942479  0.942321  0.942162  0.0  0.0  0.0012  0.000066  0.94243       0
215  EURCHF 2024-10-04 17:57:00  0.94223  0.94243  0.942474  0.942329  0.942184  0.0  0.0  0.0012 -0.000059  0.94223       0
216  EURCHF 2024-10-04 17:58:00  0.94214  0.94223  0.942487  0.942325  0.942163  0.0  0.0  0.0012 -0.000111  0.94214       0
217  EURCHF 2024-10-04 17:59:00  0.94204  0.94214  0.942533  0.942304  0.942076  0.0  0.0  0.0012 -0.000159  0.94204       0
218  EURCHF 2024-10-04 18:00:00  0.94182  0.94205  0.942614  0.942263  0.941911  0.0  0.0  0.0013 -0.000266  0.94182       0
2024-10-04 *** 16:02:45 Adding work : {'instrument': 'EURCHF', 'ask': 0.94217, 'bid': 0.942, 'time': datetime.datetime(2024, 10, 4, 18, 2, 39, 792000)}
2024-10-04 *** 16:02:47                    time     open     high      low    close  tick_volume  spread  real_volume    mid_h    mid_l    mid_c    mid_o    ask_h    ask_l    ask_c    ask_o    bid_h    bid_l    bid_c    bid_o
0   2024-10-04 14:23:00  0.93950  0.93950  0.93923  0.93923           28      12            0  0.93950  0.93923  0.93923  0.93950  0.94070  0.94043  0.94043  0.94070  0.93830  0.93803  0.93803  0.93830
1   2024-10-04 14:24:00  0.93923  0.93927  0.93922  0.93924           28      12            0  0.93927  0.93922  0.93924  0.93923  0.94047  0.94042  0.94044  0.94043  0.93807  0.93802  0.93804  0.93803
2   2024-10-04 14:25:00  0.93923  0.93927  0.93913  0.93917           67      14            0  0.93927  0.93913  0.93917  0.93923  0.94067  0.94053  0.94057  0.94063  0.93787  0.93773  0.93777  0.93783
3   2024-10-04 14:26:00  0.93916  0.93917  0.93909  0.93910           67      12            0  0.93917  0.93909  0.93910  0.93916  0.94037  0.94029  0.94030  0.94036  0.93797  0.93789  0.93790  0.93796
4   2024-10-04 14:27:00  0.93909  0.93914  0.93904  0.93914           55      14            0  0.93914  0.93904  0.93914  0.93909  0.94054  0.94044  0.94054  0.94049  0.93774  0.93764  0.93774  0.93769
..                  ...      ...      ...      ...      ...          ...     ...          ...      ...      ...      ...      ...      ...      ...      ...      ...      ...      ...      ...      ...
214 2024-10-04 17:57:00  0.94243  0.94251  0.94220  0.94223           99      12            0  0.94251  0.94220  0.94223  0.94243  0.94371  0.94340  0.94343  0.94363  0.94131  0.94100  0.94103  0.94123
215 2024-10-04 17:58:00  0.94223  0.94225  0.94207  0.94214          132      12            0  0.94225  0.94207  0.94214  0.94223  0.94345  0.94327  0.94334  0.94343  0.94105  0.94087  0.94094  0.94103
216 2024-10-04 17:59:00  0.94214  0.94216  0.94201  0.94204          124      12            0  0.94216  0.94201  0.94204  0.94214  0.94336  0.94321  0.94324  0.94334  0.94096  0.94081  0.94084  0.94094
217 2024-10-04 18:00:00  0.94205  0.94205  0.94178  0.94182          126      13            0  0.94205  0.94178  0.94182  0.94205  0.94335  0.94308  0.94312  0.94335  0.94075  0.94048  0.94052  0.94075
218 2024-10-04 18:01:00  0.94182  0.94205  0.94180  0.94203           94      12            0  0.94205  0.94180  0.94203  0.94182  0.94325  0.94300  0.94323  0.94302  0.94085  0.94060  0.94083  0.94062

[219 rows x 20 columns]
2024-10-04 *** 16:02:47 process_candles:
       PAIR                time    mid_c    mid_o     BB_UP     BB_MA     BB_LW   SL   TP  SPREAD      GAIN     LOSS  SIGNAL
214  EURCHF 2024-10-04 17:57:00  0.94223  0.94243  0.942474  0.942329  0.942184  0.0  0.0  0.0012 -0.000059  0.94223       0
215  EURCHF 2024-10-04 17:58:00  0.94214  0.94223  0.942487  0.942325  0.942163  0.0  0.0  0.0012 -0.000111  0.94214       0
216  EURCHF 2024-10-04 17:59:00  0.94204  0.94214  0.942533  0.942304  0.942076  0.0  0.0  0.0012 -0.000159  0.94204       0
217  EURCHF 2024-10-04 18:00:00  0.94182  0.94205  0.942614  0.942263  0.941911  0.0  0.0  0.0013 -0.000266  0.94182       0
218  EURCHF 2024-10-04 18:01:00  0.94203  0.94182  0.942604  0.942219  0.941834  0.0  0.0  0.0012 -0.000114  0.94203       0
2024-10-04 *** 16:04:17 Adding work : {'instrument': 'EURCHF', 'ask': 0.94209, 'bid': 0.94195, 'time': datetime.datetime(2024, 10, 4, 18, 4, 12, 411000)}
2024-10-04 *** 16:04:19                    time     open     high      low    close  tick_volume  spread  real_volume    mid_h    mid_l    mid_c    mid_o    ask_h    ask_l    ask_c    ask_o    bid_h    bid_l    bid_c    bid_o
0   2024-10-04 14:25:00  0.93923  0.93927  0.93913  0.93917           67      14            0  0.93927  0.93913  0.93917  0.93923  0.94067  0.94053  0.94057  0.94063  0.93787  0.93773  0.93777  0.93783
1   2024-10-04 14:26:00  0.93916  0.93917  0.93909  0.93910           67      12            0  0.93917  0.93909  0.93910  0.93916  0.94037  0.94029  0.94030  0.94036  0.93797  0.93789  0.93790  0.93796
2   2024-10-04 14:27:00  0.93909  0.93914  0.93904  0.93914           55      14            0  0.93914  0.93904  0.93914  0.93909  0.94054  0.94044  0.94054  0.94049  0.93774  0.93764  0.93774  0.93769
3   2024-10-04 14:28:00  0.93913  0.93919  0.93912  0.93917           32      16            0  0.93919  0.93912  0.93917  0.93913  0.94079  0.94072  0.94077  0.94073  0.93759  0.93752  0.93757  0.93753
4   2024-10-04 14:29:00  0.93916  0.93922  0.93916  0.93920           74      14            0  0.93922  0.93916  0.93920  0.93916  0.94062  0.94056  0.94060  0.94056  0.93782  0.93776  0.93780  0.93776
..                  ...      ...      ...      ...      ...          ...     ...          ...      ...      ...      ...      ...      ...      ...      ...      ...      ...      ...      ...      ...
214 2024-10-04 17:59:00  0.94214  0.94216  0.94201  0.94204          124      12            0  0.94216  0.94201  0.94204  0.94214  0.94336  0.94321  0.94324  0.94334  0.94096  0.94081  0.94084  0.94094
215 2024-10-04 18:00:00  0.94205  0.94205  0.94178  0.94182          126      13            0  0.94205  0.94178  0.94182  0.94205  0.94335  0.94308  0.94312  0.94335  0.94075  0.94048  0.94052  0.94075
216 2024-10-04 18:01:00  0.94182  0.94205  0.94180  0.94203           94      12            0  0.94205  0.94180  0.94203  0.94182  0.94325  0.94300  0.94323  0.94302  0.94085  0.94060  0.94083  0.94062
217 2024-10-04 18:02:00  0.94202  0.94207  0.94191  0.94203          103      13            0  0.94207  0.94191  0.94203  0.94202  0.94337  0.94321  0.94333  0.94332  0.94077  0.94061  0.94073  0.94072
218 2024-10-04 18:03:00  0.94204  0.94206  0.94194  0.94195           75      12            0  0.94206  0.94194  0.94195  0.94204  0.94326  0.94314  0.94315  0.94324  0.94086  0.94074  0.94075  0.94084

[219 rows x 20 columns]
2024-10-04 *** 16:04:19 process_candles:
       PAIR                time    mid_c    mid_o     BB_UP     BB_MA     BB_LW   SL   TP  SPREAD      GAIN     LOSS  SIGNAL
214  EURCHF 2024-10-04 17:59:00  0.94204  0.94214  0.942533  0.942304  0.942076  0.0  0.0  0.0012 -0.000159  0.94204       0
215  EURCHF 2024-10-04 18:00:00  0.94182  0.94205  0.942614  0.942263  0.941911  0.0  0.0  0.0013 -0.000266  0.94182       0
216  EURCHF 2024-10-04 18:01:00  0.94203  0.94182  0.942604  0.942219  0.941834  0.0  0.0  0.0012 -0.000114  0.94203       0
217  EURCHF 2024-10-04 18:02:00  0.94203  0.94202  0.942576  0.942183  0.941791  0.0  0.0  0.0013 -0.000092  0.94203       0
218  EURCHF 2024-10-04 18:03:00  0.94195  0.94204  0.942548  0.942150  0.941752  0.0  0.0  0.0012 -0.000120  0.94195       0
2024-10-04 *** 16:05:39                    time     open     high      low    close  tick_volume  spread  real_volume    mid_h    mid_l    mid_c    mid_o    ask_h    ask_l    ask_c    ask_o    bid_h    bid_l    bid_c    bid_o
0   2024-10-04 14:26:00  0.93916  0.93917  0.93909  0.93910           67      12            0  0.93917  0.93909  0.93910  0.93916  0.94037  0.94029  0.94030  0.94036  0.93797  0.93789  0.93790  0.93796
1   2024-10-04 14:27:00  0.93909  0.93914  0.93904  0.93914           55      14            0  0.93914  0.93904  0.93914  0.93909  0.94054  0.94044  0.94054  0.94049  0.93774  0.93764  0.93774  0.93769
2   2024-10-04 14:28:00  0.93913  0.93919  0.93912  0.93917           32      16            0  0.93919  0.93912  0.93917  0.93913  0.94079  0.94072  0.94077  0.94073  0.93759  0.93752  0.93757  0.93753
3   2024-10-04 14:29:00  0.93916  0.93922  0.93916  0.93920           74      14            0  0.93922  0.93916  0.93920  0.93916  0.94062  0.94056  0.94060  0.94056  0.93782  0.93776  0.93780  0.93776
4   2024-10-04 14:30:00  0.93919  0.93929  0.93914  0.93914           50      14            0  0.93929  0.93914  0.93914  0.93919  0.94069  0.94054  0.94054  0.94059  0.93789  0.93774  0.93774  0.93779
..                  ...      ...      ...      ...      ...          ...     ...          ...      ...      ...      ...      ...      ...      ...      ...      ...      ...      ...      ...      ...
214 2024-10-04 18:00:00  0.94205  0.94205  0.94178  0.94182          126      13            0  0.94205  0.94178  0.94182  0.94205  0.94335  0.94308  0.94312  0.94335  0.94075  0.94048  0.94052  0.94075
215 2024-10-04 18:01:00  0.94182  0.94205  0.94180  0.94203           94      12            0  0.94205  0.94180  0.94203  0.94182  0.94325  0.94300  0.94323  0.94302  0.94085  0.94060  0.94083  0.94062
216 2024-10-04 18:02:00  0.94202  0.94207  0.94191  0.94203          103      13            0  0.94207  0.94191  0.94203  0.94202  0.94337  0.94321  0.94333  0.94332  0.94077  0.94061  0.94073  0.94072
217 2024-10-04 18:03:00  0.94204  0.94206  0.94194  0.94195           75      12            0  0.94206  0.94194  0.94195  0.94204  0.94326  0.94314  0.94315  0.94324  0.94086  0.94074  0.94075  0.94084
218 2024-10-04 18:04:00  0.94195  0.94210  0.94191  0.94207           68      14            0  0.94210  0.94191  0.94207  0.94195  0.94350  0.94331  0.94347  0.94335  0.94070  0.94051  0.94067  0.94055

[219 rows x 20 columns]
2024-10-04 *** 16:05:39 process_candles:
       PAIR                time    mid_c    mid_o     BB_UP     BB_MA     BB_LW   SL   TP  SPREAD      GAIN     LOSS  SIGNAL
214  EURCHF 2024-10-04 18:00:00  0.94182  0.94205  0.942614  0.942263  0.941911  0.0  0.0  0.0013 -0.000266  0.94182       0
215  EURCHF 2024-10-04 18:01:00  0.94203  0.94182  0.942604  0.942219  0.941834  0.0  0.0  0.0012 -0.000114  0.94203       0
216  EURCHF 2024-10-04 18:02:00  0.94203  0.94202  0.942576  0.942183  0.941791  0.0  0.0  0.0013 -0.000092  0.94203       0
217  EURCHF 2024-10-04 18:03:00  0.94195  0.94204  0.942548  0.942150  0.941752  0.0  0.0  0.0012 -0.000120  0.94195       0
218  EURCHF 2024-10-04 18:04:00  0.94207  0.94195  0.942516  0.942124  0.941732  0.0  0.0  0.0014 -0.000032  0.94207       0
2024-10-04 *** 16:05:51 Adding work : {'instrument': 'EURCHF', 'ask': 0.94253, 'bid': 0.94237, 'time': datetime.datetime(2024, 10, 4, 18, 5, 45, 371000)}
2024-10-04 *** 16:06:55                    time     open     high      low    close  tick_volume  spread  real_volume    mid_h    mid_l    mid_c    mid_o    ask_h    ask_l    ask_c    ask_o    bid_h    bid_l    bid_c    bid_o
0   2024-10-04 14:27:00  0.93909  0.93914  0.93904  0.93914           55      14            0  0.93914  0.93904  0.93914  0.93909  0.94054  0.94044  0.94054  0.94049  0.93774  0.93764  0.93774  0.93769
1   2024-10-04 14:28:00  0.93913  0.93919  0.93912  0.93917           32      16            0  0.93919  0.93912  0.93917  0.93913  0.94079  0.94072  0.94077  0.94073  0.93759  0.93752  0.93757  0.93753
2   2024-10-04 14:29:00  0.93916  0.93922  0.93916  0.93920           74      14            0  0.93922  0.93916  0.93920  0.93916  0.94062  0.94056  0.94060  0.94056  0.93782  0.93776  0.93780  0.93776
3   2024-10-04 14:30:00  0.93919  0.93929  0.93914  0.93914           50      14            0  0.93929  0.93914  0.93914  0.93919  0.94069  0.94054  0.94054  0.94059  0.93789  0.93774  0.93774  0.93779
4   2024-10-04 14:31:00  0.93914  0.93918  0.93910  0.93911           50      15            0  0.93918  0.93910  0.93911  0.93914  0.94068  0.94060  0.94061  0.94064  0.93768  0.93760  0.93761  0.93764
..                  ...      ...      ...      ...      ...          ...     ...          ...      ...      ...      ...      ...      ...      ...      ...      ...      ...      ...      ...      ...
214 2024-10-04 18:01:00  0.94182  0.94205  0.94180  0.94203           94      12            0  0.94205  0.94180  0.94203  0.94182  0.94325  0.94300  0.94323  0.94302  0.94085  0.94060  0.94083  0.94062
215 2024-10-04 18:02:00  0.94202  0.94207  0.94191  0.94203          103      13            0  0.94207  0.94191  0.94203  0.94202  0.94337  0.94321  0.94333  0.94332  0.94077  0.94061  0.94073  0.94072
216 2024-10-04 18:03:00  0.94204  0.94206  0.94194  0.94195           75      12            0  0.94206  0.94194  0.94195  0.94204  0.94326  0.94314  0.94315  0.94324  0.94086  0.94074  0.94075  0.94084
217 2024-10-04 18:04:00  0.94195  0.94210  0.94191  0.94207           68      14            0  0.94210  0.94191  0.94207  0.94195  0.94350  0.94331  0.94347  0.94335  0.94070  0.94051  0.94067  0.94055
218 2024-10-04 18:05:00  0.94206  0.94238  0.94206  0.94236           67      14            0  0.94238  0.94206  0.94236  0.94206  0.94378  0.94346  0.94376  0.94346  0.94098  0.94066  0.94096  0.94066

[219 rows x 20 columns]
2024-10-04 *** 16:06:55 process_candles:
       PAIR                time    mid_c    mid_o     BB_UP     BB_MA     BB_LW   SL   TP  SPREAD      GAIN     LOSS  SIGNAL
214  EURCHF 2024-10-04 18:01:00  0.94203  0.94182  0.942604  0.942219  0.941834  0.0  0.0  0.0012 -0.000114  0.94203       0
215  EURCHF 2024-10-04 18:02:00  0.94203  0.94202  0.942576  0.942183  0.941791  0.0  0.0  0.0013 -0.000092  0.94203       0
216  EURCHF 2024-10-04 18:03:00  0.94195  0.94204  0.942548  0.942150  0.941752  0.0  0.0  0.0012 -0.000120  0.94195       0
217  EURCHF 2024-10-04 18:04:00  0.94207  0.94195  0.942516  0.942124  0.941732  0.0  0.0  0.0014 -0.000032  0.94207       0
218  EURCHF 2024-10-04 18:05:00  0.94236  0.94206  0.942465  0.942110  0.941754  0.0  0.0  0.0014  0.000150  0.94236       0
2024-10-04 *** 16:07:29 Adding work : {'instrument': 'EURCHF', 'ask': 0.94242, 'bid': 0.94227, 'time': datetime.datetime(2024, 10, 4, 18, 7, 21, 883000)}
2024-10-04 *** 16:08:26                    time     open     high      low    close  tick_volume  spread  real_volume    mid_h    mid_l    mid_c    mid_o    ask_h    ask_l    ask_c    ask_o    bid_h    bid_l    bid_c    bid_o
0   2024-10-04 14:29:00  0.93916  0.93922  0.93916  0.93920           74      14            0  0.93922  0.93916  0.93920  0.93916  0.94062  0.94056  0.94060  0.94056  0.93782  0.93776  0.93780  0.93776
1   2024-10-04 14:30:00  0.93919  0.93929  0.93914  0.93914           50      14            0  0.93929  0.93914  0.93914  0.93919  0.94069  0.94054  0.94054  0.94059  0.93789  0.93774  0.93774  0.93779
2   2024-10-04 14:31:00  0.93914  0.93918  0.93910  0.93911           50      15            0  0.93918  0.93910  0.93911  0.93914  0.94068  0.94060  0.94061  0.94064  0.93768  0.93760  0.93761  0.93764
3   2024-10-04 14:32:00  0.93911  0.93920  0.93910  0.93919           63      14            0  0.93920  0.93910  0.93919  0.93911  0.94060  0.94050  0.94059  0.94051  0.93780  0.93770  0.93779  0.93771
4   2024-10-04 14:33:00  0.93918  0.93919  0.93906  0.93919           72      12            0  0.93919  0.93906  0.93919  0.93918  0.94039  0.94026  0.94039  0.94038  0.93799  0.93786  0.93799  0.93798
..                  ...      ...      ...      ...      ...          ...     ...          ...      ...      ...      ...      ...      ...      ...      ...      ...      ...      ...      ...      ...
214 2024-10-04 18:03:00  0.94204  0.94206  0.94194  0.94195           75      12            0  0.94206  0.94194  0.94195  0.94204  0.94326  0.94314  0.94315  0.94324  0.94086  0.94074  0.94075  0.94084
215 2024-10-04 18:04:00  0.94195  0.94210  0.94191  0.94207           68      14            0  0.94210  0.94191  0.94207  0.94195  0.94350  0.94331  0.94347  0.94335  0.94070  0.94051  0.94067  0.94055
216 2024-10-04 18:05:00  0.94206  0.94238  0.94206  0.94236           67      14            0  0.94238  0.94206  0.94236  0.94206  0.94378  0.94346  0.94376  0.94346  0.94098  0.94066  0.94096  0.94066
217 2024-10-04 18:06:00  0.94236  0.94246  0.94225  0.94229           71      14            0  0.94246  0.94225  0.94229  0.94236  0.94386  0.94365  0.94369  0.94376  0.94106  0.94085  0.94089  0.94096
218 2024-10-04 18:07:00  0.94229  0.94232  0.94222  0.94222           60      13            0  0.94232  0.94222  0.94222  0.94229  0.94362  0.94352  0.94352  0.94359  0.94102  0.94092  0.94092  0.94099

[219 rows x 20 columns]
2024-10-04 *** 16:08:27 process_candles:
       PAIR                time    mid_c    mid_o     BB_UP     BB_MA     BB_LW   SL   TP  SPREAD      GAIN     LOSS  SIGNAL
214  EURCHF 2024-10-04 18:03:00  0.94195  0.94204  0.942548  0.942150  0.941752  0.0  0.0  0.0012 -0.000120  0.94195       0
215  EURCHF 2024-10-04 18:04:00  0.94207  0.94195  0.942516  0.942124  0.941732  0.0  0.0  0.0014 -0.000032  0.94207       0
216  EURCHF 2024-10-04 18:05:00  0.94236  0.94206  0.942465  0.942110  0.941754  0.0  0.0  0.0014  0.000150  0.94236       0
217  EURCHF 2024-10-04 18:06:00  0.94229  0.94236  0.942417  0.942099  0.941782  0.0  0.0  0.0014  0.000114  0.94229       0
218  EURCHF 2024-10-04 18:07:00  0.94222  0.94229  0.942394  0.942093  0.941792  0.0  0.0  0.0013  0.000076  0.94222       0
2024-10-04 *** 16:09:10 Adding work : {'instrument': 'EURCHF', 'ask': 0.94241, 'bid': 0.94226, 'time': datetime.datetime(2024, 10, 4, 18, 9, 7, 98000)}
2024-10-04 *** 16:09:24                    time     open     high      low    close  tick_volume  spread  real_volume    mid_h    mid_l    mid_c    mid_o    ask_h    ask_l    ask_c    ask_o    bid_h    bid_l    bid_c    bid_o
0   2024-10-04 14:30:00  0.93919  0.93929  0.93914  0.93914           50      14            0  0.93929  0.93914  0.93914  0.93919  0.94069  0.94054  0.94054  0.94059  0.93789  0.93774  0.93774  0.93779
1   2024-10-04 14:31:00  0.93914  0.93918  0.93910  0.93911           50      15            0  0.93918  0.93910  0.93911  0.93914  0.94068  0.94060  0.94061  0.94064  0.93768  0.93760  0.93761  0.93764
2   2024-10-04 14:32:00  0.93911  0.93920  0.93910  0.93919           63      14            0  0.93920  0.93910  0.93919  0.93911  0.94060  0.94050  0.94059  0.94051  0.93780  0.93770  0.93779  0.93771
3   2024-10-04 14:33:00  0.93918  0.93919  0.93906  0.93919           72      12            0  0.93919  0.93906  0.93919  0.93918  0.94039  0.94026  0.94039  0.94038  0.93799  0.93786  0.93799  0.93798
4   2024-10-04 14:34:00  0.93918  0.93930  0.93917  0.93926           77      13            0  0.93930  0.93917  0.93926  0.93918  0.94060  0.94047  0.94056  0.94048  0.93800  0.93787  0.93796  0.93788
..                  ...      ...      ...      ...      ...          ...     ...          ...      ...      ...      ...      ...      ...      ...      ...      ...      ...      ...      ...      ...
214 2024-10-04 18:04:00  0.94195  0.94210  0.94191  0.94207           68      14            0  0.94210  0.94191  0.94207  0.94195  0.94350  0.94331  0.94347  0.94335  0.94070  0.94051  0.94067  0.94055
215 2024-10-04 18:05:00  0.94206  0.94238  0.94206  0.94236           67      14            0  0.94238  0.94206  0.94236  0.94206  0.94378  0.94346  0.94376  0.94346  0.94098  0.94066  0.94096  0.94066
216 2024-10-04 18:06:00  0.94236  0.94246  0.94225  0.94229           71      14            0  0.94246  0.94225  0.94229  0.94236  0.94386  0.94365  0.94369  0.94376  0.94106  0.94085  0.94089  0.94096
217 2024-10-04 18:07:00  0.94229  0.94232  0.94222  0.94222           60      13            0  0.94232  0.94222  0.94222  0.94229  0.94362  0.94352  0.94352  0.94359  0.94102  0.94092  0.94092  0.94099
218 2024-10-04 18:08:00  0.94222  0.94237  0.94217  0.94235           73      13            0  0.94237  0.94217  0.94235  0.94222  0.94367  0.94347  0.94365  0.94352  0.94107  0.94087  0.94105  0.94092

[219 rows x 20 columns]
2024-10-04 *** 16:09:24 process_candles:
       PAIR                time    mid_c    mid_o     BB_UP     BB_MA     BB_LW   SL   TP  SPREAD      GAIN     LOSS  SIGNAL
214  EURCHF 2024-10-04 18:04:00  0.94207  0.94195  0.942516  0.942124  0.941732  0.0  0.0  0.0014 -0.000032  0.94207       0
215  EURCHF 2024-10-04 18:05:00  0.94236  0.94206  0.942465  0.942110  0.941754  0.0  0.0  0.0014  0.000150  0.94236       0
216  EURCHF 2024-10-04 18:06:00  0.94229  0.94236  0.942417  0.942099  0.941782  0.0  0.0  0.0014  0.000114  0.94229       0
217  EURCHF 2024-10-04 18:07:00  0.94222  0.94229  0.942394  0.942093  0.941792  0.0  0.0  0.0013  0.000076  0.94222       0
218  EURCHF 2024-10-04 18:08:00  0.94235  0.94222  0.942434  0.942108  0.941781  0.0  0.0  0.0013  0.000145  0.94235       0
2024-10-04 *** 16:10:30                    time     open     high      low    close  tick_volume  spread  real_volume    mid_h    mid_l    mid_c    mid_o    ask_h    ask_l    ask_c    ask_o    bid_h    bid_l    bid_c    bid_o
0   2024-10-04 14:31:00  0.93914  0.93918  0.93910  0.93911           50      15            0  0.93918  0.93910  0.93911  0.93914  0.94068  0.94060  0.94061  0.94064  0.93768  0.93760  0.93761  0.93764
1   2024-10-04 14:32:00  0.93911  0.93920  0.93910  0.93919           63      14            0  0.93920  0.93910  0.93919  0.93911  0.94060  0.94050  0.94059  0.94051  0.93780  0.93770  0.93779  0.93771
2   2024-10-04 14:33:00  0.93918  0.93919  0.93906  0.93919           72      12            0  0.93919  0.93906  0.93919  0.93918  0.94039  0.94026  0.94039  0.94038  0.93799  0.93786  0.93799  0.93798
3   2024-10-04 14:34:00  0.93918  0.93930  0.93917  0.93926           77      13            0  0.93930  0.93917  0.93926  0.93918  0.94060  0.94047  0.94056  0.94048  0.93800  0.93787  0.93796  0.93788
4   2024-10-04 14:35:00  0.93925  0.93934  0.93919  0.93932           78      13            0  0.93934  0.93919  0.93932  0.93925  0.94064  0.94049  0.94062  0.94055  0.93804  0.93789  0.93802  0.93795
..                  ...      ...      ...      ...      ...          ...     ...          ...      ...      ...      ...      ...      ...      ...      ...      ...      ...      ...      ...      ...
214 2024-10-04 18:05:00  0.94206  0.94238  0.94206  0.94236           67      14            0  0.94238  0.94206  0.94236  0.94206  0.94378  0.94346  0.94376  0.94346  0.94098  0.94066  0.94096  0.94066
215 2024-10-04 18:06:00  0.94236  0.94246  0.94225  0.94229           71      14            0  0.94246  0.94225  0.94229  0.94236  0.94386  0.94365  0.94369  0.94376  0.94106  0.94085  0.94089  0.94096
216 2024-10-04 18:07:00  0.94229  0.94232  0.94222  0.94222           60      13            0  0.94232  0.94222  0.94222  0.94229  0.94362  0.94352  0.94352  0.94359  0.94102  0.94092  0.94092  0.94099
217 2024-10-04 18:08:00  0.94222  0.94237  0.94217  0.94235           73      13            0  0.94237  0.94217  0.94235  0.94222  0.94367  0.94347  0.94365  0.94352  0.94107  0.94087  0.94105  0.94092
218 2024-10-04 18:09:00  0.94235  0.94240  0.94219  0.94239           90      14            0  0.94240  0.94219  0.94239  0.94235  0.94380  0.94359  0.94379  0.94375  0.94100  0.94079  0.94099  0.94095

[219 rows x 20 columns]
2024-10-04 *** 16:10:31 process_candles:
       PAIR                time    mid_c    mid_o     BB_UP     BB_MA     BB_LW   SL   TP  SPREAD      GAIN     LOSS  SIGNAL
214  EURCHF 2024-10-04 18:05:00  0.94236  0.94206  0.942465  0.942110  0.941754  0.0  0.0  0.0014  0.000150  0.94236       0
215  EURCHF 2024-10-04 18:06:00  0.94229  0.94236  0.942417  0.942099  0.941782  0.0  0.0  0.0014  0.000114  0.94229       0
216  EURCHF 2024-10-04 18:07:00  0.94222  0.94229  0.942394  0.942093  0.941792  0.0  0.0  0.0013  0.000076  0.94222       0
217  EURCHF 2024-10-04 18:08:00  0.94235  0.94222  0.942434  0.942108  0.941781  0.0  0.0  0.0013  0.000145  0.94235       0
218  EURCHF 2024-10-04 18:09:00  0.94239  0.94235  0.942486  0.942133  0.941781  0.0  0.0  0.0014  0.000154  0.94239       0
2024-10-04 *** 16:10:51 Adding work : {'instrument': 'EURCHF', 'ask': 0.94259, 'bid': 0.94244, 'time': datetime.datetime(2024, 10, 4, 18, 10, 47, 163000)}
