2024-10-09 *** 09:17:00 LogWrapper init() ./logs/EURGBP.log
2024-10-09 *** 09:17:00 EURGBP
2024-10-09 *** 09:17:30 EURGBP ticket id:690177992 is now being monitored
2024-10-09 *** 09:18:26 Adding work : {'instrument': 'EURGBP', 'ask': 0.83802, 'bid': 0.8379, 'time': datetime.datetime(2024, 10, 9, 11, 18, 16, 762000)}
2024-10-09 *** 09:18:30                    time     open     high      low    close  tick_volume  spread  real_volume    mid_h    mid_l    mid_c    mid_o    ask_h    ask_l    ask_c    ask_o    bid_h    bid_l    bid_c    bid_o
0   2024-10-08 16:50:00  0.83761  0.83775  0.83760  0.83770          207       8            0  0.83775  0.83760  0.83770  0.83761  0.83855  0.83840  0.83850  0.83841  0.83695  0.83680  0.83690  0.83681
1   2024-10-08 16:55:00  0.83769  0.83784  0.83768  0.83770          217       8            0  0.83784  0.83768  0.83770  0.83769  0.83864  0.83848  0.83850  0.83849  0.83704  0.83688  0.83690  0.83689
2   2024-10-08 17:00:00  0.83770  0.83774  0.83760  0.83770          169       9            0  0.83774  0.83760  0.83770  0.83770  0.83864  0.83850  0.83860  0.83860  0.83684  0.83670  0.83680  0.83680
3   2024-10-08 17:05:00  0.83770  0.83784  0.83768  0.83780          163       9            0  0.83784  0.83768  0.83780  0.83770  0.83874  0.83858  0.83870  0.83860  0.83694  0.83678  0.83690  0.83680
4   2024-10-08 17:10:00  0.83779  0.83780  0.83767  0.83776          161       9            0  0.83780  0.83767  0.83776  0.83779  0.83870  0.83857  0.83866  0.83869  0.83690  0.83677  0.83686  0.83689
..                  ...      ...      ...      ...      ...          ...     ...          ...      ...      ...      ...      ...      ...      ...      ...      ...      ...      ...      ...      ...
214 2024-10-09 10:50:00  0.83799  0.83801  0.83777  0.83781          234       9            0  0.83801  0.83777  0.83781  0.83799  0.83891  0.83867  0.83871  0.83889  0.83711  0.83687  0.83691  0.83709
215 2024-10-09 10:55:00  0.83781  0.83784  0.83770  0.83771          267       9            0  0.83784  0.83770  0.83771  0.83781  0.83874  0.83860  0.83861  0.83871  0.83694  0.83680  0.83681  0.83691
216 2024-10-09 11:00:00  0.83772  0.83775  0.83765  0.83773          251       9            0  0.83775  0.83765  0.83773  0.83772  0.83865  0.83855  0.83863  0.83862  0.83685  0.83675  0.83683  0.83682
217 2024-10-09 11:05:00  0.83772  0.83781  0.83768  0.83777          167       9            0  0.83781  0.83768  0.83777  0.83772  0.83871  0.83858  0.83867  0.83862  0.83691  0.83678  0.83687  0.83682
218 2024-10-09 11:10:00  0.83778  0.83778  0.83757  0.83760          189       8            0  0.83778  0.83757  0.83760  0.83778  0.83858  0.83837  0.83840  0.83858  0.83698  0.83677  0.83680  0.83698

[219 rows x 20 columns]
2024-10-09 *** 09:18:30 process_candles:
       PAIR                time    mid_c    mid_o     BB_UP     BB_MA     BB_LW        SL        TP  SPREAD      GAIN      LOSS  SIGNAL
214  EURGBP 2024-10-09 10:50:00  0.83781  0.83799  0.838871  0.838364  0.837857  0.837699  0.838918  0.0009  0.001108  0.000111       1
215  EURGBP 2024-10-09 10:55:00  0.83771  0.83781  0.838875  0.838276  0.837677  0.837597  0.838842  0.0009  0.001132  0.000113       1
216  EURGBP 2024-10-09 11:00:00  0.83773  0.83772  0.838805  0.838180  0.837555  0.837640  0.838630  0.0009  0.000900  0.000090       1
217  EURGBP 2024-10-09 11:05:00  0.83777  0.83772  0.838718  0.838100  0.837482  0.837704  0.838430  0.0009  0.000660  0.000066       1
218  EURGBP 2024-10-09 11:10:00  0.83760  0.83778  0.838622  0.838015  0.837408  0.837517  0.838430  0.0008  0.000830  0.000083       1
2024-10-09 *** 09:18:30 CandleWorker EURGBP TradeDecision TradeDecision():0 EURGBP dir:1 gain:0.0008 loss:0.0001 sl:0.8375  tp:0.8384
2024-10-09 *** 09:18:38 TradeWorker : TradeDecision():0 EURGBP dir:1 gain:0.0008 loss:0.0001 sl:0.8375  tp:0.8384
2024-10-09 *** 09:18:47 1. order_send(): by EURGBP 0.01 lots at 0.83798 with deviation=20 points
2024-10-09 *** 09:19:01 EURGBP ticket id:690193629 is now being monitored
2024-10-09 *** 09:20:43 Adding work : {'instrument': 'EURGBP', 'ask': 0.83795, 'bid': 0.83783, 'time': datetime.datetime(2024, 10, 9, 11, 20, 37, 978000)}
