2024-10-04 *** 16:00:06 LogWrapper init() ./logs/EURJPY.log
2024-10-04 *** 16:00:06 EURJPY
2024-10-04 *** 16:00:34 Adding work : {'instrument': 'EURJPY', 'ask': 162.885, 'bid': 162.863, 'time': datetime.datetime(2024, 10, 4, 18, 0, 29, 675000)}
2024-10-04 *** 16:00:36                    time     open     high      low    close  tick_volume  spread  real_volume    mid_h    mid_l    mid_c    mid_o    ask_h    ask_l    ask_c    ask_o    bid_h    bid_l    bid_c    bid_o
0   2024-10-04 14:21:00  161.635  161.645  161.613  161.617           66      13            0  161.645  161.613  161.617  161.635  161.775  161.743  161.747  161.765  161.515  161.483  161.487  161.505
1   2024-10-04 14:22:00  161.616  161.629  161.607  161.628           63      14            0  161.629  161.607  161.628  161.616  161.769  161.747  161.768  161.756  161.489  161.467  161.488  161.476
2   2024-10-04 14:23:00  161.630  161.630  161.579  161.585           72      13            0  161.630  161.579  161.585  161.630  161.760  161.709  161.715  161.760  161.500  161.449  161.455  161.500
3   2024-10-04 14:24:00  161.583  161.588  161.572  161.582          119      13            0  161.588  161.572  161.582  161.583  161.718  161.702  161.712  161.713  161.458  161.442  161.452  161.453
4   2024-10-04 14:25:00  161.578  161.599  161.547  161.559          116      13            0  161.599  161.547  161.559  161.578  161.729  161.677  161.689  161.708  161.469  161.417  161.429  161.448
..                  ...      ...      ...      ...      ...          ...     ...          ...      ...      ...      ...      ...      ...      ...      ...      ...      ...      ...      ...      ...
214 2024-10-04 17:55:00  162.927  162.950  162.918  162.939          137      16            0  162.950  162.918  162.939  162.927  163.110  163.078  163.099  163.087  162.790  162.758  162.779  162.767
215 2024-10-04 17:56:00  162.943  162.981  162.943  162.981          140      15            0  162.981  162.943  162.981  162.943  163.131  163.093  163.131  163.093  162.831  162.793  162.831  162.793
216 2024-10-04 17:57:00  162.980  163.001  162.937  162.947          145      14            0  163.001  162.937  162.947  162.980  163.141  163.077  163.087  163.120  162.861  162.797  162.807  162.840
217 2024-10-04 17:58:00  162.949  162.959  162.889  162.904          156      13            0  162.959  162.889  162.904  162.949  163.089  163.019  163.034  163.079  162.829  162.759  162.774  162.819
218 2024-10-04 17:59:00  162.904  162.914  162.878  162.889          146      13            0  162.914  162.878  162.889  162.904  163.044  163.008  163.019  163.034  162.784  162.748  162.759  162.774

[219 rows x 20 columns]
2024-10-04 *** 16:00:37 process_candles:
       PAIR                time    mid_c    mid_o       BB_UP       BB_MA       BB_LW   SL   TP  SPREAD     GAIN     LOSS  SIGNAL
214  EURJPY 2024-10-04 17:55:00  162.939  162.927  162.958373  162.897033  162.835694  0.0  0.0    0.16  0.02518  162.939       0
215  EURJPY 2024-10-04 17:56:00  162.981  162.943  162.979358  162.906933  162.834509  0.0  0.0    0.15  0.04444  162.981       0
216  EURJPY 2024-10-04 17:57:00  162.947  162.980  162.991139  162.915967  162.840795  0.0  0.0    0.14  0.01862  162.947       0
217  EURJPY 2024-10-04 17:58:00  162.904  162.949  162.985836  162.921700  162.857564  0.0  0.0    0.13 -0.01062  162.904       0
218  EURJPY 2024-10-04 17:59:00  162.889  162.904  162.978791  162.924700  162.870609  0.0  0.0    0.13 -0.02142  162.889       0
2024-10-04 *** 16:02:14 Adding work : {'instrument': 'EURJPY', 'ask': 162.919, 'bid': 162.902, 'time': datetime.datetime(2024, 10, 4, 18, 2, 9, 226000)}
2024-10-04 *** 16:02:16                    time     open     high      low    close  tick_volume  spread  real_volume    mid_h    mid_l    mid_c    mid_o    ask_h    ask_l    ask_c    ask_o    bid_h    bid_l    bid_c    bid_o
0   2024-10-04 14:23:00  161.630  161.630  161.579  161.585           72      13            0  161.630  161.579  161.585  161.630  161.760  161.709  161.715  161.760  161.500  161.449  161.455  161.500
1   2024-10-04 14:24:00  161.583  161.588  161.572  161.582          119      13            0  161.588  161.572  161.582  161.583  161.718  161.702  161.712  161.713  161.458  161.442  161.452  161.453
2   2024-10-04 14:25:00  161.578  161.599  161.547  161.559          116      13            0  161.599  161.547  161.559  161.578  161.729  161.677  161.689  161.708  161.469  161.417  161.429  161.448
3   2024-10-04 14:26:00  161.559  161.561  161.537  161.538           79      13            0  161.561  161.537  161.538  161.559  161.691  161.667  161.668  161.689  161.431  161.407  161.408  161.429
4   2024-10-04 14:27:00  161.539  161.564  161.533  161.564           78      13            0  161.564  161.533  161.564  161.539  161.694  161.663  161.694  161.669  161.434  161.403  161.434  161.409
..                  ...      ...      ...      ...      ...          ...     ...          ...      ...      ...      ...      ...      ...      ...      ...      ...      ...      ...      ...      ...
214 2024-10-04 17:57:00  162.980  163.001  162.937  162.947          145      14            0  163.001  162.937  162.947  162.980  163.141  163.077  163.087  163.120  162.861  162.797  162.807  162.840
215 2024-10-04 17:58:00  162.949  162.959  162.889  162.904          156      13            0  162.959  162.889  162.904  162.949  163.089  163.019  163.034  163.079  162.829  162.759  162.774  162.819
216 2024-10-04 17:59:00  162.904  162.914  162.878  162.889          146      13            0  162.914  162.878  162.889  162.904  163.044  163.008  163.019  163.034  162.784  162.748  162.759  162.774
217 2024-10-04 18:00:00  162.889  162.898  162.849  162.852          147      16            0  162.898  162.849  162.852  162.889  163.058  163.009  163.012  163.049  162.738  162.689  162.692  162.729
218 2024-10-04 18:01:00  162.853  162.926  162.850  162.926          153      12            0  162.926  162.850  162.926  162.853  163.046  162.970  163.046  162.973  162.806  162.730  162.806  162.733

[219 rows x 20 columns]
2024-10-04 *** 16:02:16 process_candles:
       PAIR                time    mid_c    mid_o       BB_UP       BB_MA       BB_LW   SL   TP  SPREAD     GAIN     LOSS  SIGNAL
214  EURJPY 2024-10-04 17:57:00  162.947  162.980  162.991139  162.915967  162.840795  0.0  0.0    0.14  0.01862  162.947       0
215  EURJPY 2024-10-04 17:58:00  162.904  162.949  162.985836  162.921700  162.857564  0.0  0.0    0.13 -0.01062  162.904       0
216  EURJPY 2024-10-04 17:59:00  162.889  162.904  162.978791  162.924700  162.870609  0.0  0.0    0.13 -0.02142  162.889       0
217  EURJPY 2024-10-04 18:00:00  162.852  162.889  162.983151  162.923200  162.863249  0.0  0.0    0.16 -0.04272  162.852       0
218  EURJPY 2024-10-04 18:01:00  162.926  162.853  162.983380  162.922100  162.860820  0.0  0.0    0.12  0.00234  162.926       0
2024-10-04 *** 16:03:49 Adding work : {'instrument': 'EURJPY', 'ask': 162.914, 'bid': 162.894, 'time': datetime.datetime(2024, 10, 4, 18, 3, 44, 687000)}
2024-10-04 *** 16:03:52                    time     open     high      low    close  tick_volume  spread  real_volume    mid_h    mid_l    mid_c    mid_o    ask_h    ask_l    ask_c    ask_o    bid_h    bid_l    bid_c    bid_o
0   2024-10-04 14:24:00  161.583  161.588  161.572  161.582          119      13            0  161.588  161.572  161.582  161.583  161.718  161.702  161.712  161.713  161.458  161.442  161.452  161.453
1   2024-10-04 14:25:00  161.578  161.599  161.547  161.559          116      13            0  161.599  161.547  161.559  161.578  161.729  161.677  161.689  161.708  161.469  161.417  161.429  161.448
2   2024-10-04 14:26:00  161.559  161.561  161.537  161.538           79      13            0  161.561  161.537  161.538  161.559  161.691  161.667  161.668  161.689  161.431  161.407  161.408  161.429
3   2024-10-04 14:27:00  161.539  161.564  161.533  161.564           78      13            0  161.564  161.533  161.564  161.539  161.694  161.663  161.694  161.669  161.434  161.403  161.434  161.409
4   2024-10-04 14:28:00  161.565  161.565  161.555  161.557           45      16            0  161.565  161.555  161.557  161.565  161.725  161.715  161.717  161.725  161.405  161.395  161.397  161.405
..                  ...      ...      ...      ...      ...          ...     ...          ...      ...      ...      ...      ...      ...      ...      ...      ...      ...      ...      ...      ...
214 2024-10-04 17:58:00  162.949  162.959  162.889  162.904          156      13            0  162.959  162.889  162.904  162.949  163.089  163.019  163.034  163.079  162.829  162.759  162.774  162.819
215 2024-10-04 17:59:00  162.904  162.914  162.878  162.889          146      13            0  162.914  162.878  162.889  162.904  163.044  163.008  163.019  163.034  162.784  162.748  162.759  162.774
216 2024-10-04 18:00:00  162.889  162.898  162.849  162.852          147      16            0  162.898  162.849  162.852  162.889  163.058  163.009  163.012  163.049  162.738  162.689  162.692  162.729
217 2024-10-04 18:01:00  162.853  162.926  162.850  162.926          153      12            0  162.926  162.850  162.926  162.853  163.046  162.970  163.046  162.973  162.806  162.730  162.806  162.733
218 2024-10-04 18:02:00  162.923  162.928  162.866  162.905          138      14            0  162.928  162.866  162.905  162.923  163.068  163.006  163.045  163.063  162.788  162.726  162.765  162.783

[219 rows x 20 columns]
2024-10-04 *** 16:03:52 process_candles:
       PAIR                time    mid_c    mid_o       BB_UP       BB_MA       BB_LW   SL   TP  SPREAD     GAIN     LOSS  SIGNAL
214  EURJPY 2024-10-04 17:58:00  162.904  162.949  162.985836  162.921700  162.857564  0.0  0.0    0.13 -0.01062  162.904       0
215  EURJPY 2024-10-04 17:59:00  162.889  162.904  162.978791  162.924700  162.870609  0.0  0.0    0.13 -0.02142  162.889       0
216  EURJPY 2024-10-04 18:00:00  162.852  162.889  162.983151  162.923200  162.863249  0.0  0.0    0.16 -0.04272  162.852       0
217  EURJPY 2024-10-04 18:01:00  162.926  162.853  162.983380  162.922100  162.860820  0.0  0.0    0.12  0.00234  162.926       0
218  EURJPY 2024-10-04 18:02:00  162.905  162.923  162.983222  162.920333  162.857445  0.0  0.0    0.14 -0.00920  162.905       0
2024-10-04 *** 16:05:19                    time     open     high      low    close  tick_volume  spread  real_volume    mid_h    mid_l    mid_c    mid_o    ask_h    ask_l    ask_c    ask_o    bid_h    bid_l    bid_c    bid_o
0   2024-10-04 14:26:00  161.559  161.561  161.537  161.538           79      13            0  161.561  161.537  161.538  161.559  161.691  161.667  161.668  161.689  161.431  161.407  161.408  161.429
1   2024-10-04 14:27:00  161.539  161.564  161.533  161.564           78      13            0  161.564  161.533  161.564  161.539  161.694  161.663  161.694  161.669  161.434  161.403  161.434  161.409
2   2024-10-04 14:28:00  161.565  161.565  161.555  161.557           45      16            0  161.565  161.555  161.557  161.565  161.725  161.715  161.717  161.725  161.405  161.395  161.397  161.405
3   2024-10-04 14:29:00  161.558  161.564  161.548  161.562           67      14            0  161.564  161.548  161.562  161.558  161.704  161.688  161.702  161.698  161.424  161.408  161.422  161.418
4   2024-10-04 14:30:00  161.561  161.588  161.561  161.567           43      15            0  161.588  161.561  161.567  161.561  161.738  161.711  161.717  161.711  161.438  161.411  161.417  161.411
..                  ...      ...      ...      ...      ...          ...     ...          ...      ...      ...      ...      ...      ...      ...      ...      ...      ...      ...      ...      ...
214 2024-10-04 18:00:00  162.889  162.898  162.849  162.852          147      16            0  162.898  162.849  162.852  162.889  163.058  163.009  163.012  163.049  162.738  162.689  162.692  162.729
215 2024-10-04 18:01:00  162.853  162.926  162.850  162.926          153      12            0  162.926  162.850  162.926  162.853  163.046  162.970  163.046  162.973  162.806  162.730  162.806  162.733
216 2024-10-04 18:02:00  162.923  162.928  162.866  162.905          138      14            0  162.928  162.866  162.905  162.923  163.068  163.006  163.045  163.063  162.788  162.726  162.765  162.783
217 2024-10-04 18:03:00  162.904  162.918  162.885  162.900          141      17            0  162.918  162.885  162.900  162.904  163.088  163.055  163.070  163.074  162.748  162.715  162.730  162.734
218 2024-10-04 18:04:00  162.899  162.911  162.882  162.896          113      15            0  162.911  162.882  162.896  162.899  163.061  163.032  163.046  163.049  162.761  162.732  162.746  162.749

[219 rows x 20 columns]
2024-10-04 *** 16:05:19 process_candles:
       PAIR                time    mid_c    mid_o       BB_UP       BB_MA       BB_LW   SL   TP  SPREAD     GAIN     LOSS  SIGNAL
214  EURJPY 2024-10-04 18:00:00  162.852  162.889  162.983151  162.923200  162.863249  0.0  0.0    0.16 -0.04272  162.852       0
215  EURJPY 2024-10-04 18:01:00  162.926  162.853  162.983380  162.922100  162.860820  0.0  0.0    0.12  0.00234  162.926       0
216  EURJPY 2024-10-04 18:02:00  162.905  162.923  162.983222  162.920333  162.857445  0.0  0.0    0.14 -0.00920  162.905       0
217  EURJPY 2024-10-04 18:03:00  162.900  162.904  162.981485  162.917700  162.853915  0.0  0.0    0.17 -0.01062  162.900       0
218  EURJPY 2024-10-04 18:04:00  162.896  162.899  162.978201  162.914067  162.849933  0.0  0.0    0.15 -0.01084  162.896       0
2024-10-04 *** 16:05:22 Adding work : {'instrument': 'EURJPY', 'ask': 162.937, 'bid': 162.918, 'time': datetime.datetime(2024, 10, 4, 18, 5, 17, 307000)}
2024-10-04 *** 16:06:16                    time     open     high      low    close  tick_volume  spread  real_volume    mid_h    mid_l    mid_c    mid_o    ask_h    ask_l    ask_c    ask_o    bid_h    bid_l    bid_c    bid_o
0   2024-10-04 14:27:00  161.539  161.564  161.533  161.564           78      13            0  161.564  161.533  161.564  161.539  161.694  161.663  161.694  161.669  161.434  161.403  161.434  161.409
1   2024-10-04 14:28:00  161.565  161.565  161.555  161.557           45      16            0  161.565  161.555  161.557  161.565  161.725  161.715  161.717  161.725  161.405  161.395  161.397  161.405
2   2024-10-04 14:29:00  161.558  161.564  161.548  161.562           67      14            0  161.564  161.548  161.562  161.558  161.704  161.688  161.702  161.698  161.424  161.408  161.422  161.418
3   2024-10-04 14:30:00  161.561  161.588  161.561  161.567           43      15            0  161.588  161.561  161.567  161.561  161.738  161.711  161.717  161.711  161.438  161.411  161.417  161.411
4   2024-10-04 14:31:00  161.566  161.590  161.566  161.580           47      15            0  161.590  161.566  161.580  161.566  161.740  161.716  161.730  161.716  161.440  161.416  161.430  161.416
..                  ...      ...      ...      ...      ...          ...     ...          ...      ...      ...      ...      ...      ...      ...      ...      ...      ...      ...      ...      ...
214 2024-10-04 18:01:00  162.853  162.926  162.850  162.926          153      12            0  162.926  162.850  162.926  162.853  163.046  162.970  163.046  162.973  162.806  162.730  162.806  162.733
215 2024-10-04 18:02:00  162.923  162.928  162.866  162.905          138      14            0  162.928  162.866  162.905  162.923  163.068  163.006  163.045  163.063  162.788  162.726  162.765  162.783
216 2024-10-04 18:03:00  162.904  162.918  162.885  162.900          141      17            0  162.918  162.885  162.900  162.904  163.088  163.055  163.070  163.074  162.748  162.715  162.730  162.734
217 2024-10-04 18:04:00  162.899  162.911  162.882  162.896          113      15            0  162.911  162.882  162.896  162.899  163.061  163.032  163.046  163.049  162.761  162.732  162.746  162.749
218 2024-10-04 18:05:00  162.898  162.970  162.898  162.950          131      16            0  162.970  162.898  162.950  162.898  163.130  163.058  163.110  163.058  162.810  162.738  162.790  162.738

[219 rows x 20 columns]
2024-10-04 *** 16:06:16 process_candles:
       PAIR                time    mid_c    mid_o       BB_UP       BB_MA       BB_LW   SL   TP  SPREAD     GAIN     LOSS  SIGNAL
214  EURJPY 2024-10-04 18:01:00  162.926  162.853  162.983380  162.922100  162.860820  0.0  0.0    0.12  0.00234  162.926       0
215  EURJPY 2024-10-04 18:02:00  162.905  162.923  162.983222  162.920333  162.857445  0.0  0.0    0.14 -0.00920  162.905       0
216  EURJPY 2024-10-04 18:03:00  162.900  162.904  162.981485  162.917700  162.853915  0.0  0.0    0.17 -0.01062  162.900       0
217  EURJPY 2024-10-04 18:04:00  162.896  162.899  162.978201  162.914067  162.849933  0.0  0.0    0.15 -0.01084  162.896       0
218  EURJPY 2024-10-04 18:05:00  162.950  162.898  162.979155  162.914433  162.849711  0.0  0.0    0.16  0.02134  162.950       0
2024-10-04 *** 16:06:53 Adding work : {'instrument': 'EURJPY', 'ask': 162.94, 'bid': 162.921, 'time': datetime.datetime(2024, 10, 4, 18, 6, 47, 515000)}
2024-10-04 *** 16:07:42                    time     open     high      low    close  tick_volume  spread  real_volume    mid_h    mid_l    mid_c    mid_o    ask_h    ask_l    ask_c    ask_o    bid_h    bid_l    bid_c    bid_o
0   2024-10-04 14:28:00  161.565  161.565  161.555  161.557           45      16            0  161.565  161.555  161.557  161.565  161.725  161.715  161.717  161.725  161.405  161.395  161.397  161.405
1   2024-10-04 14:29:00  161.558  161.564  161.548  161.562           67      14            0  161.564  161.548  161.562  161.558  161.704  161.688  161.702  161.698  161.424  161.408  161.422  161.418
2   2024-10-04 14:30:00  161.561  161.588  161.561  161.567           43      15            0  161.588  161.561  161.567  161.561  161.738  161.711  161.717  161.711  161.438  161.411  161.417  161.411
3   2024-10-04 14:31:00  161.566  161.590  161.566  161.580           47      15            0  161.590  161.566  161.580  161.566  161.740  161.716  161.730  161.716  161.440  161.416  161.430  161.416
4   2024-10-04 14:32:00  161.580  161.612  161.579  161.607           79      14            0  161.612  161.579  161.607  161.580  161.752  161.719  161.747  161.720  161.472  161.439  161.467  161.440
..                  ...      ...      ...      ...      ...          ...     ...          ...      ...      ...      ...      ...      ...      ...      ...      ...      ...      ...      ...      ...
214 2024-10-04 18:02:00  162.923  162.928  162.866  162.905          138      14            0  162.928  162.866  162.905  162.923  163.068  163.006  163.045  163.063  162.788  162.726  162.765  162.783
215 2024-10-04 18:03:00  162.904  162.918  162.885  162.900          141      17            0  162.918  162.885  162.900  162.904  163.088  163.055  163.070  163.074  162.748  162.715  162.730  162.734
216 2024-10-04 18:04:00  162.899  162.911  162.882  162.896          113      15            0  162.911  162.882  162.896  162.899  163.061  163.032  163.046  163.049  162.761  162.732  162.746  162.749
217 2024-10-04 18:05:00  162.898  162.970  162.898  162.950          131      16            0  162.970  162.898  162.950  162.898  163.130  163.058  163.110  163.058  162.810  162.738  162.790  162.738
218 2024-10-04 18:06:00  162.951  162.957  162.900  162.907          133      14            0  162.957  162.900  162.907  162.951  163.097  163.040  163.047  163.091  162.817  162.760  162.767  162.811

[219 rows x 20 columns]
2024-10-04 *** 16:07:42 process_candles:
       PAIR                time    mid_c    mid_o       BB_UP       BB_MA       BB_LW   SL   TP  SPREAD     GAIN     LOSS  SIGNAL
214  EURJPY 2024-10-04 18:02:00  162.905  162.923  162.983222  162.920333  162.857445  0.0  0.0    0.14 -0.00920  162.905       0
215  EURJPY 2024-10-04 18:03:00  162.900  162.904  162.981485  162.917700  162.853915  0.0  0.0    0.17 -0.01062  162.900       0
216  EURJPY 2024-10-04 18:04:00  162.896  162.899  162.978201  162.914067  162.849933  0.0  0.0    0.15 -0.01084  162.896       0
217  EURJPY 2024-10-04 18:05:00  162.950  162.898  162.979155  162.914433  162.849711  0.0  0.0    0.16  0.02134  162.950       0
218  EURJPY 2024-10-04 18:06:00  162.907  162.951  162.962844  162.909733  162.856623  0.0  0.0    0.14 -0.00164  162.907       0
2024-10-04 *** 16:08:41 Adding work : {'instrument': 'EURJPY', 'ask': 162.87, 'bid': 162.849, 'time': datetime.datetime(2024, 10, 4, 18, 8, 34, 10000)}
2024-10-04 *** 16:08:59                    time     open     high      low    close  tick_volume  spread  real_volume    mid_h    mid_l    mid_c    mid_o    ask_h    ask_l    ask_c    ask_o    bid_h    bid_l    bid_c    bid_o
0   2024-10-04 14:29:00  161.558  161.564  161.548  161.562           67      14            0  161.564  161.548  161.562  161.558  161.704  161.688  161.702  161.698  161.424  161.408  161.422  161.418
1   2024-10-04 14:30:00  161.561  161.588  161.561  161.567           43      15            0  161.588  161.561  161.567  161.561  161.738  161.711  161.717  161.711  161.438  161.411  161.417  161.411
2   2024-10-04 14:31:00  161.566  161.590  161.566  161.580           47      15            0  161.590  161.566  161.580  161.566  161.740  161.716  161.730  161.716  161.440  161.416  161.430  161.416
3   2024-10-04 14:32:00  161.580  161.612  161.579  161.607           79      14            0  161.612  161.579  161.607  161.580  161.752  161.719  161.747  161.720  161.472  161.439  161.467  161.440
4   2024-10-04 14:33:00  161.607  161.618  161.584  161.618           89      16            0  161.618  161.584  161.618  161.607  161.778  161.744  161.778  161.767  161.458  161.424  161.458  161.447
..                  ...      ...      ...      ...      ...          ...     ...          ...      ...      ...      ...      ...      ...      ...      ...      ...      ...      ...      ...      ...
214 2024-10-04 18:03:00  162.904  162.918  162.885  162.900          141      17            0  162.918  162.885  162.900  162.904  163.088  163.055  163.070  163.074  162.748  162.715  162.730  162.734
215 2024-10-04 18:04:00  162.899  162.911  162.882  162.896          113      15            0  162.911  162.882  162.896  162.899  163.061  163.032  163.046  163.049  162.761  162.732  162.746  162.749
216 2024-10-04 18:05:00  162.898  162.970  162.898  162.950          131      16            0  162.970  162.898  162.950  162.898  163.130  163.058  163.110  163.058  162.810  162.738  162.790  162.738
217 2024-10-04 18:06:00  162.951  162.957  162.900  162.907          133      14            0  162.957  162.900  162.907  162.951  163.097  163.040  163.047  163.091  162.817  162.760  162.767  162.811
218 2024-10-04 18:07:00  162.908  162.916  162.867  162.877          112      17            0  162.916  162.867  162.877  162.908  163.086  163.037  163.047  163.078  162.746  162.697  162.707  162.738

[219 rows x 20 columns]
2024-10-04 *** 16:08:59 process_candles:
       PAIR                time    mid_c    mid_o       BB_UP       BB_MA       BB_LW   SL   TP  SPREAD     GAIN     LOSS  SIGNAL
214  EURJPY 2024-10-04 18:03:00  162.900  162.904  162.981485  162.917700  162.853915  0.0  0.0    0.17 -0.01062  162.900       0
215  EURJPY 2024-10-04 18:04:00  162.896  162.899  162.978201  162.914067  162.849933  0.0  0.0    0.15 -0.01084  162.896       0
216  EURJPY 2024-10-04 18:05:00  162.950  162.898  162.979155  162.914433  162.849711  0.0  0.0    0.16  0.02134  162.950       0
217  EURJPY 2024-10-04 18:06:00  162.907  162.951  162.962844  162.909733  162.856623  0.0  0.0    0.14 -0.00164  162.907       0
218  EURJPY 2024-10-04 18:07:00  162.877  162.908  162.942339  162.902233  162.862127  0.0  0.0    0.17 -0.01514  162.877       0
2024-10-04 *** 16:10:13                    time     open     high      low    close  tick_volume  spread  real_volume    mid_h    mid_l    mid_c    mid_o    ask_h    ask_l    ask_c    ask_o    bid_h    bid_l    bid_c    bid_o
0   2024-10-04 14:31:00  161.566  161.590  161.566  161.580           47      15            0  161.590  161.566  161.580  161.566  161.740  161.716  161.730  161.716  161.440  161.416  161.430  161.416
1   2024-10-04 14:32:00  161.580  161.612  161.579  161.607           79      14            0  161.612  161.579  161.607  161.580  161.752  161.719  161.747  161.720  161.472  161.439  161.467  161.440
2   2024-10-04 14:33:00  161.607  161.618  161.584  161.618           89      16            0  161.618  161.584  161.618  161.607  161.778  161.744  161.778  161.767  161.458  161.424  161.458  161.447
3   2024-10-04 14:34:00  161.618  161.646  161.609  161.620           74      14            0  161.646  161.609  161.620  161.618  161.786  161.749  161.760  161.758  161.506  161.469  161.480  161.478
4   2024-10-04 14:35:00  161.621  161.623  161.601  161.617           36      15            0  161.623  161.601  161.617  161.621  161.773  161.751  161.767  161.771  161.473  161.451  161.467  161.471
..                  ...      ...      ...      ...      ...          ...     ...          ...      ...      ...      ...      ...      ...      ...      ...      ...      ...      ...      ...      ...
214 2024-10-04 18:05:00  162.898  162.970  162.898  162.950          131      16            0  162.970  162.898  162.950  162.898  163.130  163.058  163.110  163.058  162.810  162.738  162.790  162.738
215 2024-10-04 18:06:00  162.951  162.957  162.900  162.907          133      14            0  162.957  162.900  162.907  162.951  163.097  163.040  163.047  163.091  162.817  162.760  162.767  162.811
216 2024-10-04 18:07:00  162.908  162.916  162.867  162.877          112      17            0  162.916  162.867  162.877  162.908  163.086  163.037  163.047  163.078  162.746  162.697  162.707  162.738
217 2024-10-04 18:08:00  162.877  162.887  162.837  162.882          122      15            0  162.887  162.837  162.882  162.877  163.037  162.987  163.032  163.027  162.737  162.687  162.732  162.727
218 2024-10-04 18:09:00  162.878  162.887  162.851  162.862          125      17            0  162.887  162.851  162.862  162.878  163.057  163.021  163.032  163.048  162.717  162.681  162.692  162.708

[219 rows x 20 columns]
2024-10-04 *** 16:10:13 process_candles:
       PAIR                time    mid_c    mid_o       BB_UP       BB_MA       BB_LW   SL   TP  SPREAD     GAIN     LOSS  SIGNAL
214  EURJPY 2024-10-04 18:05:00  162.950  162.898  162.979155  162.914433  162.849711  0.0  0.0    0.16  0.02134  162.950       0
215  EURJPY 2024-10-04 18:06:00  162.907  162.951  162.962844  162.909733  162.856623  0.0  0.0    0.14 -0.00164  162.907       0
216  EURJPY 2024-10-04 18:07:00  162.877  162.908  162.942339  162.902233  162.862127  0.0  0.0    0.17 -0.01514  162.877       0
217  EURJPY 2024-10-04 18:08:00  162.882  162.877  162.940986  162.897367  162.853747  0.0  0.0    0.15 -0.00922  162.882       0
218  EURJPY 2024-10-04 18:09:00  162.862  162.878  162.942448  162.894667  162.846885  0.0  0.0    0.17 -0.01960  162.862       0
2024-10-04 *** 16:10:18 Adding work : {'instrument': 'EURJPY', 'ask': 162.879, 'bid': 162.858, 'time': datetime.datetime(2024, 10, 4, 18, 10, 13, 946000)}
2024-10-04 *** 16:10:53                    time     open     high      low    close  tick_volume  spread  real_volume    mid_h    mid_l    mid_c    mid_o    ask_h    ask_l    ask_c    ask_o    bid_h    bid_l    bid_c    bid_o
0   2024-10-04 14:31:00  161.566  161.590  161.566  161.580           47      15            0  161.590  161.566  161.580  161.566  161.740  161.716  161.730  161.716  161.440  161.416  161.430  161.416
1   2024-10-04 14:32:00  161.580  161.612  161.579  161.607           79      14            0  161.612  161.579  161.607  161.580  161.752  161.719  161.747  161.720  161.472  161.439  161.467  161.440
2   2024-10-04 14:33:00  161.607  161.618  161.584  161.618           89      16            0  161.618  161.584  161.618  161.607  161.778  161.744  161.778  161.767  161.458  161.424  161.458  161.447
3   2024-10-04 14:34:00  161.618  161.646  161.609  161.620           74      14            0  161.646  161.609  161.620  161.618  161.786  161.749  161.760  161.758  161.506  161.469  161.480  161.478
4   2024-10-04 14:35:00  161.621  161.623  161.601  161.617           36      15            0  161.623  161.601  161.617  161.621  161.773  161.751  161.767  161.771  161.473  161.451  161.467  161.471
..                  ...      ...      ...      ...      ...          ...     ...          ...      ...      ...      ...      ...      ...      ...      ...      ...      ...      ...      ...      ...
214 2024-10-04 18:05:00  162.898  162.970  162.898  162.950          131      16            0  162.970  162.898  162.950  162.898  163.130  163.058  163.110  163.058  162.810  162.738  162.790  162.738
215 2024-10-04 18:06:00  162.951  162.957  162.900  162.907          133      14            0  162.957  162.900  162.907  162.951  163.097  163.040  163.047  163.091  162.817  162.760  162.767  162.811
216 2024-10-04 18:07:00  162.908  162.916  162.867  162.877          112      17            0  162.916  162.867  162.877  162.908  163.086  163.037  163.047  163.078  162.746  162.697  162.707  162.738
217 2024-10-04 18:08:00  162.877  162.887  162.837  162.882          122      15            0  162.887  162.837  162.882  162.877  163.037  162.987  163.032  163.027  162.737  162.687  162.732  162.727
218 2024-10-04 18:09:00  162.878  162.887  162.851  162.862          125      17            0  162.887  162.851  162.862  162.878  163.057  163.021  163.032  163.048  162.717  162.681  162.692  162.708

[219 rows x 20 columns]
2024-10-04 *** 16:10:53 process_candles:
       PAIR                time    mid_c    mid_o       BB_UP       BB_MA       BB_LW   SL   TP  SPREAD     GAIN     LOSS  SIGNAL
214  EURJPY 2024-10-04 18:05:00  162.950  162.898  162.979155  162.914433  162.849711  0.0  0.0    0.16  0.02134  162.950       0
215  EURJPY 2024-10-04 18:06:00  162.907  162.951  162.962844  162.909733  162.856623  0.0  0.0    0.14 -0.00164  162.907       0
216  EURJPY 2024-10-04 18:07:00  162.877  162.908  162.942339  162.902233  162.862127  0.0  0.0    0.17 -0.01514  162.877       0
217  EURJPY 2024-10-04 18:08:00  162.882  162.877  162.940986  162.897367  162.853747  0.0  0.0    0.15 -0.00922  162.882       0
218  EURJPY 2024-10-04 18:09:00  162.862  162.878  162.942448  162.894667  162.846885  0.0  0.0    0.17 -0.01960  162.862       0
