2024-10-09 *** 09:17:00 LogWrapper init() ./logs/EURUSD.log
2024-10-09 *** 09:17:00 EURUSD
2024-10-09 *** 09:17:16 Adding work : {'instrument': 'EURUSD', 'ask': 1.09628, 'bid': 1.09615, 'time': datetime.datetime(2024, 10, 9, 11, 17, 8, 123000)}
2024-10-09 *** 09:17:34                    time     open     high      low    close  tick_volume  spread  real_volume    mid_h    mid_l    mid_c    mid_o    ask_h    ask_l    ask_c    ask_o    bid_h    bid_l    bid_c    bid_o
0   2024-10-08 16:55:00  1.09755  1.09792  1.09752  1.09773          508      11            0  1.09792  1.09752  1.09773  1.09755  1.09902  1.09862  1.09883  1.09865  1.09682  1.09642  1.09663  1.09645
1   2024-10-08 17:00:00  1.09772  1.09788  1.09759  1.09772          471      11            0  1.09788  1.09759  1.09772  1.09772  1.09898  1.09869  1.09882  1.09882  1.09678  1.09649  1.09662  1.09662
2   2024-10-08 17:05:00  1.09773  1.09782  1.09748  1.09769          361      11            0  1.09782  1.09748  1.09769  1.09773  1.09892  1.09858  1.09879  1.09883  1.09672  1.09638  1.09659  1.09663
3   2024-10-08 17:10:00  1.09769  1.09769  1.09747  1.09756          334      11            0  1.09769  1.09747  1.09756  1.09769  1.09879  1.09857  1.09866  1.09879  1.09659  1.09637  1.09646  1.09659
4   2024-10-08 17:15:00  1.09756  1.09786  1.09752  1.09785          321      11            0  1.09786  1.09752  1.09785  1.09756  1.09896  1.09862  1.09895  1.09866  1.09676  1.09642  1.09675  1.09646
..                  ...      ...      ...      ...      ...          ...     ...          ...      ...      ...      ...      ...      ...      ...      ...      ...      ...      ...      ...      ...
214 2024-10-09 10:50:00  1.09612  1.09612  1.09583  1.09587          346      11            0  1.09612  1.09583  1.09587  1.09612  1.09722  1.09693  1.09697  1.09722  1.09502  1.09473  1.09477  1.09502
215 2024-10-09 10:55:00  1.09588  1.09607  1.09578  1.09599          368      11            0  1.09607  1.09578  1.09599  1.09588  1.09717  1.09688  1.09709  1.09698  1.09497  1.09468  1.09489  1.09478
216 2024-10-09 11:00:00  1.09598  1.09617  1.09581  1.09606          391      11            0  1.09617  1.09581  1.09606  1.09598  1.09727  1.09691  1.09716  1.09708  1.09507  1.09471  1.09496  1.09488
217 2024-10-09 11:05:00  1.09606  1.09623  1.09605  1.09622          227      11            0  1.09623  1.09605  1.09622  1.09606  1.09733  1.09715  1.09732  1.09716  1.09513  1.09495  1.09512  1.09496
218 2024-10-09 11:10:00  1.09623  1.09636  1.09609  1.09631          269      11            0  1.09636  1.09609  1.09631  1.09623  1.09746  1.09719  1.09741  1.09733  1.09526  1.09499  1.09521  1.09513

[219 rows x 20 columns]
2024-10-09 *** 09:17:34 process_candles:
       PAIR                time    mid_c    mid_o     BB_UP     BB_MA     BB_LW   SL   TP  SPREAD      GAIN     LOSS  SIGNAL
214  EURUSD 2024-10-09 10:50:00  1.09587  1.09612  1.096644  1.095879  1.095114  0.0  0.0  0.0011  0.000018  1.09587       0
215  EURUSD 2024-10-09 10:55:00  1.09599  1.09588  1.096658  1.095906  1.095153  0.0  0.0  0.0011  0.000169  1.09599       0
216  EURUSD 2024-10-09 11:00:00  1.09606  1.09598  1.096575  1.095982  1.095389  0.0  0.0  0.0011  0.000155  1.09606       0
217  EURUSD 2024-10-09 11:05:00  1.09622  1.09606  1.096502  1.096058  1.095613  0.0  0.0  0.0011  0.000325  1.09622       0
218  EURUSD 2024-10-09 11:10:00  1.09631  1.09623  1.096510  1.096108  1.095706  0.0  0.0  0.0011  0.000404  1.09631       0
2024-10-09 *** 09:20:23                    time     open     high      low    close  tick_volume  spread  real_volume    mid_h    mid_l    mid_c    mid_o    ask_h    ask_l    ask_c    ask_o    bid_h    bid_l    bid_c    bid_o
0   2024-10-08 17:00:00  1.09772  1.09788  1.09759  1.09772          471      11            0  1.09788  1.09759  1.09772  1.09772  1.09898  1.09869  1.09882  1.09882  1.09678  1.09649  1.09662  1.09662
1   2024-10-08 17:05:00  1.09773  1.09782  1.09748  1.09769          361      11            0  1.09782  1.09748  1.09769  1.09773  1.09892  1.09858  1.09879  1.09883  1.09672  1.09638  1.09659  1.09663
2   2024-10-08 17:10:00  1.09769  1.09769  1.09747  1.09756          334      11            0  1.09769  1.09747  1.09756  1.09769  1.09879  1.09857  1.09866  1.09879  1.09659  1.09637  1.09646  1.09659
3   2024-10-08 17:15:00  1.09756  1.09786  1.09752  1.09785          321      11            0  1.09786  1.09752  1.09785  1.09756  1.09896  1.09862  1.09895  1.09866  1.09676  1.09642  1.09675  1.09646
4   2024-10-08 17:20:00  1.09785  1.09798  1.09762  1.09773          330      11            0  1.09798  1.09762  1.09773  1.09785  1.09908  1.09872  1.09883  1.09895  1.09688  1.09652  1.09663  1.09675
..                  ...      ...      ...      ...      ...          ...     ...          ...      ...      ...      ...      ...      ...      ...      ...      ...      ...      ...      ...      ...
214 2024-10-09 10:55:00  1.09588  1.09607  1.09578  1.09599          368      11            0  1.09607  1.09578  1.09599  1.09588  1.09717  1.09688  1.09709  1.09698  1.09497  1.09468  1.09489  1.09478
215 2024-10-09 11:00:00  1.09598  1.09617  1.09581  1.09606          391      11            0  1.09617  1.09581  1.09606  1.09598  1.09727  1.09691  1.09716  1.09708  1.09507  1.09471  1.09496  1.09488
216 2024-10-09 11:05:00  1.09606  1.09623  1.09605  1.09622          227      11            0  1.09623  1.09605  1.09622  1.09606  1.09733  1.09715  1.09732  1.09716  1.09513  1.09495  1.09512  1.09496
217 2024-10-09 11:10:00  1.09623  1.09636  1.09609  1.09631          269      11            0  1.09636  1.09609  1.09631  1.09623  1.09746  1.09719  1.09741  1.09733  1.09526  1.09499  1.09521  1.09513
218 2024-10-09 11:15:00  1.09633  1.09633  1.09596  1.09606          271      11            0  1.09633  1.09596  1.09606  1.09633  1.09743  1.09706  1.09716  1.09743  1.09523  1.09486  1.09496  1.09523

[219 rows x 20 columns]
2024-10-09 *** 09:20:23 process_candles:
       PAIR                time    mid_c    mid_o     BB_UP     BB_MA     BB_LW   SL   TP  SPREAD      GAIN     LOSS  SIGNAL
214  EURUSD 2024-10-09 10:55:00  1.09599  1.09588  1.096658  1.095906  1.095153  0.0  0.0  0.0011  0.000169  1.09599       0
215  EURUSD 2024-10-09 11:00:00  1.09606  1.09598  1.096575  1.095982  1.095389  0.0  0.0  0.0011  0.000155  1.09606       0
216  EURUSD 2024-10-09 11:05:00  1.09622  1.09606  1.096502  1.096058  1.095613  0.0  0.0  0.0011  0.000325  1.09622       0
217  EURUSD 2024-10-09 11:10:00  1.09631  1.09623  1.096510  1.096108  1.095706  0.0  0.0  0.0011  0.000404  1.09631       0
218  EURUSD 2024-10-09 11:15:00  1.09606  1.09633  1.096479  1.096140  1.095801  0.0  0.0  0.0011  0.000159  1.09606       0
