2024-10-09 *** 09:17:00 LogWrapper init() ./logs/GBPCHF.log
2024-10-09 *** 09:17:00 GBPCHF
2024-10-09 *** 09:17:37 GBPCHF ticket id:690184082 is now being monitored
2024-10-09 *** 09:17:50 GBPCHF ticket id:690184500 is now being monitored
2024-10-09 *** 09:18:04 GBPCHF ticket id:690191505 is now being monitored
2024-10-09 *** 09:18:14 GBPCHF ticket id:690191567 is now being monitored
2024-10-09 *** 09:18:29 GBPCHF ticket id:690191674 is now being monitored
2024-10-09 *** 09:18:46 Adding work : {'instrument': 'GBPCHF', 'ask': 1.12089, 'bid': 1.12072, 'time': datetime.datetime(2024, 10, 9, 11, 18, 40, 890000)}
2024-10-09 *** 09:18:48                    time     open     high      low    close  tick_volume  spread  real_volume    mid_h    mid_l    mid_c    mid_o    ask_h    ask_l    ask_c    ask_o    bid_h    bid_l    bid_c    bid_o
0   2024-10-08 16:55:00  1.12256  1.12280  1.12238  1.12267          457      12            0  1.12280  1.12238  1.12267  1.12256  1.12400  1.12358  1.12387  1.12376  1.12160  1.12118  1.12147  1.12136
1   2024-10-08 17:00:00  1.12268  1.12316  1.12252  1.12257          492      12            0  1.12316  1.12252  1.12257  1.12268  1.12436  1.12372  1.12377  1.12388  1.12196  1.12132  1.12137  1.12148
2   2024-10-08 17:05:00  1.12259  1.12259  1.12197  1.12218          494      12            0  1.12259  1.12197  1.12218  1.12259  1.12379  1.12317  1.12338  1.12379  1.12139  1.12077  1.12098  1.12139
3   2024-10-08 17:10:00  1.12219  1.12219  1.12177  1.12206          328      15            0  1.12219  1.12177  1.12206  1.12219  1.12369  1.12327  1.12356  1.12369  1.12069  1.12027  1.12056  1.12069
4   2024-10-08 17:15:00  1.12208  1.12210  1.12186  1.12207          228      13            0  1.12210  1.12186  1.12207  1.12208  1.12340  1.12316  1.12337  1.12338  1.12080  1.12056  1.12077  1.12078
..                  ...      ...      ...      ...      ...          ...     ...          ...      ...      ...      ...      ...      ...      ...      ...      ...      ...      ...      ...      ...
214 2024-10-09 10:50:00  1.12083  1.12113  1.12072  1.12103          371      12            0  1.12113  1.12072  1.12103  1.12083  1.12233  1.12192  1.12223  1.12203  1.11993  1.11952  1.11983  1.11963
215 2024-10-09 10:55:00  1.12102  1.12134  1.12081  1.12134          465      12            0  1.12134  1.12081  1.12134  1.12102  1.12254  1.12201  1.12254  1.12222  1.12014  1.11961  1.12014  1.11982
216 2024-10-09 11:00:00  1.12134  1.12165  1.12127  1.12133          433      12            0  1.12165  1.12127  1.12133  1.12134  1.12285  1.12247  1.12253  1.12254  1.12045  1.12007  1.12013  1.12014
217 2024-10-09 11:05:00  1.12132  1.12134  1.12081  1.12082          356      12            0  1.12134  1.12081  1.12082  1.12132  1.12254  1.12201  1.12202  1.12252  1.12014  1.11961  1.11962  1.12012
218 2024-10-09 11:10:00  1.12083  1.12129  1.12083  1.12127          336      12            0  1.12129  1.12083  1.12127  1.12083  1.12249  1.12203  1.12247  1.12203  1.12009  1.11963  1.12007  1.11963

[219 rows x 20 columns]
2024-10-09 *** 09:18:48 process_candles:
       PAIR                time    mid_c    mid_o     BB_UP     BB_MA     BB_LW        SL        TP  SPREAD      GAIN      LOSS  SIGNAL
214  GBPCHF 2024-10-09 10:50:00  1.12103  1.12083  1.121245  1.120488  1.119732  1.121138  1.119947  0.0012  0.001083  0.000108      -1
215  GBPCHF 2024-10-09 10:55:00  1.12134  1.12102  1.121428  1.120566  1.119703  1.121495  1.119791  0.0012  0.001549  0.000155      -1
216  GBPCHF 2024-10-09 11:00:00  1.12133  1.12134  1.121492  1.120741  1.119991  1.121448  1.120153  0.0012  0.001177  0.000118      -1
217  GBPCHF 2024-10-09 11:05:00  1.12082  1.12132  1.121445  1.120829  1.120213  0.000000  0.000000  0.0012  0.000019  1.120820       0
218  GBPCHF 2024-10-09 11:10:00  1.12127  1.12083  1.121497  1.120886  1.120276  1.121347  1.120503  0.0012  0.000767  0.000077      -1
2024-10-09 *** 09:18:48 CandleWorker GBPCHF TradeDecision TradeDecision():0 GBPCHF dir:-1 gain:0.0008 loss:0.0001 sl:1.1213  tp:1.1205
2024-10-09 *** 09:18:48 TradeWorker : TradeDecision():0 GBPCHF dir:-1 gain:0.0008 loss:0.0001 sl:1.1213  tp:1.1205
2024-10-09 *** 09:18:55 Failed to place trade TradeDecision():0 GBPCHF dir:-1 gain:0.0008 loss:0.0001 sl:1.1213  tp:1.1205, already open: (TradePosition(ticket=690191674, time=1728472541, time_msc=1728472541448, time_update=1728472541, time_update_msc=1728472541448, type=0, magic=123, identifier=690191674, reason=3, volume=0.01, price_open=1.1213, sl=0.0, tp=0.0, price_current=1.1207, swap=0.0, profit=-0.7, symbol='GBPCHF', comment='python script co', external_id=''),)
