2024-10-04 *** 16:00:06 LogWrapper init() ./logs/GBPJPY.log
2024-10-04 *** 16:00:06 GBPJPY
2024-10-04 *** 16:00:27 Adding work : {'instrument': 'GBPJPY', 'ask': 194.729, 'bid': 194.706, 'time': datetime.datetime(2024, 10, 4, 18, 0, 22, 411000)}
2024-10-04 *** 16:00:29                    time     open     high      low    close  tick_volume  spread  real_volume    mid_h    mid_l    mid_c    mid_o    ask_h    ask_l    ask_c    ask_o    bid_h    bid_l    bid_c    bid_o
0   2024-10-04 14:21:00  192.957  192.963  192.906  192.908           62      19            0  192.963  192.906  192.908  192.957  193.153  193.096  193.098  193.147  192.773  192.716  192.718  192.767
1   2024-10-04 14:22:00  192.906  192.919  192.882  192.905           57      19            0  192.919  192.882  192.905  192.906  193.109  193.072  193.095  193.096  192.729  192.692  192.715  192.716
2   2024-10-04 14:23:00  192.911  192.912  192.855  192.855           61      18            0  192.912  192.855  192.855  192.911  193.092  193.035  193.035  193.091  192.732  192.675  192.675  192.731
3   2024-10-04 14:24:00  192.853  192.858  192.831  192.846           53      17            0  192.858  192.831  192.846  192.853  193.028  193.001  193.016  193.023  192.688  192.661  192.676  192.683
4   2024-10-04 14:25:00  192.843  192.863  192.816  192.828           66      18            0  192.863  192.816  192.828  192.843  193.043  192.996  193.008  193.023  192.683  192.636  192.648  192.663
..                  ...      ...      ...      ...      ...          ...     ...          ...      ...      ...      ...      ...      ...      ...      ...      ...      ...      ...      ...      ...
214 2024-10-04 17:55:00  194.717  194.749  194.685  194.701          144      20            0  194.749  194.685  194.701  194.717  194.949  194.885  194.901  194.917  194.549  194.485  194.501  194.517
215 2024-10-04 17:56:00  194.708  194.814  194.708  194.814          146      21            0  194.814  194.708  194.814  194.708  195.024  194.918  195.024  194.918  194.604  194.498  194.604  194.498
216 2024-10-04 17:57:00  194.815  194.826  194.747  194.757          156      20            0  194.826  194.747  194.757  194.815  195.026  194.947  194.957  195.015  194.626  194.547  194.557  194.615
217 2024-10-04 17:58:00  194.756  194.780  194.720  194.733          110      20            0  194.780  194.720  194.733  194.756  194.980  194.920  194.933  194.956  194.580  194.520  194.533  194.556
218 2024-10-04 17:59:00  194.730  194.739  194.698  194.716          113      16            0  194.739  194.698  194.716  194.730  194.899  194.858  194.876  194.890  194.579  194.538  194.556  194.570

[219 rows x 20 columns]
2024-10-04 *** 16:00:29 process_candles:
       PAIR                time    mid_c    mid_o       BB_UP       BB_MA       BB_LW   SL   TP  SPREAD     GAIN     LOSS  SIGNAL
214  GBPJPY 2024-10-04 17:55:00  194.701  194.717  194.763818  194.638967  194.514116  0.0  0.0    0.20  0.03722  194.701       0
215  GBPJPY 2024-10-04 17:56:00  194.814  194.708  194.805118  194.657567  194.510016  0.0  0.0    0.21  0.09386  194.814       0
216  GBPJPY 2024-10-04 17:57:00  194.757  194.815  194.831125  194.677233  194.523342  0.0  0.0    0.20  0.04786  194.757       0
217  GBPJPY 2024-10-04 17:58:00  194.733  194.756  194.826187  194.696700  194.567213  0.0  0.0    0.20  0.02178  194.733       0
218  GBPJPY 2024-10-04 17:59:00  194.716  194.730  194.808479  194.710933  194.613387  0.0  0.0    0.16  0.00304  194.716       0
2024-10-04 *** 16:02:07 Adding work : {'instrument': 'GBPJPY', 'ask': 194.741, 'bid': 194.717, 'time': datetime.datetime(2024, 10, 4, 18, 2, 0, 779000)}
2024-10-04 *** 16:02:09                    time     open     high      low    close  tick_volume  spread  real_volume    mid_h    mid_l    mid_c    mid_o    ask_h    ask_l    ask_c    ask_o    bid_h    bid_l    bid_c    bid_o
0   2024-10-04 14:23:00  192.911  192.912  192.855  192.855           61      18            0  192.912  192.855  192.855  192.911  193.092  193.035  193.035  193.091  192.732  192.675  192.675  192.731
1   2024-10-04 14:24:00  192.853  192.858  192.831  192.846           53      17            0  192.858  192.831  192.846  192.853  193.028  193.001  193.016  193.023  192.688  192.661  192.676  192.683
2   2024-10-04 14:25:00  192.843  192.863  192.816  192.828           66      18            0  192.863  192.816  192.828  192.843  193.043  192.996  193.008  193.023  192.683  192.636  192.648  192.663
3   2024-10-04 14:26:00  192.829  192.829  192.807  192.809           40      18            0  192.829  192.807  192.809  192.829  193.009  192.987  192.989  193.009  192.649  192.627  192.629  192.649
4   2024-10-04 14:27:00  192.810  192.848  192.804  192.848           53      21            0  192.848  192.804  192.848  192.810  193.058  193.014  193.058  193.020  192.638  192.594  192.638  192.600
..                  ...      ...      ...      ...      ...          ...     ...          ...      ...      ...      ...      ...      ...      ...      ...      ...      ...      ...      ...      ...
214 2024-10-04 17:57:00  194.815  194.826  194.747  194.757          156      20            0  194.826  194.747  194.757  194.815  195.026  194.947  194.957  195.015  194.626  194.547  194.557  194.615
215 2024-10-04 17:58:00  194.756  194.780  194.720  194.733          110      20            0  194.780  194.720  194.733  194.756  194.980  194.920  194.933  194.956  194.580  194.520  194.533  194.556
216 2024-10-04 17:59:00  194.730  194.739  194.698  194.716          113      16            0  194.739  194.698  194.716  194.730  194.899  194.858  194.876  194.890  194.579  194.538  194.556  194.570
217 2024-10-04 18:00:00  194.711  194.718  194.672  194.672          155      22            0  194.718  194.672  194.672  194.711  194.938  194.892  194.892  194.931  194.498  194.452  194.452  194.491
218 2024-10-04 18:01:00  194.673  194.719  194.655  194.719          126      20            0  194.719  194.655  194.719  194.673  194.919  194.855  194.919  194.873  194.519  194.455  194.519  194.473

[219 rows x 20 columns]
2024-10-04 *** 16:02:09 process_candles:
       PAIR                time    mid_c    mid_o       BB_UP       BB_MA       BB_LW   SL   TP  SPREAD     GAIN     LOSS  SIGNAL
214  GBPJPY 2024-10-04 17:57:00  194.757  194.815  194.831125  194.677233  194.523342  0.0  0.0    0.20  0.04786  194.757       0
215  GBPJPY 2024-10-04 17:58:00  194.733  194.756  194.826187  194.696700  194.567213  0.0  0.0    0.20  0.02178  194.733       0
216  GBPJPY 2024-10-04 17:59:00  194.716  194.730  194.808479  194.710933  194.613387  0.0  0.0    0.16  0.00304  194.716       0
217  GBPJPY 2024-10-04 18:00:00  194.672  194.711  194.795299  194.717467  194.639634  0.0  0.0    0.22 -0.02728  194.672       0
218  GBPJPY 2024-10-04 18:01:00  194.719  194.673  194.792594  194.720100  194.647606  0.0  0.0    0.20 -0.00066  194.719       0
2024-10-04 *** 16:03:42 Adding work : {'instrument': 'GBPJPY', 'ask': 194.694, 'bid': 194.666, 'time': datetime.datetime(2024, 10, 4, 18, 3, 37, 103000)}
2024-10-04 *** 16:03:44                    time     open     high      low    close  tick_volume  spread  real_volume    mid_h    mid_l    mid_c    mid_o    ask_h    ask_l    ask_c    ask_o    bid_h    bid_l    bid_c    bid_o
0   2024-10-04 14:24:00  192.853  192.858  192.831  192.846           53      17            0  192.858  192.831  192.846  192.853  193.028  193.001  193.016  193.023  192.688  192.661  192.676  192.683
1   2024-10-04 14:25:00  192.843  192.863  192.816  192.828           66      18            0  192.863  192.816  192.828  192.843  193.043  192.996  193.008  193.023  192.683  192.636  192.648  192.663
2   2024-10-04 14:26:00  192.829  192.829  192.807  192.809           40      18            0  192.829  192.807  192.809  192.829  193.009  192.987  192.989  193.009  192.649  192.627  192.629  192.649
3   2024-10-04 14:27:00  192.810  192.848  192.804  192.848           53      21            0  192.848  192.804  192.848  192.810  193.058  193.014  193.058  193.020  192.638  192.594  192.638  192.600
4   2024-10-04 14:28:00  192.849  192.860  192.834  192.853           42      19            0  192.860  192.834  192.853  192.849  193.050  193.024  193.043  193.039  192.670  192.644  192.663  192.659
..                  ...      ...      ...      ...      ...          ...     ...          ...      ...      ...      ...      ...      ...      ...      ...      ...      ...      ...      ...      ...
214 2024-10-04 17:58:00  194.756  194.780  194.720  194.733          110      20            0  194.780  194.720  194.733  194.756  194.980  194.920  194.933  194.956  194.580  194.520  194.533  194.556
215 2024-10-04 17:59:00  194.730  194.739  194.698  194.716          113      16            0  194.739  194.698  194.716  194.730  194.899  194.858  194.876  194.890  194.579  194.538  194.556  194.570
216 2024-10-04 18:00:00  194.711  194.718  194.672  194.672          155      22            0  194.718  194.672  194.672  194.711  194.938  194.892  194.892  194.931  194.498  194.452  194.452  194.491
217 2024-10-04 18:01:00  194.673  194.719  194.655  194.719          126      20            0  194.719  194.655  194.719  194.673  194.919  194.855  194.919  194.873  194.519  194.455  194.519  194.473
218 2024-10-04 18:02:00  194.718  194.719  194.659  194.686          129      21            0  194.719  194.659  194.686  194.718  194.929  194.869  194.896  194.928  194.509  194.449  194.476  194.508

[219 rows x 20 columns]
2024-10-04 *** 16:03:44 process_candles:
       PAIR                time    mid_c    mid_o       BB_UP       BB_MA       BB_LW   SL   TP  SPREAD     GAIN     LOSS  SIGNAL
214  GBPJPY 2024-10-04 17:58:00  194.733  194.756  194.826187  194.696700  194.567213  0.0  0.0    0.20  0.02178  194.733       0
215  GBPJPY 2024-10-04 17:59:00  194.716  194.730  194.808479  194.710933  194.613387  0.0  0.0    0.16  0.00304  194.716       0
216  GBPJPY 2024-10-04 18:00:00  194.672  194.711  194.795299  194.717467  194.639634  0.0  0.0    0.22 -0.02728  194.672       0
217  GBPJPY 2024-10-04 18:01:00  194.719  194.673  194.792594  194.720100  194.647606  0.0  0.0    0.20 -0.00066  194.719       0
218  GBPJPY 2024-10-04 18:02:00  194.686  194.718  194.789681  194.721867  194.654053  0.0  0.0    0.21 -0.02152  194.686       0
2024-10-04 *** 16:05:07                    time     open     high      low    close  tick_volume  spread  real_volume    mid_h    mid_l    mid_c    mid_o    ask_h    ask_l    ask_c    ask_o    bid_h    bid_l    bid_c    bid_o
0   2024-10-04 14:26:00  192.829  192.829  192.807  192.809           40      18            0  192.829  192.807  192.809  192.829  193.009  192.987  192.989  193.009  192.649  192.627  192.629  192.649
1   2024-10-04 14:27:00  192.810  192.848  192.804  192.848           53      21            0  192.848  192.804  192.848  192.810  193.058  193.014  193.058  193.020  192.638  192.594  192.638  192.600
2   2024-10-04 14:28:00  192.849  192.860  192.834  192.853           42      19            0  192.860  192.834  192.853  192.849  193.050  193.024  193.043  193.039  192.670  192.644  192.663  192.659
3   2024-10-04 14:29:00  192.853  192.855  192.828  192.843           73      19            0  192.855  192.828  192.843  192.853  193.045  193.018  193.033  193.043  192.665  192.638  192.653  192.663
4   2024-10-04 14:30:00  192.844  192.878  192.841  192.856           42      21            0  192.878  192.841  192.856  192.844  193.088  193.051  193.066  193.054  192.668  192.631  192.646  192.634
..                  ...      ...      ...      ...      ...          ...     ...          ...      ...      ...      ...      ...      ...      ...      ...      ...      ...      ...      ...      ...
214 2024-10-04 18:00:00  194.711  194.718  194.672  194.672          155      22            0  194.718  194.672  194.672  194.711  194.938  194.892  194.892  194.931  194.498  194.452  194.452  194.491
215 2024-10-04 18:01:00  194.673  194.719  194.655  194.719          126      20            0  194.719  194.655  194.719  194.673  194.919  194.855  194.919  194.873  194.519  194.455  194.519  194.473
216 2024-10-04 18:02:00  194.718  194.719  194.659  194.686          129      21            0  194.719  194.659  194.686  194.718  194.929  194.869  194.896  194.928  194.509  194.449  194.476  194.508
217 2024-10-04 18:03:00  194.690  194.695  194.660  194.671          120      24            0  194.695  194.660  194.671  194.690  194.935  194.900  194.911  194.930  194.455  194.420  194.431  194.450
218 2024-10-04 18:04:00  194.671  194.698  194.657  194.683           95      24            0  194.698  194.657  194.683  194.671  194.938  194.897  194.923  194.911  194.458  194.417  194.443  194.431

[219 rows x 20 columns]
2024-10-04 *** 16:05:07 process_candles:
       PAIR                time    mid_c    mid_o       BB_UP       BB_MA       BB_LW   SL   TP  SPREAD     GAIN     LOSS  SIGNAL
214  GBPJPY 2024-10-04 18:00:00  194.672  194.711  194.795299  194.717467  194.639634  0.0  0.0    0.22 -0.02728  194.672       0
215  GBPJPY 2024-10-04 18:01:00  194.719  194.673  194.792594  194.720100  194.647606  0.0  0.0    0.20 -0.00066  194.719       0
216  GBPJPY 2024-10-04 18:02:00  194.686  194.718  194.789681  194.721867  194.654053  0.0  0.0    0.21 -0.02152  194.686       0
217  GBPJPY 2024-10-04 18:03:00  194.671  194.690  194.792309  194.719567  194.646824  0.0  0.0    0.24 -0.02914  194.671       0
218  GBPJPY 2024-10-04 18:04:00  194.683  194.671  194.792755  194.715667  194.638578  0.0  0.0    0.24 -0.01960  194.683       0
2024-10-04 *** 16:05:14 Adding work : {'instrument': 'GBPJPY', 'ask': 194.729, 'bid': 194.703, 'time': datetime.datetime(2024, 10, 4, 18, 5, 7, 260000)}
2024-10-04 *** 16:06:07                    time     open     high      low    close  tick_volume  spread  real_volume    mid_h    mid_l    mid_c    mid_o    ask_h    ask_l    ask_c    ask_o    bid_h    bid_l    bid_c    bid_o
0   2024-10-04 14:27:00  192.810  192.848  192.804  192.848           53      21            0  192.848  192.804  192.848  192.810  193.058  193.014  193.058  193.020  192.638  192.594  192.638  192.600
1   2024-10-04 14:28:00  192.849  192.860  192.834  192.853           42      19            0  192.860  192.834  192.853  192.849  193.050  193.024  193.043  193.039  192.670  192.644  192.663  192.659
2   2024-10-04 14:29:00  192.853  192.855  192.828  192.843           73      19            0  192.855  192.828  192.843  192.853  193.045  193.018  193.033  193.043  192.665  192.638  192.653  192.663
3   2024-10-04 14:30:00  192.844  192.878  192.841  192.856           42      21            0  192.878  192.841  192.856  192.844  193.088  193.051  193.066  193.054  192.668  192.631  192.646  192.634
4   2024-10-04 14:31:00  192.856  192.887  192.853  192.873           50      20            0  192.887  192.853  192.873  192.856  193.087  193.053  193.073  193.056  192.687  192.653  192.673  192.656
..                  ...      ...      ...      ...      ...          ...     ...          ...      ...      ...      ...      ...      ...      ...      ...      ...      ...      ...      ...      ...
214 2024-10-04 18:01:00  194.673  194.719  194.655  194.719          126      20            0  194.719  194.655  194.719  194.673  194.919  194.855  194.919  194.873  194.519  194.455  194.519  194.473
215 2024-10-04 18:02:00  194.718  194.719  194.659  194.686          129      21            0  194.719  194.659  194.686  194.718  194.929  194.869  194.896  194.928  194.509  194.449  194.476  194.508
216 2024-10-04 18:03:00  194.690  194.695  194.660  194.671          120      24            0  194.695  194.660  194.671  194.690  194.935  194.900  194.911  194.930  194.455  194.420  194.431  194.450
217 2024-10-04 18:04:00  194.671  194.698  194.657  194.683           95      24            0  194.698  194.657  194.683  194.671  194.938  194.897  194.923  194.911  194.458  194.417  194.443  194.431
218 2024-10-04 18:05:00  194.682  194.776  194.682  194.766          124      20            0  194.776  194.682  194.766  194.682  194.976  194.882  194.966  194.882  194.576  194.482  194.566  194.482

[219 rows x 20 columns]
2024-10-04 *** 16:06:07 process_candles:
       PAIR                time    mid_c    mid_o       BB_UP       BB_MA       BB_LW   SL   TP  SPREAD     GAIN     LOSS  SIGNAL
214  GBPJPY 2024-10-04 18:01:00  194.719  194.673  194.792594  194.720100  194.647606  0.0  0.0    0.20 -0.00066  194.719       0
215  GBPJPY 2024-10-04 18:02:00  194.686  194.718  194.789681  194.721867  194.654053  0.0  0.0    0.21 -0.02152  194.686       0
216  GBPJPY 2024-10-04 18:03:00  194.671  194.690  194.792309  194.719567  194.646824  0.0  0.0    0.24 -0.02914  194.671       0
217  GBPJPY 2024-10-04 18:04:00  194.683  194.671  194.792755  194.715667  194.638578  0.0  0.0    0.24 -0.01960  194.683       0
218  GBPJPY 2024-10-04 18:05:00  194.766  194.682  194.797305  194.718633  194.639962  0.0  0.0    0.20  0.02842  194.766       0
2024-10-04 *** 16:06:45 Adding work : {'instrument': 'GBPJPY', 'ask': 194.741, 'bid': 194.719, 'time': datetime.datetime(2024, 10, 4, 18, 6, 39, 3000)}
2024-10-04 *** 16:07:32                    time     open     high      low    close  tick_volume  spread  real_volume    mid_h    mid_l    mid_c    mid_o    ask_h    ask_l    ask_c    ask_o    bid_h    bid_l    bid_c    bid_o
0   2024-10-04 14:28:00  192.849  192.860  192.834  192.853           42      19            0  192.860  192.834  192.853  192.849  193.050  193.024  193.043  193.039  192.670  192.644  192.663  192.659
1   2024-10-04 14:29:00  192.853  192.855  192.828  192.843           73      19            0  192.855  192.828  192.843  192.853  193.045  193.018  193.033  193.043  192.665  192.638  192.653  192.663
2   2024-10-04 14:30:00  192.844  192.878  192.841  192.856           42      21            0  192.878  192.841  192.856  192.844  193.088  193.051  193.066  193.054  192.668  192.631  192.646  192.634
3   2024-10-04 14:31:00  192.856  192.887  192.853  192.873           50      20            0  192.887  192.853  192.873  192.856  193.087  193.053  193.073  193.056  192.687  192.653  192.673  192.656
4   2024-10-04 14:32:00  192.872  192.901  192.872  192.899           45      23            0  192.901  192.872  192.899  192.872  193.131  193.102  193.129  193.102  192.671  192.642  192.669  192.642
..                  ...      ...      ...      ...      ...          ...     ...          ...      ...      ...      ...      ...      ...      ...      ...      ...      ...      ...      ...      ...
214 2024-10-04 18:02:00  194.718  194.719  194.659  194.686          129      21            0  194.719  194.659  194.686  194.718  194.929  194.869  194.896  194.928  194.509  194.449  194.476  194.508
215 2024-10-04 18:03:00  194.690  194.695  194.660  194.671          120      24            0  194.695  194.660  194.671  194.690  194.935  194.900  194.911  194.930  194.455  194.420  194.431  194.450
216 2024-10-04 18:04:00  194.671  194.698  194.657  194.683           95      24            0  194.698  194.657  194.683  194.671  194.938  194.897  194.923  194.911  194.458  194.417  194.443  194.431
217 2024-10-04 18:05:00  194.682  194.776  194.682  194.766          124      20            0  194.776  194.682  194.766  194.682  194.976  194.882  194.966  194.882  194.576  194.482  194.566  194.482
218 2024-10-04 18:06:00  194.765  194.774  194.709  194.723          128      21            0  194.774  194.709  194.723  194.765  194.984  194.919  194.933  194.975  194.564  194.499  194.513  194.555

[219 rows x 20 columns]
2024-10-04 *** 16:07:32 process_candles:
       PAIR                time    mid_c    mid_o       BB_UP       BB_MA       BB_LW   SL   TP  SPREAD     GAIN     LOSS  SIGNAL
214  GBPJPY 2024-10-04 18:02:00  194.686  194.718  194.789681  194.721867  194.654053  0.0  0.0    0.21 -0.02152  194.686       0
215  GBPJPY 2024-10-04 18:03:00  194.671  194.690  194.792309  194.719567  194.646824  0.0  0.0    0.24 -0.02914  194.671       0
216  GBPJPY 2024-10-04 18:04:00  194.683  194.671  194.792755  194.715667  194.638578  0.0  0.0    0.24 -0.01960  194.683       0
217  GBPJPY 2024-10-04 18:05:00  194.766  194.682  194.797305  194.718633  194.639962  0.0  0.0    0.20  0.02842  194.766       0
218  GBPJPY 2024-10-04 18:06:00  194.723  194.765  194.782329  194.714300  194.646271  0.0  0.0    0.21  0.00522  194.723       0
2024-10-04 *** 16:08:31 Adding work : {'instrument': 'GBPJPY', 'ask': 194.632, 'bid': 194.607, 'time': datetime.datetime(2024, 10, 4, 18, 8, 25, 370000)}
2024-10-04 *** 16:08:54                    time     open     high      low    close  tick_volume  spread  real_volume    mid_h    mid_l    mid_c    mid_o    ask_h    ask_l    ask_c    ask_o    bid_h    bid_l    bid_c    bid_o
0   2024-10-04 14:29:00  192.853  192.855  192.828  192.843           73      19            0  192.855  192.828  192.843  192.853  193.045  193.018  193.033  193.043  192.665  192.638  192.653  192.663
1   2024-10-04 14:30:00  192.844  192.878  192.841  192.856           42      21            0  192.878  192.841  192.856  192.844  193.088  193.051  193.066  193.054  192.668  192.631  192.646  192.634
2   2024-10-04 14:31:00  192.856  192.887  192.853  192.873           50      20            0  192.887  192.853  192.873  192.856  193.087  193.053  193.073  193.056  192.687  192.653  192.673  192.656
3   2024-10-04 14:32:00  192.872  192.901  192.872  192.899           45      23            0  192.901  192.872  192.899  192.872  193.131  193.102  193.129  193.102  192.671  192.642  192.669  192.642
4   2024-10-04 14:33:00  192.897  192.897  192.865  192.889           55      20            0  192.897  192.865  192.889  192.897  193.097  193.065  193.089  193.097  192.697  192.665  192.689  192.697
..                  ...      ...      ...      ...      ...          ...     ...          ...      ...      ...      ...      ...      ...      ...      ...      ...      ...      ...      ...      ...
214 2024-10-04 18:03:00  194.690  194.695  194.660  194.671          120      24            0  194.695  194.660  194.671  194.690  194.935  194.900  194.911  194.930  194.455  194.420  194.431  194.450
215 2024-10-04 18:04:00  194.671  194.698  194.657  194.683           95      24            0  194.698  194.657  194.683  194.671  194.938  194.897  194.923  194.911  194.458  194.417  194.443  194.431
216 2024-10-04 18:05:00  194.682  194.776  194.682  194.766          124      20            0  194.776  194.682  194.766  194.682  194.976  194.882  194.966  194.882  194.576  194.482  194.566  194.482
217 2024-10-04 18:06:00  194.765  194.774  194.709  194.723          128      21            0  194.774  194.709  194.723  194.765  194.984  194.919  194.933  194.975  194.564  194.499  194.513  194.555
218 2024-10-04 18:07:00  194.722  194.732  194.664  194.665           85      21            0  194.732  194.664  194.665  194.722  194.942  194.874  194.875  194.932  194.522  194.454  194.455  194.512

[219 rows x 20 columns]
2024-10-04 *** 16:08:54 process_candles:
       PAIR                time    mid_c    mid_o       BB_UP       BB_MA       BB_LW   SL   TP  SPREAD     GAIN     LOSS  SIGNAL
214  GBPJPY 2024-10-04 18:03:00  194.671  194.690  194.792309  194.719567  194.646824  0.0  0.0    0.24 -0.02914  194.671       0
215  GBPJPY 2024-10-04 18:04:00  194.683  194.671  194.792755  194.715667  194.638578  0.0  0.0    0.24 -0.01960  194.683       0
216  GBPJPY 2024-10-04 18:05:00  194.766  194.682  194.797305  194.718633  194.639962  0.0  0.0    0.20  0.02842  194.766       0
217  GBPJPY 2024-10-04 18:06:00  194.723  194.765  194.782329  194.714300  194.646271  0.0  0.0    0.21  0.00522  194.723       0
218  GBPJPY 2024-10-04 18:07:00  194.665  194.722  194.758935  194.705333  194.651732  0.0  0.0    0.21 -0.02420  194.665       0
2024-10-04 *** 16:10:05                    time     open     high      low    close  tick_volume  spread  real_volume    mid_h    mid_l    mid_c    mid_o    ask_h    ask_l    ask_c    ask_o    bid_h    bid_l    bid_c    bid_o
0   2024-10-04 14:31:00  192.856  192.887  192.853  192.873           50      20            0  192.887  192.853  192.873  192.856  193.087  193.053  193.073  193.056  192.687  192.653  192.673  192.656
1   2024-10-04 14:32:00  192.872  192.901  192.872  192.899           45      23            0  192.901  192.872  192.899  192.872  193.131  193.102  193.129  193.102  192.671  192.642  192.669  192.642
2   2024-10-04 14:33:00  192.897  192.897  192.865  192.889           55      20            0  192.897  192.865  192.889  192.897  193.097  193.065  193.089  193.097  192.697  192.665  192.689  192.697
3   2024-10-04 14:34:00  192.888  192.919  192.887  192.895           54      19            0  192.919  192.887  192.895  192.888  193.109  193.077  193.085  193.078  192.729  192.697  192.705  192.698
4   2024-10-04 14:35:00  192.896  192.897  192.870  192.886           31      22            0  192.897  192.870  192.886  192.896  193.117  193.090  193.106  193.116  192.677  192.650  192.666  192.676
..                  ...      ...      ...      ...      ...          ...     ...          ...      ...      ...      ...      ...      ...      ...      ...      ...      ...      ...      ...      ...
214 2024-10-04 18:05:00  194.682  194.776  194.682  194.766          124      20            0  194.776  194.682  194.766  194.682  194.976  194.882  194.966  194.882  194.576  194.482  194.566  194.482
215 2024-10-04 18:06:00  194.765  194.774  194.709  194.723          128      21            0  194.774  194.709  194.723  194.765  194.984  194.919  194.933  194.975  194.564  194.499  194.513  194.555
216 2024-10-04 18:07:00  194.722  194.732  194.664  194.665           85      21            0  194.732  194.664  194.665  194.722  194.942  194.874  194.875  194.932  194.522  194.454  194.455  194.512
217 2024-10-04 18:08:00  194.664  194.668  194.607  194.657          109      21            0  194.668  194.607  194.657  194.664  194.878  194.817  194.867  194.874  194.458  194.397  194.447  194.454
218 2024-10-04 18:09:00  194.652  194.659  194.617  194.633          129      24            0  194.659  194.617  194.633  194.652  194.899  194.857  194.873  194.892  194.419  194.377  194.393  194.412

[219 rows x 20 columns]
2024-10-04 *** 16:10:10                    time     open     high      low    close  tick_volume  spread  real_volume    mid_h    mid_l    mid_c    mid_o    ask_h    ask_l    ask_c    ask_o    bid_h    bid_l    bid_c    bid_o
0   2024-10-04 14:31:00  192.856  192.887  192.853  192.873           50      20            0  192.887  192.853  192.873  192.856  193.087  193.053  193.073  193.056  192.687  192.653  192.673  192.656
1   2024-10-04 14:32:00  192.872  192.901  192.872  192.899           45      23            0  192.901  192.872  192.899  192.872  193.131  193.102  193.129  193.102  192.671  192.642  192.669  192.642
2   2024-10-04 14:33:00  192.897  192.897  192.865  192.889           55      20            0  192.897  192.865  192.889  192.897  193.097  193.065  193.089  193.097  192.697  192.665  192.689  192.697
3   2024-10-04 14:34:00  192.888  192.919  192.887  192.895           54      19            0  192.919  192.887  192.895  192.888  193.109  193.077  193.085  193.078  192.729  192.697  192.705  192.698
4   2024-10-04 14:35:00  192.896  192.897  192.870  192.886           31      22            0  192.897  192.870  192.886  192.896  193.117  193.090  193.106  193.116  192.677  192.650  192.666  192.676
..                  ...      ...      ...      ...      ...          ...     ...          ...      ...      ...      ...      ...      ...      ...      ...      ...      ...      ...      ...      ...
214 2024-10-04 18:05:00  194.682  194.776  194.682  194.766          124      20            0  194.776  194.682  194.766  194.682  194.976  194.882  194.966  194.882  194.576  194.482  194.566  194.482
215 2024-10-04 18:06:00  194.765  194.774  194.709  194.723          128      21            0  194.774  194.709  194.723  194.765  194.984  194.919  194.933  194.975  194.564  194.499  194.513  194.555
216 2024-10-04 18:07:00  194.722  194.732  194.664  194.665           85      21            0  194.732  194.664  194.665  194.722  194.942  194.874  194.875  194.932  194.522  194.454  194.455  194.512
217 2024-10-04 18:08:00  194.664  194.668  194.607  194.657          109      21            0  194.668  194.607  194.657  194.664  194.878  194.817  194.867  194.874  194.458  194.397  194.447  194.454
218 2024-10-04 18:09:00  194.652  194.659  194.617  194.633          129      24            0  194.659  194.617  194.633  194.652  194.899  194.857  194.873  194.892  194.419  194.377  194.393  194.412

[219 rows x 20 columns]
2024-10-04 *** 16:10:11 Adding work : {'instrument': 'GBPJPY', 'ask': 194.68, 'bid': 194.652, 'time': datetime.datetime(2024, 10, 4, 18, 10, 3, 738000)}
2024-10-04 *** 16:10:13                    time     open     high      low    close  tick_volume  spread  real_volume    mid_h    mid_l    mid_c    mid_o    ask_h    ask_l    ask_c    ask_o    bid_h    bid_l    bid_c    bid_o
0   2024-10-04 14:31:00  192.856  192.887  192.853  192.873           50      20            0  192.887  192.853  192.873  192.856  193.087  193.053  193.073  193.056  192.687  192.653  192.673  192.656
1   2024-10-04 14:32:00  192.872  192.901  192.872  192.899           45      23            0  192.901  192.872  192.899  192.872  193.131  193.102  193.129  193.102  192.671  192.642  192.669  192.642
2   2024-10-04 14:33:00  192.897  192.897  192.865  192.889           55      20            0  192.897  192.865  192.889  192.897  193.097  193.065  193.089  193.097  192.697  192.665  192.689  192.697
3   2024-10-04 14:34:00  192.888  192.919  192.887  192.895           54      19            0  192.919  192.887  192.895  192.888  193.109  193.077  193.085  193.078  192.729  192.697  192.705  192.698
4   2024-10-04 14:35:00  192.896  192.897  192.870  192.886           31      22            0  192.897  192.870  192.886  192.896  193.117  193.090  193.106  193.116  192.677  192.650  192.666  192.676
..                  ...      ...      ...      ...      ...          ...     ...          ...      ...      ...      ...      ...      ...      ...      ...      ...      ...      ...      ...      ...
214 2024-10-04 18:05:00  194.682  194.776  194.682  194.766          124      20            0  194.776  194.682  194.766  194.682  194.976  194.882  194.966  194.882  194.576  194.482  194.566  194.482
215 2024-10-04 18:06:00  194.765  194.774  194.709  194.723          128      21            0  194.774  194.709  194.723  194.765  194.984  194.919  194.933  194.975  194.564  194.499  194.513  194.555
216 2024-10-04 18:07:00  194.722  194.732  194.664  194.665           85      21            0  194.732  194.664  194.665  194.722  194.942  194.874  194.875  194.932  194.522  194.454  194.455  194.512
217 2024-10-04 18:08:00  194.664  194.668  194.607  194.657          109      21            0  194.668  194.607  194.657  194.664  194.878  194.817  194.867  194.874  194.458  194.397  194.447  194.454
218 2024-10-04 18:09:00  194.652  194.659  194.617  194.633          129      24            0  194.659  194.617  194.633  194.652  194.899  194.857  194.873  194.892  194.419  194.377  194.393  194.412

[219 rows x 20 columns]
2024-10-04 *** 16:10:16                    time     open     high      low    close  tick_volume  spread  real_volume    mid_h    mid_l    mid_c    mid_o    ask_h    ask_l    ask_c    ask_o    bid_h    bid_l    bid_c    bid_o
0   2024-10-04 14:31:00  192.856  192.887  192.853  192.873           50      20            0  192.887  192.853  192.873  192.856  193.087  193.053  193.073  193.056  192.687  192.653  192.673  192.656
1   2024-10-04 14:32:00  192.872  192.901  192.872  192.899           45      23            0  192.901  192.872  192.899  192.872  193.131  193.102  193.129  193.102  192.671  192.642  192.669  192.642
2   2024-10-04 14:33:00  192.897  192.897  192.865  192.889           55      20            0  192.897  192.865  192.889  192.897  193.097  193.065  193.089  193.097  192.697  192.665  192.689  192.697
3   2024-10-04 14:34:00  192.888  192.919  192.887  192.895           54      19            0  192.919  192.887  192.895  192.888  193.109  193.077  193.085  193.078  192.729  192.697  192.705  192.698
4   2024-10-04 14:35:00  192.896  192.897  192.870  192.886           31      22            0  192.897  192.870  192.886  192.896  193.117  193.090  193.106  193.116  192.677  192.650  192.666  192.676
..                  ...      ...      ...      ...      ...          ...     ...          ...      ...      ...      ...      ...      ...      ...      ...      ...      ...      ...      ...      ...
214 2024-10-04 18:05:00  194.682  194.776  194.682  194.766          124      20            0  194.776  194.682  194.766  194.682  194.976  194.882  194.966  194.882  194.576  194.482  194.566  194.482
215 2024-10-04 18:06:00  194.765  194.774  194.709  194.723          128      21            0  194.774  194.709  194.723  194.765  194.984  194.919  194.933  194.975  194.564  194.499  194.513  194.555
216 2024-10-04 18:07:00  194.722  194.732  194.664  194.665           85      21            0  194.732  194.664  194.665  194.722  194.942  194.874  194.875  194.932  194.522  194.454  194.455  194.512
217 2024-10-04 18:08:00  194.664  194.668  194.607  194.657          109      21            0  194.668  194.607  194.657  194.664  194.878  194.817  194.867  194.874  194.458  194.397  194.447  194.454
218 2024-10-04 18:09:00  194.652  194.659  194.617  194.633          129      24            0  194.659  194.617  194.633  194.652  194.899  194.857  194.873  194.892  194.419  194.377  194.393  194.412

[219 rows x 20 columns]
2024-10-04 *** 16:10:18                    time     open     high      low    close  tick_volume  spread  real_volume    mid_h    mid_l    mid_c    mid_o    ask_h    ask_l    ask_c    ask_o    bid_h    bid_l    bid_c    bid_o
0   2024-10-04 14:31:00  192.856  192.887  192.853  192.873           50      20            0  192.887  192.853  192.873  192.856  193.087  193.053  193.073  193.056  192.687  192.653  192.673  192.656
1   2024-10-04 14:32:00  192.872  192.901  192.872  192.899           45      23            0  192.901  192.872  192.899  192.872  193.131  193.102  193.129  193.102  192.671  192.642  192.669  192.642
2   2024-10-04 14:33:00  192.897  192.897  192.865  192.889           55      20            0  192.897  192.865  192.889  192.897  193.097  193.065  193.089  193.097  192.697  192.665  192.689  192.697
3   2024-10-04 14:34:00  192.888  192.919  192.887  192.895           54      19            0  192.919  192.887  192.895  192.888  193.109  193.077  193.085  193.078  192.729  192.697  192.705  192.698
4   2024-10-04 14:35:00  192.896  192.897  192.870  192.886           31      22            0  192.897  192.870  192.886  192.896  193.117  193.090  193.106  193.116  192.677  192.650  192.666  192.676
..                  ...      ...      ...      ...      ...          ...     ...          ...      ...      ...      ...      ...      ...      ...      ...      ...      ...      ...      ...      ...
214 2024-10-04 18:05:00  194.682  194.776  194.682  194.766          124      20            0  194.776  194.682  194.766  194.682  194.976  194.882  194.966  194.882  194.576  194.482  194.566  194.482
215 2024-10-04 18:06:00  194.765  194.774  194.709  194.723          128      21            0  194.774  194.709  194.723  194.765  194.984  194.919  194.933  194.975  194.564  194.499  194.513  194.555
216 2024-10-04 18:07:00  194.722  194.732  194.664  194.665           85      21            0  194.732  194.664  194.665  194.722  194.942  194.874  194.875  194.932  194.522  194.454  194.455  194.512
217 2024-10-04 18:08:00  194.664  194.668  194.607  194.657          109      21            0  194.668  194.607  194.657  194.664  194.878  194.817  194.867  194.874  194.458  194.397  194.447  194.454
218 2024-10-04 18:09:00  194.652  194.659  194.617  194.633          129      24            0  194.659  194.617  194.633  194.652  194.899  194.857  194.873  194.892  194.419  194.377  194.393  194.412

[219 rows x 20 columns]
2024-10-04 *** 16:10:21                    time     open     high      low    close  tick_volume  spread  real_volume    mid_h    mid_l    mid_c    mid_o    ask_h    ask_l    ask_c    ask_o    bid_h    bid_l    bid_c    bid_o
0   2024-10-04 14:31:00  192.856  192.887  192.853  192.873           50      20            0  192.887  192.853  192.873  192.856  193.087  193.053  193.073  193.056  192.687  192.653  192.673  192.656
1   2024-10-04 14:32:00  192.872  192.901  192.872  192.899           45      23            0  192.901  192.872  192.899  192.872  193.131  193.102  193.129  193.102  192.671  192.642  192.669  192.642
2   2024-10-04 14:33:00  192.897  192.897  192.865  192.889           55      20            0  192.897  192.865  192.889  192.897  193.097  193.065  193.089  193.097  192.697  192.665  192.689  192.697
3   2024-10-04 14:34:00  192.888  192.919  192.887  192.895           54      19            0  192.919  192.887  192.895  192.888  193.109  193.077  193.085  193.078  192.729  192.697  192.705  192.698
4   2024-10-04 14:35:00  192.896  192.897  192.870  192.886           31      22            0  192.897  192.870  192.886  192.896  193.117  193.090  193.106  193.116  192.677  192.650  192.666  192.676
..                  ...      ...      ...      ...      ...          ...     ...          ...      ...      ...      ...      ...      ...      ...      ...      ...      ...      ...      ...      ...
214 2024-10-04 18:05:00  194.682  194.776  194.682  194.766          124      20            0  194.776  194.682  194.766  194.682  194.976  194.882  194.966  194.882  194.576  194.482  194.566  194.482
215 2024-10-04 18:06:00  194.765  194.774  194.709  194.723          128      21            0  194.774  194.709  194.723  194.765  194.984  194.919  194.933  194.975  194.564  194.499  194.513  194.555
216 2024-10-04 18:07:00  194.722  194.732  194.664  194.665           85      21            0  194.732  194.664  194.665  194.722  194.942  194.874  194.875  194.932  194.522  194.454  194.455  194.512
217 2024-10-04 18:08:00  194.664  194.668  194.607  194.657          109      21            0  194.668  194.607  194.657  194.664  194.878  194.817  194.867  194.874  194.458  194.397  194.447  194.454
218 2024-10-04 18:09:00  194.652  194.659  194.617  194.633          129      24            0  194.659  194.617  194.633  194.652  194.899  194.857  194.873  194.892  194.419  194.377  194.393  194.412

[219 rows x 20 columns]
2024-10-04 *** 16:10:26                    time     open     high      low    close  tick_volume  spread  real_volume    mid_h    mid_l    mid_c    mid_o    ask_h    ask_l    ask_c    ask_o    bid_h    bid_l    bid_c    bid_o
0   2024-10-04 14:31:00  192.856  192.887  192.853  192.873           50      20            0  192.887  192.853  192.873  192.856  193.087  193.053  193.073  193.056  192.687  192.653  192.673  192.656
1   2024-10-04 14:32:00  192.872  192.901  192.872  192.899           45      23            0  192.901  192.872  192.899  192.872  193.131  193.102  193.129  193.102  192.671  192.642  192.669  192.642
2   2024-10-04 14:33:00  192.897  192.897  192.865  192.889           55      20            0  192.897  192.865  192.889  192.897  193.097  193.065  193.089  193.097  192.697  192.665  192.689  192.697
3   2024-10-04 14:34:00  192.888  192.919  192.887  192.895           54      19            0  192.919  192.887  192.895  192.888  193.109  193.077  193.085  193.078  192.729  192.697  192.705  192.698
4   2024-10-04 14:35:00  192.896  192.897  192.870  192.886           31      22            0  192.897  192.870  192.886  192.896  193.117  193.090  193.106  193.116  192.677  192.650  192.666  192.676
..                  ...      ...      ...      ...      ...          ...     ...          ...      ...      ...      ...      ...      ...      ...      ...      ...      ...      ...      ...      ...
214 2024-10-04 18:05:00  194.682  194.776  194.682  194.766          124      20            0  194.776  194.682  194.766  194.682  194.976  194.882  194.966  194.882  194.576  194.482  194.566  194.482
215 2024-10-04 18:06:00  194.765  194.774  194.709  194.723          128      21            0  194.774  194.709  194.723  194.765  194.984  194.919  194.933  194.975  194.564  194.499  194.513  194.555
216 2024-10-04 18:07:00  194.722  194.732  194.664  194.665           85      21            0  194.732  194.664  194.665  194.722  194.942  194.874  194.875  194.932  194.522  194.454  194.455  194.512
217 2024-10-04 18:08:00  194.664  194.668  194.607  194.657          109      21            0  194.668  194.607  194.657  194.664  194.878  194.817  194.867  194.874  194.458  194.397  194.447  194.454
218 2024-10-04 18:09:00  194.652  194.659  194.617  194.633          129      24            0  194.659  194.617  194.633  194.652  194.899  194.857  194.873  194.892  194.419  194.377  194.393  194.412

[219 rows x 20 columns]
2024-10-04 *** 16:10:29                    time     open     high      low    close  tick_volume  spread  real_volume    mid_h    mid_l    mid_c    mid_o    ask_h    ask_l    ask_c    ask_o    bid_h    bid_l    bid_c    bid_o
0   2024-10-04 14:31:00  192.856  192.887  192.853  192.873           50      20            0  192.887  192.853  192.873  192.856  193.087  193.053  193.073  193.056  192.687  192.653  192.673  192.656
1   2024-10-04 14:32:00  192.872  192.901  192.872  192.899           45      23            0  192.901  192.872  192.899  192.872  193.131  193.102  193.129  193.102  192.671  192.642  192.669  192.642
2   2024-10-04 14:33:00  192.897  192.897  192.865  192.889           55      20            0  192.897  192.865  192.889  192.897  193.097  193.065  193.089  193.097  192.697  192.665  192.689  192.697
3   2024-10-04 14:34:00  192.888  192.919  192.887  192.895           54      19            0  192.919  192.887  192.895  192.888  193.109  193.077  193.085  193.078  192.729  192.697  192.705  192.698
4   2024-10-04 14:35:00  192.896  192.897  192.870  192.886           31      22            0  192.897  192.870  192.886  192.896  193.117  193.090  193.106  193.116  192.677  192.650  192.666  192.676
..                  ...      ...      ...      ...      ...          ...     ...          ...      ...      ...      ...      ...      ...      ...      ...      ...      ...      ...      ...      ...
214 2024-10-04 18:05:00  194.682  194.776  194.682  194.766          124      20            0  194.776  194.682  194.766  194.682  194.976  194.882  194.966  194.882  194.576  194.482  194.566  194.482
215 2024-10-04 18:06:00  194.765  194.774  194.709  194.723          128      21            0  194.774  194.709  194.723  194.765  194.984  194.919  194.933  194.975  194.564  194.499  194.513  194.555
216 2024-10-04 18:07:00  194.722  194.732  194.664  194.665           85      21            0  194.732  194.664  194.665  194.722  194.942  194.874  194.875  194.932  194.522  194.454  194.455  194.512
217 2024-10-04 18:08:00  194.664  194.668  194.607  194.657          109      21            0  194.668  194.607  194.657  194.664  194.878  194.817  194.867  194.874  194.458  194.397  194.447  194.454
218 2024-10-04 18:09:00  194.652  194.659  194.617  194.633          129      24            0  194.659  194.617  194.633  194.652  194.899  194.857  194.873  194.892  194.419  194.377  194.393  194.412

[219 rows x 20 columns]
2024-10-04 *** 16:10:31                    time     open     high      low    close  tick_volume  spread  real_volume    mid_h    mid_l    mid_c    mid_o    ask_h    ask_l    ask_c    ask_o    bid_h    bid_l    bid_c    bid_o
0   2024-10-04 14:31:00  192.856  192.887  192.853  192.873           50      20            0  192.887  192.853  192.873  192.856  193.087  193.053  193.073  193.056  192.687  192.653  192.673  192.656
1   2024-10-04 14:32:00  192.872  192.901  192.872  192.899           45      23            0  192.901  192.872  192.899  192.872  193.131  193.102  193.129  193.102  192.671  192.642  192.669  192.642
2   2024-10-04 14:33:00  192.897  192.897  192.865  192.889           55      20            0  192.897  192.865  192.889  192.897  193.097  193.065  193.089  193.097  192.697  192.665  192.689  192.697
3   2024-10-04 14:34:00  192.888  192.919  192.887  192.895           54      19            0  192.919  192.887  192.895  192.888  193.109  193.077  193.085  193.078  192.729  192.697  192.705  192.698
4   2024-10-04 14:35:00  192.896  192.897  192.870  192.886           31      22            0  192.897  192.870  192.886  192.896  193.117  193.090  193.106  193.116  192.677  192.650  192.666  192.676
..                  ...      ...      ...      ...      ...          ...     ...          ...      ...      ...      ...      ...      ...      ...      ...      ...      ...      ...      ...      ...
214 2024-10-04 18:05:00  194.682  194.776  194.682  194.766          124      20            0  194.776  194.682  194.766  194.682  194.976  194.882  194.966  194.882  194.576  194.482  194.566  194.482
215 2024-10-04 18:06:00  194.765  194.774  194.709  194.723          128      21            0  194.774  194.709  194.723  194.765  194.984  194.919  194.933  194.975  194.564  194.499  194.513  194.555
216 2024-10-04 18:07:00  194.722  194.732  194.664  194.665           85      21            0  194.732  194.664  194.665  194.722  194.942  194.874  194.875  194.932  194.522  194.454  194.455  194.512
217 2024-10-04 18:08:00  194.664  194.668  194.607  194.657          109      21            0  194.668  194.607  194.657  194.664  194.878  194.817  194.867  194.874  194.458  194.397  194.447  194.454
218 2024-10-04 18:09:00  194.652  194.659  194.617  194.633          129      24            0  194.659  194.617  194.633  194.652  194.899  194.857  194.873  194.892  194.419  194.377  194.393  194.412

[219 rows x 20 columns]
2024-10-04 *** 16:10:34                    time     open     high      low    close  tick_volume  spread  real_volume    mid_h    mid_l    mid_c    mid_o    ask_h    ask_l    ask_c    ask_o    bid_h    bid_l    bid_c    bid_o
0   2024-10-04 14:31:00  192.856  192.887  192.853  192.873           50      20            0  192.887  192.853  192.873  192.856  193.087  193.053  193.073  193.056  192.687  192.653  192.673  192.656
1   2024-10-04 14:32:00  192.872  192.901  192.872  192.899           45      23            0  192.901  192.872  192.899  192.872  193.131  193.102  193.129  193.102  192.671  192.642  192.669  192.642
2   2024-10-04 14:33:00  192.897  192.897  192.865  192.889           55      20            0  192.897  192.865  192.889  192.897  193.097  193.065  193.089  193.097  192.697  192.665  192.689  192.697
3   2024-10-04 14:34:00  192.888  192.919  192.887  192.895           54      19            0  192.919  192.887  192.895  192.888  193.109  193.077  193.085  193.078  192.729  192.697  192.705  192.698
4   2024-10-04 14:35:00  192.896  192.897  192.870  192.886           31      22            0  192.897  192.870  192.886  192.896  193.117  193.090  193.106  193.116  192.677  192.650  192.666  192.676
..                  ...      ...      ...      ...      ...          ...     ...          ...      ...      ...      ...      ...      ...      ...      ...      ...      ...      ...      ...      ...
214 2024-10-04 18:05:00  194.682  194.776  194.682  194.766          124      20            0  194.776  194.682  194.766  194.682  194.976  194.882  194.966  194.882  194.576  194.482  194.566  194.482
215 2024-10-04 18:06:00  194.765  194.774  194.709  194.723          128      21            0  194.774  194.709  194.723  194.765  194.984  194.919  194.933  194.975  194.564  194.499  194.513  194.555
216 2024-10-04 18:07:00  194.722  194.732  194.664  194.665           85      21            0  194.732  194.664  194.665  194.722  194.942  194.874  194.875  194.932  194.522  194.454  194.455  194.512
217 2024-10-04 18:08:00  194.664  194.668  194.607  194.657          109      21            0  194.668  194.607  194.657  194.664  194.878  194.817  194.867  194.874  194.458  194.397  194.447  194.454
218 2024-10-04 18:09:00  194.652  194.659  194.617  194.633          129      24            0  194.659  194.617  194.633  194.652  194.899  194.857  194.873  194.892  194.419  194.377  194.393  194.412

[219 rows x 20 columns]
2024-10-04 *** 16:10:36                    time     open     high      low    close  tick_volume  spread  real_volume    mid_h    mid_l    mid_c    mid_o    ask_h    ask_l    ask_c    ask_o    bid_h    bid_l    bid_c    bid_o
0   2024-10-04 14:31:00  192.856  192.887  192.853  192.873           50      20            0  192.887  192.853  192.873  192.856  193.087  193.053  193.073  193.056  192.687  192.653  192.673  192.656
1   2024-10-04 14:32:00  192.872  192.901  192.872  192.899           45      23            0  192.901  192.872  192.899  192.872  193.131  193.102  193.129  193.102  192.671  192.642  192.669  192.642
2   2024-10-04 14:33:00  192.897  192.897  192.865  192.889           55      20            0  192.897  192.865  192.889  192.897  193.097  193.065  193.089  193.097  192.697  192.665  192.689  192.697
3   2024-10-04 14:34:00  192.888  192.919  192.887  192.895           54      19            0  192.919  192.887  192.895  192.888  193.109  193.077  193.085  193.078  192.729  192.697  192.705  192.698
4   2024-10-04 14:35:00  192.896  192.897  192.870  192.886           31      22            0  192.897  192.870  192.886  192.896  193.117  193.090  193.106  193.116  192.677  192.650  192.666  192.676
..                  ...      ...      ...      ...      ...          ...     ...          ...      ...      ...      ...      ...      ...      ...      ...      ...      ...      ...      ...      ...
214 2024-10-04 18:05:00  194.682  194.776  194.682  194.766          124      20            0  194.776  194.682  194.766  194.682  194.976  194.882  194.966  194.882  194.576  194.482  194.566  194.482
215 2024-10-04 18:06:00  194.765  194.774  194.709  194.723          128      21            0  194.774  194.709  194.723  194.765  194.984  194.919  194.933  194.975  194.564  194.499  194.513  194.555
216 2024-10-04 18:07:00  194.722  194.732  194.664  194.665           85      21            0  194.732  194.664  194.665  194.722  194.942  194.874  194.875  194.932  194.522  194.454  194.455  194.512
217 2024-10-04 18:08:00  194.664  194.668  194.607  194.657          109      21            0  194.668  194.607  194.657  194.664  194.878  194.817  194.867  194.874  194.458  194.397  194.447  194.454
218 2024-10-04 18:09:00  194.652  194.659  194.617  194.633          129      24            0  194.659  194.617  194.633  194.652  194.899  194.857  194.873  194.892  194.419  194.377  194.393  194.412

[219 rows x 20 columns]
2024-10-04 *** 16:10:42                    time     open     high      low    close  tick_volume  spread  real_volume    mid_h    mid_l    mid_c    mid_o    ask_h    ask_l    ask_c    ask_o    bid_h    bid_l    bid_c    bid_o
0   2024-10-04 14:31:00  192.856  192.887  192.853  192.873           50      20            0  192.887  192.853  192.873  192.856  193.087  193.053  193.073  193.056  192.687  192.653  192.673  192.656
1   2024-10-04 14:32:00  192.872  192.901  192.872  192.899           45      23            0  192.901  192.872  192.899  192.872  193.131  193.102  193.129  193.102  192.671  192.642  192.669  192.642
2   2024-10-04 14:33:00  192.897  192.897  192.865  192.889           55      20            0  192.897  192.865  192.889  192.897  193.097  193.065  193.089  193.097  192.697  192.665  192.689  192.697
3   2024-10-04 14:34:00  192.888  192.919  192.887  192.895           54      19            0  192.919  192.887  192.895  192.888  193.109  193.077  193.085  193.078  192.729  192.697  192.705  192.698
4   2024-10-04 14:35:00  192.896  192.897  192.870  192.886           31      22            0  192.897  192.870  192.886  192.896  193.117  193.090  193.106  193.116  192.677  192.650  192.666  192.676
..                  ...      ...      ...      ...      ...          ...     ...          ...      ...      ...      ...      ...      ...      ...      ...      ...      ...      ...      ...      ...
214 2024-10-04 18:05:00  194.682  194.776  194.682  194.766          124      20            0  194.776  194.682  194.766  194.682  194.976  194.882  194.966  194.882  194.576  194.482  194.566  194.482
215 2024-10-04 18:06:00  194.765  194.774  194.709  194.723          128      21            0  194.774  194.709  194.723  194.765  194.984  194.919  194.933  194.975  194.564  194.499  194.513  194.555
216 2024-10-04 18:07:00  194.722  194.732  194.664  194.665           85      21            0  194.732  194.664  194.665  194.722  194.942  194.874  194.875  194.932  194.522  194.454  194.455  194.512
217 2024-10-04 18:08:00  194.664  194.668  194.607  194.657          109      21            0  194.668  194.607  194.657  194.664  194.878  194.817  194.867  194.874  194.458  194.397  194.447  194.454
218 2024-10-04 18:09:00  194.652  194.659  194.617  194.633          129      24            0  194.659  194.617  194.633  194.652  194.899  194.857  194.873  194.892  194.419  194.377  194.393  194.412

[219 rows x 20 columns]
2024-10-04 *** 16:10:46                    time     open     high      low    close  tick_volume  spread  real_volume    mid_h    mid_l    mid_c    mid_o    ask_h    ask_l    ask_c    ask_o    bid_h    bid_l    bid_c    bid_o
0   2024-10-04 14:31:00  192.856  192.887  192.853  192.873           50      20            0  192.887  192.853  192.873  192.856  193.087  193.053  193.073  193.056  192.687  192.653  192.673  192.656
1   2024-10-04 14:32:00  192.872  192.901  192.872  192.899           45      23            0  192.901  192.872  192.899  192.872  193.131  193.102  193.129  193.102  192.671  192.642  192.669  192.642
2   2024-10-04 14:33:00  192.897  192.897  192.865  192.889           55      20            0  192.897  192.865  192.889  192.897  193.097  193.065  193.089  193.097  192.697  192.665  192.689  192.697
3   2024-10-04 14:34:00  192.888  192.919  192.887  192.895           54      19            0  192.919  192.887  192.895  192.888  193.109  193.077  193.085  193.078  192.729  192.697  192.705  192.698
4   2024-10-04 14:35:00  192.896  192.897  192.870  192.886           31      22            0  192.897  192.870  192.886  192.896  193.117  193.090  193.106  193.116  192.677  192.650  192.666  192.676
..                  ...      ...      ...      ...      ...          ...     ...          ...      ...      ...      ...      ...      ...      ...      ...      ...      ...      ...      ...      ...
214 2024-10-04 18:05:00  194.682  194.776  194.682  194.766          124      20            0  194.776  194.682  194.766  194.682  194.976  194.882  194.966  194.882  194.576  194.482  194.566  194.482
215 2024-10-04 18:06:00  194.765  194.774  194.709  194.723          128      21            0  194.774  194.709  194.723  194.765  194.984  194.919  194.933  194.975  194.564  194.499  194.513  194.555
216 2024-10-04 18:07:00  194.722  194.732  194.664  194.665           85      21            0  194.732  194.664  194.665  194.722  194.942  194.874  194.875  194.932  194.522  194.454  194.455  194.512
217 2024-10-04 18:08:00  194.664  194.668  194.607  194.657          109      21            0  194.668  194.607  194.657  194.664  194.878  194.817  194.867  194.874  194.458  194.397  194.447  194.454
218 2024-10-04 18:09:00  194.652  194.659  194.617  194.633          129      24            0  194.659  194.617  194.633  194.652  194.899  194.857  194.873  194.892  194.419  194.377  194.393  194.412

[219 rows x 20 columns]
2024-10-04 *** 16:10:48                    time     open     high      low    close  tick_volume  spread  real_volume    mid_h    mid_l    mid_c    mid_o    ask_h    ask_l    ask_c    ask_o    bid_h    bid_l    bid_c    bid_o
0   2024-10-04 14:31:00  192.856  192.887  192.853  192.873           50      20            0  192.887  192.853  192.873  192.856  193.087  193.053  193.073  193.056  192.687  192.653  192.673  192.656
1   2024-10-04 14:32:00  192.872  192.901  192.872  192.899           45      23            0  192.901  192.872  192.899  192.872  193.131  193.102  193.129  193.102  192.671  192.642  192.669  192.642
2   2024-10-04 14:33:00  192.897  192.897  192.865  192.889           55      20            0  192.897  192.865  192.889  192.897  193.097  193.065  193.089  193.097  192.697  192.665  192.689  192.697
3   2024-10-04 14:34:00  192.888  192.919  192.887  192.895           54      19            0  192.919  192.887  192.895  192.888  193.109  193.077  193.085  193.078  192.729  192.697  192.705  192.698
4   2024-10-04 14:35:00  192.896  192.897  192.870  192.886           31      22            0  192.897  192.870  192.886  192.896  193.117  193.090  193.106  193.116  192.677  192.650  192.666  192.676
..                  ...      ...      ...      ...      ...          ...     ...          ...      ...      ...      ...      ...      ...      ...      ...      ...      ...      ...      ...      ...
214 2024-10-04 18:05:00  194.682  194.776  194.682  194.766          124      20            0  194.776  194.682  194.766  194.682  194.976  194.882  194.966  194.882  194.576  194.482  194.566  194.482
215 2024-10-04 18:06:00  194.765  194.774  194.709  194.723          128      21            0  194.774  194.709  194.723  194.765  194.984  194.919  194.933  194.975  194.564  194.499  194.513  194.555
216 2024-10-04 18:07:00  194.722  194.732  194.664  194.665           85      21            0  194.732  194.664  194.665  194.722  194.942  194.874  194.875  194.932  194.522  194.454  194.455  194.512
217 2024-10-04 18:08:00  194.664  194.668  194.607  194.657          109      21            0  194.668  194.607  194.657  194.664  194.878  194.817  194.867  194.874  194.458  194.397  194.447  194.454
218 2024-10-04 18:09:00  194.652  194.659  194.617  194.633          129      24            0  194.659  194.617  194.633  194.652  194.899  194.857  194.873  194.892  194.419  194.377  194.393  194.412

[219 rows x 20 columns]
2024-10-04 *** 16:10:50                    time     open     high      low    close  tick_volume  spread  real_volume    mid_h    mid_l    mid_c    mid_o    ask_h    ask_l    ask_c    ask_o    bid_h    bid_l    bid_c    bid_o
0   2024-10-04 14:31:00  192.856  192.887  192.853  192.873           50      20            0  192.887  192.853  192.873  192.856  193.087  193.053  193.073  193.056  192.687  192.653  192.673  192.656
1   2024-10-04 14:32:00  192.872  192.901  192.872  192.899           45      23            0  192.901  192.872  192.899  192.872  193.131  193.102  193.129  193.102  192.671  192.642  192.669  192.642
2   2024-10-04 14:33:00  192.897  192.897  192.865  192.889           55      20            0  192.897  192.865  192.889  192.897  193.097  193.065  193.089  193.097  192.697  192.665  192.689  192.697
3   2024-10-04 14:34:00  192.888  192.919  192.887  192.895           54      19            0  192.919  192.887  192.895  192.888  193.109  193.077  193.085  193.078  192.729  192.697  192.705  192.698
4   2024-10-04 14:35:00  192.896  192.897  192.870  192.886           31      22            0  192.897  192.870  192.886  192.896  193.117  193.090  193.106  193.116  192.677  192.650  192.666  192.676
..                  ...      ...      ...      ...      ...          ...     ...          ...      ...      ...      ...      ...      ...      ...      ...      ...      ...      ...      ...      ...
214 2024-10-04 18:05:00  194.682  194.776  194.682  194.766          124      20            0  194.776  194.682  194.766  194.682  194.976  194.882  194.966  194.882  194.576  194.482  194.566  194.482
215 2024-10-04 18:06:00  194.765  194.774  194.709  194.723          128      21            0  194.774  194.709  194.723  194.765  194.984  194.919  194.933  194.975  194.564  194.499  194.513  194.555
216 2024-10-04 18:07:00  194.722  194.732  194.664  194.665           85      21            0  194.732  194.664  194.665  194.722  194.942  194.874  194.875  194.932  194.522  194.454  194.455  194.512
217 2024-10-04 18:08:00  194.664  194.668  194.607  194.657          109      21            0  194.668  194.607  194.657  194.664  194.878  194.817  194.867  194.874  194.458  194.397  194.447  194.454
218 2024-10-04 18:09:00  194.652  194.659  194.617  194.633          129      24            0  194.659  194.617  194.633  194.652  194.899  194.857  194.873  194.892  194.419  194.377  194.393  194.412

[219 rows x 20 columns]
2024-10-04 *** 16:10:52                    time     open     high      low    close  tick_volume  spread  real_volume    mid_h    mid_l    mid_c    mid_o    ask_h    ask_l    ask_c    ask_o    bid_h    bid_l    bid_c    bid_o
0   2024-10-04 14:31:00  192.856  192.887  192.853  192.873           50      20            0  192.887  192.853  192.873  192.856  193.087  193.053  193.073  193.056  192.687  192.653  192.673  192.656
1   2024-10-04 14:32:00  192.872  192.901  192.872  192.899           45      23            0  192.901  192.872  192.899  192.872  193.131  193.102  193.129  193.102  192.671  192.642  192.669  192.642
2   2024-10-04 14:33:00  192.897  192.897  192.865  192.889           55      20            0  192.897  192.865  192.889  192.897  193.097  193.065  193.089  193.097  192.697  192.665  192.689  192.697
3   2024-10-04 14:34:00  192.888  192.919  192.887  192.895           54      19            0  192.919  192.887  192.895  192.888  193.109  193.077  193.085  193.078  192.729  192.697  192.705  192.698
4   2024-10-04 14:35:00  192.896  192.897  192.870  192.886           31      22            0  192.897  192.870  192.886  192.896  193.117  193.090  193.106  193.116  192.677  192.650  192.666  192.676
..                  ...      ...      ...      ...      ...          ...     ...          ...      ...      ...      ...      ...      ...      ...      ...      ...      ...      ...      ...      ...
214 2024-10-04 18:05:00  194.682  194.776  194.682  194.766          124      20            0  194.776  194.682  194.766  194.682  194.976  194.882  194.966  194.882  194.576  194.482  194.566  194.482
215 2024-10-04 18:06:00  194.765  194.774  194.709  194.723          128      21            0  194.774  194.709  194.723  194.765  194.984  194.919  194.933  194.975  194.564  194.499  194.513  194.555
216 2024-10-04 18:07:00  194.722  194.732  194.664  194.665           85      21            0  194.732  194.664  194.665  194.722  194.942  194.874  194.875  194.932  194.522  194.454  194.455  194.512
217 2024-10-04 18:08:00  194.664  194.668  194.607  194.657          109      21            0  194.668  194.607  194.657  194.664  194.878  194.817  194.867  194.874  194.458  194.397  194.447  194.454
218 2024-10-04 18:09:00  194.652  194.659  194.617  194.633          129      24            0  194.659  194.617  194.633  194.652  194.899  194.857  194.873  194.892  194.419  194.377  194.393  194.412

[219 rows x 20 columns]
2024-10-04 *** 16:10:55                    time     open     high      low    close  tick_volume  spread  real_volume    mid_h    mid_l    mid_c    mid_o    ask_h    ask_l    ask_c    ask_o    bid_h    bid_l    bid_c    bid_o
0   2024-10-04 14:31:00  192.856  192.887  192.853  192.873           50      20            0  192.887  192.853  192.873  192.856  193.087  193.053  193.073  193.056  192.687  192.653  192.673  192.656
1   2024-10-04 14:32:00  192.872  192.901  192.872  192.899           45      23            0  192.901  192.872  192.899  192.872  193.131  193.102  193.129  193.102  192.671  192.642  192.669  192.642
2   2024-10-04 14:33:00  192.897  192.897  192.865  192.889           55      20            0  192.897  192.865  192.889  192.897  193.097  193.065  193.089  193.097  192.697  192.665  192.689  192.697
3   2024-10-04 14:34:00  192.888  192.919  192.887  192.895           54      19            0  192.919  192.887  192.895  192.888  193.109  193.077  193.085  193.078  192.729  192.697  192.705  192.698
4   2024-10-04 14:35:00  192.896  192.897  192.870  192.886           31      22            0  192.897  192.870  192.886  192.896  193.117  193.090  193.106  193.116  192.677  192.650  192.666  192.676
..                  ...      ...      ...      ...      ...          ...     ...          ...      ...      ...      ...      ...      ...      ...      ...      ...      ...      ...      ...      ...
214 2024-10-04 18:05:00  194.682  194.776  194.682  194.766          124      20            0  194.776  194.682  194.766  194.682  194.976  194.882  194.966  194.882  194.576  194.482  194.566  194.482
215 2024-10-04 18:06:00  194.765  194.774  194.709  194.723          128      21            0  194.774  194.709  194.723  194.765  194.984  194.919  194.933  194.975  194.564  194.499  194.513  194.555
216 2024-10-04 18:07:00  194.722  194.732  194.664  194.665           85      21            0  194.732  194.664  194.665  194.722  194.942  194.874  194.875  194.932  194.522  194.454  194.455  194.512
217 2024-10-04 18:08:00  194.664  194.668  194.607  194.657          109      21            0  194.668  194.607  194.657  194.664  194.878  194.817  194.867  194.874  194.458  194.397  194.447  194.454
218 2024-10-04 18:09:00  194.652  194.659  194.617  194.633          129      24            0  194.659  194.617  194.633  194.652  194.899  194.857  194.873  194.892  194.419  194.377  194.393  194.412

[219 rows x 20 columns]
