2024-10-09 *** 09:17:00 LogWrapper init() ./logs/GBPUSD.log
2024-10-09 *** 09:17:00 GBPUSD
2024-10-09 *** 09:17:38 GBPUSD ticket id:690189120 is now being monitored
2024-10-09 *** 09:17:52 GBPUSD ticket id:690189299 is now being monitored
2024-10-09 *** 09:18:04 GBPUSD ticket id:690189456 is now being monitored
2024-10-09 *** 09:18:13 Adding work : {'instrument': 'GBPUSD', 'ask': 1.3083, 'bid': 1.30813, 'time': datetime.datetime(2024, 10, 9, 11, 18, 4, 315000)}
2024-10-09 *** 09:18:24                    time     open     high      low    close  tick_volume  spread  real_volume    mid_h    mid_l    mid_c    mid_o    ask_h    ask_l    ask_c    ask_o    bid_h    bid_l    bid_c    bid_o
0   2024-10-08 16:55:00  1.31013  1.31048  1.31004  1.31034          353       9            0  1.31048  1.31004  1.31034  1.31013  1.31138  1.31094  1.31124  1.31103  1.30958  1.30914  1.30944  1.30923
1   2024-10-08 17:00:00  1.31033  1.31053  1.31017  1.31035          280      11            0  1.31053  1.31017  1.31035  1.31033  1.31163  1.31127  1.31145  1.31143  1.30943  1.30907  1.30925  1.30923
2   2024-10-08 17:05:00  1.31035  1.31043  1.30986  1.31016          318      10            0  1.31043  1.30986  1.31016  1.31035  1.31143  1.31086  1.31116  1.31135  1.30943  1.30886  1.30916  1.30935
3   2024-10-08 17:10:00  1.31015  1.31021  1.30988  1.31002          223      11            0  1.31021  1.30988  1.31002  1.31015  1.31131  1.31098  1.31112  1.31125  1.30911  1.30878  1.30892  1.30905
4   2024-10-08 17:15:00  1.31003  1.31036  1.30990  1.31036          215      12            0  1.31036  1.30990  1.31036  1.31003  1.31156  1.31110  1.31156  1.31123  1.30916  1.30870  1.30916  1.30883
..                  ...      ...      ...      ...      ...          ...     ...          ...      ...      ...      ...      ...      ...      ...      ...      ...      ...      ...      ...      ...
214 2024-10-09 10:50:00  1.30800  1.30806  1.30781  1.30797          240       9            0  1.30806  1.30781  1.30797  1.30800  1.30896  1.30871  1.30887  1.30890  1.30716  1.30691  1.30707  1.30710
215 2024-10-09 10:55:00  1.30797  1.30826  1.30787  1.30825          247       9            0  1.30826  1.30787  1.30825  1.30797  1.30916  1.30877  1.30915  1.30887  1.30736  1.30697  1.30735  1.30707
216 2024-10-09 11:00:00  1.30824  1.30848  1.30804  1.30829          378       9            0  1.30848  1.30804  1.30829  1.30824  1.30938  1.30894  1.30919  1.30914  1.30758  1.30714  1.30739  1.30734
217 2024-10-09 11:05:00  1.30830  1.30855  1.30823  1.30842          186      10            0  1.30855  1.30823  1.30842  1.30830  1.30955  1.30923  1.30942  1.30930  1.30755  1.30723  1.30742  1.30730
218 2024-10-09 11:10:00  1.30843  1.30892  1.30840  1.30885          245       9            0  1.30892  1.30840  1.30885  1.30843  1.30982  1.30930  1.30975  1.30933  1.30802  1.30750  1.30795  1.30753

[219 rows x 20 columns]
2024-10-09 *** 09:18:24 process_candles:
       PAIR                time    mid_c    mid_o     BB_UP     BB_MA     BB_LW        SL        TP  SPREAD      GAIN      LOSS  SIGNAL
214  GBPUSD 2024-10-09 10:50:00  1.30797  1.30800  1.308658  1.307085  1.305513  1.308147  1.306201  0.0009  0.001769  0.000177      -1
215  GBPUSD 2024-10-09 10:55:00  1.30825  1.30797  1.308878  1.307256  1.305633  1.308449  1.306261  0.0009  0.001989  0.000199      -1
216  GBPUSD 2024-10-09 11:00:00  1.30829  1.30824  1.308871  1.307503  1.306135  1.308447  1.306716  0.0009  0.001574  0.000157      -1
217  GBPUSD 2024-10-09 11:05:00  1.30842  1.30830  1.308824  1.307727  1.306630  1.308559  1.307034  0.0010  0.001386  0.000139      -1
218  GBPUSD 2024-10-09 11:10:00  1.30885  1.30843  1.308942  1.307926  1.306909  1.309035  1.307001  0.0009  0.001849  0.000185      -1
2024-10-09 *** 09:18:24 CandleWorker GBPUSD TradeDecision TradeDecision():0 GBPUSD dir:-1 gain:0.0018 loss:0.0002 sl:1.3090  tp:1.3070
2024-10-09 *** 09:18:24 TradeWorker : TradeDecision():0 GBPUSD dir:-1 gain:0.0018 loss:0.0002 sl:1.3090  tp:1.3070
2024-10-09 *** 09:18:34 Failed to place trade TradeDecision():0 GBPUSD dir:-1 gain:0.0018 loss:0.0002 sl:1.3090  tp:1.3070, already open: (TradePosition(ticket=690189299, time=1728472329, time_msc=1728472329250, time_update=1728472329, time_update_msc=1728472329250, type=0, magic=1234, identifier=690189299, reason=3, volume=0.01, price_open=1.30898, sl=0.0, tp=0.0, price_current=1.30807, swap=0.0, profit=-0.91, symbol='GBPUSD', comment='python script co', external_id=''), TradePosition(ticket=690189456, time=1728472344, time_msc=1728472344533, time_update=1728472344, time_update_msc=1728472344533, type=0, magic=123, identifier=690189456, reason=3, volume=0.01, price_open=1.30901, sl=0.0, tp=0.0, price_current=1.30807, swap=0.0, profit=-0.94, symbol='GBPUSD', comment='python script co', external_id=''))
2024-10-09 *** 09:18:44 GBPUSD ticket id:690193558 is now being monitored
2024-10-09 *** 09:19:07 GBPUSD ticket id:690193613 is now being monitored
2024-10-09 *** 09:19:23 GBPUSD ticket id:690193664 is now being monitored
2024-10-09 *** 09:19:53 GBPUSD ticket id:690193904 is now being monitored
2024-10-09 *** 09:20:22 GBPUSD ticket id:690194013 is now being monitored
2024-10-09 *** 09:20:30 GBPUSD ticket id:690194284 is now being monitored
2024-10-09 *** 09:20:35 Adding work : {'instrument': 'GBPUSD', 'ask': 1.30831, 'bid': 1.3081800000000001, 'time': datetime.datetime(2024, 10, 9, 11, 20, 29, 882000)}
