2024-10-09 *** 09:17:00 LogWrapper init() ./logs/main.log
2024-10-09 *** 09:17:00 Done setting up logs
2024-10-09 *** 09:17:14 EURJPY ticket id:690191606 is now being monitored
2024-10-09 *** 09:17:14 EURGBP ticket id:690177992 is now being monitored
2024-10-09 *** 09:17:30 EURCHF ticket id:690185427 is now being monitored
2024-10-09 *** 09:17:31 CADCHF ticket id:690186243 is now being monitored
2024-10-09 *** 09:17:32 GBPCHF ticket id:690184082 is now being monitored
2024-10-09 *** 09:17:34 EURUSD --> Current spread: 0.0011 with settings spread: 0.0015 and current est. gain is: 0.00040400000000007097 with settings mingain as: 0.0006
2024-10-09 *** 09:17:35 USDCAD ticket id:690170356 is now being monitored
2024-10-09 *** 09:17:35 GBPUSD ticket id:690189120 is now being monitored
2024-10-09 *** 09:17:44 CADCHF ticket id:690186298 is now being monitored
2024-10-09 *** 09:17:44 GBPCHF ticket id:690184500 is now being monitored
2024-10-09 *** 09:17:44 GBPJPY --> Current spread: 0.23 with settings spread: 0.14 and current est. gain is: 0.34646666666662895 with settings mingain as: 0.06
2024-10-09 *** 09:17:47 GBPUSD ticket id:690189299 is now being monitored
2024-10-09 *** 09:17:55 EURJPY --> Current spread: 0.12 with settings spread: 0.14 and current est. gain is: 0.13106666666669753 with settings mingain as: 0.06
2024-10-09 *** 09:17:55 TradeWorker : TradeDecision():0 EURJPY dir:1 gain:0.1311 loss:0.0131 sl:162.8329  tp:162.9771
2024-10-09 *** 09:17:58 CADCHF ticket id:690186403 is now being monitored
2024-10-09 *** 09:18:00 GBPCHF ticket id:690191505 is now being monitored
2024-10-09 *** 09:18:00 GBPUSD ticket id:690189456 is now being monitored
2024-10-09 *** 09:18:05 USDJPY --> Current spread: 0.18 with settings spread: 0.14 and current est. gain is: 0.06053333333335331 with settings mingain as: 0.06
2024-10-09 *** 09:18:09 GBPCHF ticket id:690191567 is now being monitored
2024-10-09 *** 09:18:24 GBPUSD --> Current spread: 0.0009000000000000001 with settings spread: 0.0015 and current est. gain is: 0.0018486666666670537 with settings mingain as: 0.0006
2024-10-09 *** 09:18:24 TradeWorker : TradeDecision():0 GBPUSD dir:-1 gain:0.0018 loss:0.0002 sl:1.3090  tp:1.3070
2024-10-09 *** 09:18:25 GBPCHF ticket id:690191674 is now being monitored
2024-10-09 *** 09:18:30 EURGBP --> Current spread: 0.0008 with settings spread: 0.0015 and current est. gain is: 0.0008300000000001084 with settings mingain as: 0.0006
2024-10-09 *** 09:18:38 TradeWorker : TradeDecision():0 EURGBP dir:1 gain:0.0008 loss:0.0001 sl:0.8375  tp:0.8384
2024-10-09 *** 09:18:40 EURCHF --> Current spread: 0.0012000000000000001 with settings spread: 0.0015 and current est. gain is: 0.00031733333333350267 with settings mingain as: 0.0006
2024-10-09 *** 09:18:42 GBPUSD ticket id:690193558 is now being monitored
2024-10-09 *** 09:18:48 GBPCHF --> Current spread: 0.0012000000000000001 with settings spread: 0.0015 and current est. gain is: 0.00076733333333312 with settings mingain as: 0.0006
2024-10-09 *** 09:18:48 TradeWorker : TradeDecision():0 GBPCHF dir:-1 gain:0.0008 loss:0.0001 sl:1.1213  tp:1.1205
2024-10-09 *** 09:18:55 EURGBP ticket id:690193629 is now being monitored
2024-10-09 *** 09:19:04 GBPUSD ticket id:690193613 is now being monitored
2024-10-09 *** 09:19:05 USDCAD --> Current spread: 0.0013000000000000002 with settings spread: 0.0015 and current est. gain is: 0.000496000000000052 with settings mingain as: 0.0006
2024-10-09 *** 09:19:14 AUDUSD --> Current spread: 0.0016 with settings spread: 0.0015 and current est. gain is: 0.0002366666666666628 with settings mingain as: 0.0006
2024-10-09 *** 09:19:21 GBPUSD ticket id:690193664 is now being monitored
2024-10-09 *** 09:19:22 AUDCAD --> Current spread: 0.0016 with settings spread: 0.0015 and current est. gain is: 0.0006626666666667003 with settings mingain as: 0.0006
2024-10-09 *** 09:19:27 
   instrument                    time        ask        bid
0      EURUSD 2024-10-09 11:17:08.123    1.09628    1.09615
1      GBPJPY 2024-10-09 11:17:18.395  194.31800  194.29200
2      EURJPY 2024-10-09 11:17:40.059  162.78500  162.77100
3      USDJPY 2024-10-09 11:17:52.859  148.51400  148.49400
4      GBPUSD 2024-10-09 11:18:04.315    1.30830    1.30813
5      EURGBP 2024-10-09 11:18:16.762    0.83802    0.83790
6      EURCHF 2024-10-09 11:18:28.410    0.93927    0.93911
7      GBPCHF 2024-10-09 11:18:40.890    1.12089    1.12072
8      USDCAD 2024-10-09 11:18:47.002    1.36729    1.36713
9      AUDUSD 2024-10-09 11:19:01.628    0.67300    0.67282
10     AUDCAD 2024-10-09 11:19:13.436    0.92005    0.91986
11     CADCHF 2024-10-09 11:19:20.987    0.62685    0.62671
2024-10-09 *** 09:19:31 CADCHF --> Current spread: 0.0012000000000000001 with settings spread: 0.0015 and current est. gain is: 0.0006586666666668073 with settings mingain as: 0.0006
2024-10-09 *** 09:19:31 TradeWorker : TradeDecision():0 CADCHF dir:-1 gain:0.0007 loss:0.0001 sl:0.6268  tp:0.6260
2024-10-09 *** 09:19:50 GBPUSD ticket id:690193904 is now being monitored
2024-10-09 *** 09:20:17 GBPUSD ticket id:690194013 is now being monitored
2024-10-09 *** 09:20:23 EURUSD --> Current spread: 0.0011 with settings spread: 0.0015 and current est. gain is: 0.00015933333333340016 with settings mingain as: 0.0006
2024-10-09 *** 09:20:28 GBPUSD ticket id:690194284 is now being monitored
2024-10-09 *** 09:20:29 GBPJPY --> Current spread: 0.24 with settings spread: 0.14 and current est. gain is: 0.01046666666661622 with settings mingain as: 0.06
2024-10-09 *** 09:20:37 EURJPY --> Current spread: 0.13 with settings spread: 0.14 and current est. gain is: 0.059733333333326755 with settings mingain as: 0.06
2024-10-09 *** 09:20:46 USDJPY --> Current spread: 0.17 with settings spread: 0.14 and current est. gain is: 0.03246666666666442 with settings mingain as: 0.06
