2024-10-09 *** 09:17:00 LogWrapper init() ./logs/USDCAD.log
2024-10-09 *** 09:17:00 USDCAD
2024-10-09 *** 09:17:37 USDCAD ticket id:690170356 is now being monitored
2024-10-09 *** 09:19:01 Adding work : {'instrument': 'USDCAD', 'ask': 1.3672900000000001, 'bid': 1.36713, 'time': datetime.datetime(2024, 10, 9, 11, 18, 47, 2000)}
2024-10-09 *** 09:19:05                    time     open     high      low    close  tick_volume  spread  real_volume    mid_h    mid_l    mid_c    mid_o    ask_h    ask_l    ask_c    ask_o    bid_h    bid_l    bid_c    bid_o
0   2024-10-08 16:55:00  1.36548  1.36559  1.36523  1.36526          435      13            0  1.36559  1.36523  1.36526  1.36548  1.36689  1.36653  1.36656  1.36678  1.36429  1.36393  1.36396  1.36418
1   2024-10-08 17:00:00  1.36526  1.36527  1.36484  1.36487          365      14            0  1.36527  1.36484  1.36487  1.36526  1.36667  1.36624  1.36627  1.36666  1.36387  1.36344  1.36347  1.36386
2   2024-10-08 17:05:00  1.36484  1.36528  1.36477  1.36508          414      12            0  1.36528  1.36477  1.36508  1.36484  1.36648  1.36597  1.36628  1.36604  1.36408  1.36357  1.36388  1.36364
3   2024-10-08 17:10:00  1.36507  1.36550  1.36505  1.36547          349      13            0  1.36550  1.36505  1.36547  1.36507  1.36680  1.36635  1.36677  1.36637  1.36420  1.36375  1.36417  1.36377
4   2024-10-08 17:15:00  1.36547  1.36567  1.36531  1.36547          396      14            0  1.36567  1.36531  1.36547  1.36547  1.36707  1.36671  1.36687  1.36687  1.36427  1.36391  1.36407  1.36407
..                  ...      ...      ...      ...      ...          ...     ...          ...      ...      ...      ...      ...      ...      ...      ...      ...      ...      ...      ...      ...
214 2024-10-09 10:50:00  1.36674  1.36693  1.36667  1.36689          203      13            0  1.36693  1.36667  1.36689  1.36674  1.36823  1.36797  1.36819  1.36804  1.36563  1.36537  1.36559  1.36544
215 2024-10-09 10:55:00  1.36689  1.36692  1.36674  1.36685          191      13            0  1.36692  1.36674  1.36685  1.36689  1.36822  1.36804  1.36815  1.36819  1.36562  1.36544  1.36555  1.36559
216 2024-10-09 11:00:00  1.36685  1.36698  1.36677  1.36694          210      14            0  1.36698  1.36677  1.36694  1.36685  1.36838  1.36817  1.36834  1.36825  1.36558  1.36537  1.36554  1.36545
217 2024-10-09 11:05:00  1.36693  1.36701  1.36685  1.36698          146      14            0  1.36701  1.36685  1.36698  1.36693  1.36841  1.36825  1.36838  1.36833  1.36561  1.36545  1.36558  1.36553
218 2024-10-09 11:10:00  1.36697  1.36700  1.36672  1.36693          131      13            0  1.36700  1.36672  1.36693  1.36697  1.36830  1.36802  1.36823  1.36827  1.36570  1.36542  1.36563  1.36567

[219 rows x 20 columns]
2024-10-09 *** 09:19:05 process_candles:
       PAIR                time    mid_c    mid_o     BB_UP     BB_MA     BB_LW        SL        TP  SPREAD      GAIN      LOSS  SIGNAL
214  USDCAD 2024-10-09 10:50:00  1.36689  1.36674  1.366834  1.366490  1.366146  1.366810  1.367689  0.0013  0.000799  0.000080       1
215  USDCAD 2024-10-09 10:55:00  1.36685  1.36689  1.366931  1.366537  1.366143  1.366787  1.367476  0.0013  0.000626  0.000063       1
216  USDCAD 2024-10-09 11:00:00  1.36694  1.36685  1.367025  1.366569  1.366113  1.366866  1.367682  0.0014  0.000742  0.000074       1
217  USDCAD 2024-10-09 11:05:00  1.36698  1.36693  1.367118  1.366625  1.366132  1.366909  1.367691  0.0014  0.000711  0.000071       1
218  USDCAD 2024-10-09 11:10:00  1.36693  1.36697  1.367145  1.366682  1.366219  0.000000  0.000000  0.0013  0.000496  1.366930       0
