2024-10-09 *** 09:17:00 LogWrapper init() ./logs/USDJPY.log
2024-10-09 *** 09:17:00 USDJPY
2024-10-09 *** 09:18:02 Adding work : {'instrument': 'USDJPY', 'ask': 148.514, 'bid': 148.494, 'time': datetime.datetime(2024, 10, 9, 11, 17, 52, 859000)}
2024-10-09 *** 09:18:05                    time     open     high      low    close  tick_volume  spread  real_volume    mid_h    mid_l    mid_c    mid_o    ask_h    ask_l    ask_c    ask_o    bid_h    bid_l    bid_c    bid_o
0   2024-10-08 16:50:00  148.132  148.206  148.100  148.198          443      18            0  148.206  148.100  148.198  148.132  148.386  148.280  148.378  148.312  148.026  147.920  148.018  147.952
1   2024-10-08 16:55:00  148.200  148.278  148.170  148.244          550      17            0  148.278  148.170  148.244  148.200  148.448  148.340  148.414  148.370  148.108  148.000  148.074  148.030
2   2024-10-08 17:00:00  148.245  148.313  148.219  148.236          392      18            0  148.313  148.219  148.236  148.245  148.493  148.399  148.416  148.425  148.133  148.039  148.056  148.065
3   2024-10-08 17:05:00  148.236  148.270  148.208  148.219          428      17            0  148.270  148.208  148.219  148.236  148.440  148.378  148.389  148.406  148.100  148.038  148.049  148.066
4   2024-10-08 17:10:00  148.223  148.237  148.177  148.225          417      18            0  148.237  148.177  148.225  148.223  148.417  148.357  148.405  148.403  148.057  147.997  148.045  148.043
..                  ...      ...      ...      ...      ...          ...     ...          ...      ...      ...      ...      ...      ...      ...      ...      ...      ...      ...      ...      ...
214 2024-10-09 10:50:00  148.514  148.555  148.484  148.494          308      18            0  148.555  148.484  148.494  148.514  148.735  148.664  148.674  148.694  148.375  148.304  148.314  148.334
215 2024-10-09 10:55:00  148.496  148.541  148.468  148.536          314      17            0  148.541  148.468  148.536  148.496  148.711  148.638  148.706  148.666  148.371  148.298  148.366  148.326
216 2024-10-09 11:00:00  148.535  148.603  148.535  148.594          360      18            0  148.603  148.535  148.594  148.535  148.783  148.715  148.774  148.715  148.423  148.355  148.414  148.355
217 2024-10-09 11:05:00  148.595  148.606  148.528  148.537          306      18            0  148.606  148.528  148.537  148.595  148.786  148.708  148.717  148.775  148.426  148.348  148.357  148.415
218 2024-10-09 11:10:00  148.537  148.584  148.508  148.526          378      18            0  148.584  148.508  148.526  148.537  148.764  148.688  148.706  148.717  148.404  148.328  148.346  148.357

[219 rows x 20 columns]
2024-10-09 *** 09:18:05 process_candles:
       PAIR                time    mid_c    mid_o       BB_UP       BB_MA       BB_LW   SL   TP  SPREAD      GAIN     LOSS  SIGNAL
214  USDJPY 2024-10-09 10:50:00  148.494  148.514  148.573650  148.405933  148.238216  0.0  0.0    0.18  0.176133  148.494       0
215  USDJPY 2024-10-09 10:55:00  148.536  148.496  148.591108  148.426900  148.262692  0.0  0.0    0.17  0.218200  148.536       0
216  USDJPY 2024-10-09 11:00:00  148.594  148.535  148.616932  148.454733  148.292534  0.0  0.0    0.18  0.278533  148.594       0
217  USDJPY 2024-10-09 11:05:00  148.537  148.595  148.624220  148.477633  148.331047  0.0  0.0    0.18  0.118733  148.537       0
218  USDJPY 2024-10-09 11:10:00  148.526  148.537  148.619822  148.495733  148.371645  0.0  0.0    0.18  0.060533  148.526       0
2024-10-09 *** 09:20:28 Adding work : {'instrument': 'USDJPY', 'ask': 148.505, 'bid': 148.485, 'time': datetime.datetime(2024, 10, 9, 11, 20, 21, 691000)}
2024-10-09 *** 09:20:46                    time     open     high      low    close  tick_volume  spread  real_volume    mid_h    mid_l    mid_c    mid_o    ask_h    ask_l    ask_c    ask_o    bid_h    bid_l    bid_c    bid_o
0   2024-10-08 16:55:00  148.200  148.278  148.170  148.244          550      17            0  148.278  148.170  148.244  148.200  148.448  148.340  148.414  148.370  148.108  148.000  148.074  148.030
1   2024-10-08 17:00:00  148.245  148.313  148.219  148.236          392      18            0  148.313  148.219  148.236  148.245  148.493  148.399  148.416  148.425  148.133  148.039  148.056  148.065
2   2024-10-08 17:05:00  148.236  148.270  148.208  148.219          428      17            0  148.270  148.208  148.219  148.236  148.440  148.378  148.389  148.406  148.100  148.038  148.049  148.066
3   2024-10-08 17:10:00  148.223  148.237  148.177  148.225          417      18            0  148.237  148.177  148.225  148.223  148.417  148.357  148.405  148.403  148.057  147.997  148.045  148.043
4   2024-10-08 17:15:00  148.224  148.225  148.117  148.118          381      17            0  148.225  148.117  148.118  148.224  148.395  148.287  148.288  148.394  148.055  147.947  147.948  148.054
..                  ...      ...      ...      ...      ...          ...     ...          ...      ...      ...      ...      ...      ...      ...      ...      ...      ...      ...      ...      ...
214 2024-10-09 10:55:00  148.496  148.541  148.468  148.536          314      17            0  148.541  148.468  148.536  148.496  148.711  148.638  148.706  148.666  148.371  148.298  148.366  148.326
215 2024-10-09 11:00:00  148.535  148.603  148.535  148.594          360      18            0  148.603  148.535  148.594  148.535  148.783  148.715  148.774  148.715  148.423  148.355  148.414  148.355
216 2024-10-09 11:05:00  148.595  148.606  148.528  148.537          306      18            0  148.606  148.528  148.537  148.595  148.786  148.708  148.717  148.775  148.426  148.348  148.357  148.415
217 2024-10-09 11:10:00  148.537  148.584  148.508  148.526          378      18            0  148.584  148.508  148.526  148.537  148.764  148.688  148.706  148.717  148.404  148.328  148.346  148.357
218 2024-10-09 11:15:00  148.526  148.533  148.488  148.492          417      17            0  148.533  148.488  148.492  148.526  148.703  148.658  148.662  148.696  148.363  148.318  148.322  148.356

[219 rows x 20 columns]
2024-10-09 *** 09:20:46 process_candles:
       PAIR                time    mid_c    mid_o       BB_UP       BB_MA       BB_LW   SL   TP  SPREAD      GAIN     LOSS  SIGNAL
214  USDJPY 2024-10-09 10:55:00  148.536  148.496  148.591108  148.426900  148.262692  0.0  0.0    0.17  0.218200  148.536       0
215  USDJPY 2024-10-09 11:00:00  148.594  148.535  148.616932  148.454733  148.292534  0.0  0.0    0.18  0.278533  148.594       0
216  USDJPY 2024-10-09 11:05:00  148.537  148.595  148.624220  148.477633  148.331047  0.0  0.0    0.18  0.118733  148.537       0
217  USDJPY 2024-10-09 11:10:00  148.526  148.537  148.619822  148.495733  148.371645  0.0  0.0    0.18  0.060533  148.526       0
218  USDJPY 2024-10-09 11:15:00  148.492  148.526  148.601586  148.508233  148.414881  0.0  0.0    0.17  0.032467  148.492       0
